#
# There is insufficient memory for the Java Runtime Environment to continue.
# Native memory allocation (malloc) failed to allocate 173392 bytes for Chunk::new
# Possible reasons:
#   The system is out of physical RAM or swap space
#   The process is running with CompressedOops enabled, and the Java Heap may be blocking the growth of the native heap
# Possible solutions:
#   Reduce memory load on the system
#   Increase physical memory or swap space
#   Check if swap backing store is full
#   Decrease Java heap size (-Xmx/-Xms)
#   Decrease number of Java threads
#   Decrease Java thread stack sizes (-Xss)
#   Set larger code cache with -XX:ReservedCodeCacheSize=
#   JVM is running with Unscaled Compressed Oops mode in which the Java heap is
#     placed in the first 4GB address space. The Java Heap base address is the
#     maximum limit for the native heap growth. Please use -XX:HeapBaseMinAddress
#     to set the Java Heap base and to place the Java Heap above 4GB virtual address.
# This output file may be truncated or incomplete.
#
#  Out of Memory Error (arena.cpp:189), pid=13352, tid=11060
#
# JRE version: OpenJDK Runtime Environment Temurin-17.0.4.1+1 (17.0.4.1+1) (build 17.0.4.1+1)
# Java VM: OpenJDK 64-Bit Server VM Temurin-17.0.4.1+1 (17.0.4.1+1, mixed mode, tiered, compressed oops, compressed class ptrs, parallel gc, windows-amd64)
# No core dump will be written. Minidumps are not enabled by default on client versions of Windows
#

---------------  S U M M A R Y ------------

Command Line: --add-modules=ALL-SYSTEM --add-opens=java.base/java.util=ALL-UNNAMED --add-opens=java.base/java.lang=ALL-UNNAMED --add-opens=java.base/sun.nio.fs=ALL-UNNAMED -Declipse.application=org.eclipse.jdt.ls.core.id1 -Dosgi.bundles.defaultStartLevel=4 -Declipse.product=org.eclipse.jdt.ls.core.product -Djava.import.generatesMetadataFilesAtProjectRoot=false -Dfile.encoding=utf8 -DwatchParentProcess=false -XX:+UseParallelGC -XX:GCTimeRatio=4 -XX:AdaptiveSizePolicyWeight=90 -Dsun.zip.disableMemoryMapping=true -Xmx1G -Xms100m -Xlog:disable -javaagent:c:\Users\wuzhe\.vscode\extensions\redhat.java-1.11.0-win32-x64\lombok\lombok-1.18.24.jar c:\Users\wuzhe\.vscode\extensions\redhat.java-1.11.0-win32-x64\server\plugins\org.eclipse.equinox.launcher_1.6.400.v20210924-0641.jar -configuration c:\Users\wuzhe\AppData\Roaming\Code\User\globalStorage\redhat.java\1.11.0\config_ss_win -data c:\Users\wuzhe\AppData\Roaming\Code\User\workspaceStorage\57a35751da7d4463364ea55e45586fe2\redhat.java\ss_ws

Host: Intel(R) Core(TM) i5-6200U CPU @ 2.30GHz, 4 cores, 3G,  Windows 10 , 64 bit Build 19041 (10.0.19041.1889)
Time: Fri Oct 14 12:23:44 2022 Central Daylight Time elapsed time: 12.107390 seconds (0d 0h 0m 12s)

---------------  T H R E A D  ---------------

Current thread (0x000001ee37daff70):  JavaThread "C2 CompilerThread0" daemon [_thread_in_native, id=11060, stack(0x000000d8e5b00000,0x000000d8e5c00000)]


Current CompileTask:
C2:  12107 3360       4       jdk.internal.jrtfs.JrtFileSystem$$Lambda$182/0x00000001003934d8::apply (16 bytes)

Stack: [0x000000d8e5b00000,0x000000d8e5c00000]
Native frames: (J=compiled Java code, j=interpreted, Vv=VM code, C=native code)
V  [jvm.dll+0x67731a]
V  [jvm.dll+0x832284]
V  [jvm.dll+0x833a2e]
V  [jvm.dll+0x834093]
V  [jvm.dll+0x245775]
V  [jvm.dll+0xabd7b]
V  [jvm.dll+0xac30c]
V  [jvm.dll+0x11dbb7]
V  [jvm.dll+0x6096a5]
V  [jvm.dll+0x607d74]
V  [jvm.dll+0x2184f8]
V  [jvm.dll+0x217aa1]
V  [jvm.dll+0x1a3f8d]
V  [jvm.dll+0x227498]
V  [jvm.dll+0x2255e5]
V  [jvm.dll+0x7e7e9b]
V  [jvm.dll+0x7e240a]
V  [jvm.dll+0x6761a5]
C  [ucrtbase.dll+0x21bb2]
C  [KERNEL32.DLL+0x17034]
C  [ntdll.dll+0x526a1]


---------------  P R O C E S S  ---------------

Threads class SMR info:
_java_thread_list=0x000001ee3b299b10, length=21, elements={
0x000001ee23f5d640, 0x000001ee37d81760, 0x000001ee37d82310, 0x000001ee37da9160,
0x000001ee37da9d10, 0x000001ee37daa8c0, 0x000001ee37dad280, 0x000001ee37daff70,
0x000001ee37db0960, 0x000001ee37df9ab0, 0x000001ee37dfe9e0, 0x000001ee39ad8290,
0x000001ee3a083300, 0x000001ee3a0b40d0, 0x000001ee3a0e9250, 0x000001ee3ad409d0,
0x000001ee3a2a5620, 0x000001ee3adcf5f0, 0x000001ee3ae47230, 0x000001ee3ae48a40,
0x000001ee3ae45ef0
}

Java Threads: ( => current thread )
  0x000001ee23f5d640 JavaThread "main" [_thread_blocked, id=9008, stack(0x000000d8e5200000,0x000000d8e5300000)]
  0x000001ee37d81760 JavaThread "Reference Handler" daemon [_thread_blocked, id=840, stack(0x000000d8e5500000,0x000000d8e5600000)]
  0x000001ee37d82310 JavaThread "Finalizer" daemon [_thread_blocked, id=11584, stack(0x000000d8e5600000,0x000000d8e5700000)]
  0x000001ee37da9160 JavaThread "Signal Dispatcher" daemon [_thread_blocked, id=19440, stack(0x000000d8e5700000,0x000000d8e5800000)]
  0x000001ee37da9d10 JavaThread "Attach Listener" daemon [_thread_blocked, id=1140, stack(0x000000d8e5800000,0x000000d8e5900000)]
  0x000001ee37daa8c0 JavaThread "Service Thread" daemon [_thread_blocked, id=15628, stack(0x000000d8e5900000,0x000000d8e5a00000)]
  0x000001ee37dad280 JavaThread "Monitor Deflation Thread" daemon [_thread_blocked, id=10384, stack(0x000000d8e5a00000,0x000000d8e5b00000)]
=>0x000001ee37daff70 JavaThread "C2 CompilerThread0" daemon [_thread_in_native, id=11060, stack(0x000000d8e5b00000,0x000000d8e5c00000)]
  0x000001ee37db0960 JavaThread "C1 CompilerThread0" daemon [_thread_blocked, id=11200, stack(0x000000d8e5c00000,0x000000d8e5d00000)]
  0x000001ee37df9ab0 JavaThread "Sweeper thread" daemon [_thread_blocked, id=9972, stack(0x000000d8e5d00000,0x000000d8e5e00000)]
  0x000001ee37dfe9e0 JavaThread "Common-Cleaner" daemon [_thread_blocked, id=10624, stack(0x000000d8e5e00000,0x000000d8e5f00000)]
  0x000001ee39ad8290 JavaThread "Notification Thread" daemon [_thread_blocked, id=7688, stack(0x000000d8e5f00000,0x000000d8e6000000)]
  0x000001ee3a083300 JavaThread "Active Thread: Equinox Container: a1914959-c5d7-40af-8d53-716cd3223aae" [_thread_blocked, id=12996, stack(0x000000d8e6400000,0x000000d8e6500000)]
  0x000001ee3a0b40d0 JavaThread "Framework Event Dispatcher: Equinox Container: a1914959-c5d7-40af-8d53-716cd3223aae" daemon [_thread_blocked, id=2288, stack(0x000000d8e6500000,0x000000d8e6600000)]
  0x000001ee3a0e9250 JavaThread "Start Level: Equinox Container: a1914959-c5d7-40af-8d53-716cd3223aae" daemon [_thread_blocked, id=9940, stack(0x000000d8e6600000,0x000000d8e6700000)]
  0x000001ee3ad409d0 JavaThread "SCR Component Actor" daemon [_thread_blocked, id=10976, stack(0x000000d8e6700000,0x000000d8e6800000)]
  0x000001ee3a2a5620 JavaThread "Worker-JM" [_thread_blocked, id=15984, stack(0x000000d8e6900000,0x000000d8e6a00000)]
  0x000001ee3adcf5f0 JavaThread "Worker-0" [_thread_blocked, id=19008, stack(0x000000d8e6a00000,0x000000d8e6b00000)]
  0x000001ee3ae47230 JavaThread "Worker-1" [_thread_blocked, id=16468, stack(0x000000d8e6b00000,0x000000d8e6c00000)]
  0x000001ee3ae48a40 JavaThread "pool-1-thread-1" [_thread_in_vm, id=17812, stack(0x000000d8e6e00000,0x000000d8e6f00000)]
  0x000001ee3ae45ef0 JavaThread "Worker-2" [_thread_blocked, id=8364, stack(0x000000d8e6800000,0x000000d8e6900000)]

Other Threads:
  0x000001ee37d68020 VMThread "VM Thread" [stack: 0x000000d8e5400000,0x000000d8e5500000] [id=8452]
  0x000001ee39a4e810 WatcherThread [stack: 0x000000d8e6000000,0x000000d8e6100000] [id=10664]
  0x000001ee23f73000 GCTaskThread "GC Thread#0" [stack: 0x000000d8e5300000,0x000000d8e5400000] [id=17656]
  0x000001ee39e4f330 GCTaskThread "GC Thread#1" [stack: 0x000000d8e6100000,0x000000d8e6200000] [id=16444]
  0x000001ee39e4c280 GCTaskThread "GC Thread#2" [stack: 0x000000d8e6200000,0x000000d8e6300000] [id=15688]
  0x000001ee39e4c530 GCTaskThread "GC Thread#3" [stack: 0x000000d8e6300000,0x000000d8e6400000] [id=1692]

Threads with active compile tasks:
C2 CompilerThread0    12169 3360       4       jdk.internal.jrtfs.JrtFileSystem$$Lambda$182/0x00000001003934d8::apply (16 bytes)

VM state: not at safepoint (normal execution)

VM Mutex/Monitor currently owned by a thread: None

Heap address: 0x00000000c0000000, size: 1024 MB, Compressed Oops mode: 32-bit

CDS archive(s) not mapped
Compressed class space mapped at: 0x0000000100000000-0x0000000140000000, reserved size: 1073741824
Narrow klass base: 0x0000000000000000, Narrow klass shift: 3, Narrow klass range: 0x140000000

GC Precious Log:
 CPUs: 4 total, 4 available
 Memory: 3979M
 Large Page Support: Disabled
 NUMA Support: Disabled
 Compressed Oops: Enabled (32-bit)
 Alignments: Space 512K, Generation 512K, Heap 2M
 Heap Min Capacity: 100M
 Heap Initial Capacity: 100M
 Heap Max Capacity: 1G
 Pre-touch: Disabled
 Parallel Workers: 4

Heap:
 PSYoungGen      total 23040K, used 16705K [0x00000000eab00000, 0x00000000ec580000, 0x0000000100000000)
  eden space 20480K, 69% used [0x00000000eab00000,0x00000000eb8f0738,0x00000000ebf00000)
  from space 2560K, 95% used [0x00000000ec300000,0x00000000ec560010,0x00000000ec580000)
  to   space 3072K, 0% used [0x00000000ebf80000,0x00000000ebf80000,0x00000000ec280000)
 ParOldGen       total 68608K, used 18525K [0x00000000c0000000, 0x00000000c4300000, 0x00000000eab00000)
  object space 68608K, 27% used [0x00000000c0000000,0x00000000c1217638,0x00000000c4300000)
 Metaspace       used 34932K, committed 35584K, reserved 1081344K
  class space    used 3540K, committed 3840K, reserved 1048576K

Card table byte_map: [0x000001ee23920000,0x000001ee23b30000] _byte_map_base: 0x000001ee23320000

Marking Bits: (ParMarkBitMap*) 0x00007ff8f01b2cc0
 Begin Bits: [0x000001ee35c00000, 0x000001ee36c00000)
 End Bits:   [0x000001ee36c00000, 0x000001ee37c00000)

Polling page: 0x000001ee21e30000

Metaspace:

Usage:
  Non-class:     30.66 MB used.
      Class:      3.46 MB used.
       Both:     34.11 MB used.

Virtual space:
  Non-class space:       32.00 MB reserved,      31.00 MB ( 97%) committed,  4 nodes.
      Class space:        1.00 GB reserved,       3.75 MB ( <1%) committed,  1 nodes.
             Both:        1.03 GB reserved,      34.75 MB (  3%) committed. 

Chunk freelists:
   Non-Class:  80.00 KB
       Class:  289.00 KB
        Both:  369.00 KB

MaxMetaspaceSize: unlimited
CompressedClassSpaceSize: 1.00 GB
Initial GC threshold: 21.00 MB
Current GC threshold: 35.00 MB
CDS: off
MetaspaceReclaimPolicy: balanced
 - commit_granule_bytes: 65536.
 - commit_granule_words: 8192.
 - virtual_space_node_default_size: 1048576.
 - enlarge_chunks_in_place: 1.
 - new_chunks_are_fully_committed: 0.
 - uncommit_free_chunks: 1.
 - use_allocation_guard: 0.
 - handle_deallocations: 1.


Internal statistics:

num_allocs_failed_limit: 3.
num_arena_births: 264.
num_arena_deaths: 14.
num_vsnodes_births: 5.
num_vsnodes_deaths: 0.
num_space_committed: 556.
num_space_uncommitted: 0.
num_chunks_returned_to_freelist: 17.
num_chunks_taken_from_freelist: 1281.
num_chunk_merges: 7.
num_chunk_splits: 874.
num_chunks_enlarged: 629.
num_purges: 2.
num_inconsistent_stats: 0.

CodeHeap 'non-profiled nmethods': size=120000Kb used=1356Kb max_used=1356Kb free=118644Kb
 bounds [0x000001ee2e6d0000, 0x000001ee2e940000, 0x000001ee35c00000]
CodeHeap 'profiled nmethods': size=120000Kb used=6926Kb max_used=6926Kb free=113074Kb
 bounds [0x000001ee271a0000, 0x000001ee27870000, 0x000001ee2e6d0000]
CodeHeap 'non-nmethods': size=5760Kb used=1255Kb max_used=1303Kb free=4504Kb
 bounds [0x000001ee26c00000, 0x000001ee26e70000, 0x000001ee271a0000]
 total_blobs=3969 nmethods=3397 adapters=485
 compilation: enabled
              stopped_count=0, restarted_count=0
 full_count=0

Compilation events (20 events):
Event: 12.096 Thread 0x000001ee37db0960 nmethod 3417 0x000001ee2784ad90 code [0x000001ee2784af40, 0x000001ee2784b0a8]
Event: 12.096 Thread 0x000001ee37db0960 3418   !   2       org.eclipse.jdt.ls.core.internal.managers.ProjectsManager::lambda$0 (58 bytes)
Event: 12.097 Thread 0x000001ee37db0960 nmethod 3418 0x000001ee2784b190 code [0x000001ee2784b3c0, 0x000001ee2784b858]
Event: 12.097 Thread 0x000001ee37db0960 3419       2       org.eclipse.jdt.internal.core.PackageFragmentInfo::containsJavaResources (12 bytes)
Event: 12.097 Thread 0x000001ee37db0960 nmethod 3419 0x000001ee2784bc10 code [0x000001ee2784bda0, 0x000001ee2784bef8]
Event: 12.097 Thread 0x000001ee37db0960 3420       2       org.eclipse.jdt.internal.core.JavaModelManager::getTemporaryCache (33 bytes)
Event: 12.098 Thread 0x000001ee37db0960 nmethod 3420 0x000001ee2784bf90 code [0x000001ee2784c140, 0x000001ee2784c358]
Event: 12.098 Thread 0x000001ee37db0960 3421       1       org.eclipse.jdt.internal.core.JarEntryResource::setParent (6 bytes)
Event: 12.098 Thread 0x000001ee37db0960 nmethod 3421 0x000001ee2e821e10 code [0x000001ee2e821fa0, 0x000001ee2e822078]
Event: 12.098 Thread 0x000001ee37db0960 3422       2       org.eclipse.core.runtime.Path::<init> (9 bytes)
Event: 12.098 Thread 0x000001ee37db0960 nmethod 3422 0x000001ee2784c490 code [0x000001ee2784c620, 0x000001ee2784c748]
Event: 12.098 Thread 0x000001ee37db0960 3423       2       org.eclipse.core.runtime.Path::computeSegments (169 bytes)
Event: 12.100 Thread 0x000001ee37db0960 nmethod 3423 0x000001ee2784c810 code [0x000001ee2784ca80, 0x000001ee2784d4c8]
Event: 12.100 Thread 0x000001ee37db0960 3424       2       org.eclipse.core.runtime.Path::canonicalize (99 bytes)
Event: 12.101 Thread 0x000001ee37db0960 nmethod 3424 0x000001ee2784db90 code [0x000001ee2784dd80, 0x000001ee2784e218]
Event: 12.101 Thread 0x000001ee37db0960 3427       2       org.eclipse.core.runtime.Path::computeSegmentCount (90 bytes)
Event: 12.103 Thread 0x000001ee37db0960 nmethod 3427 0x000001ee2784e590 code [0x000001ee2784e7a0, 0x000001ee2784ed98]
Event: 12.103 Thread 0x000001ee37db0960 3430       2       org.eclipse.jdt.internal.core.OpenableElementInfo::<init> (17 bytes)
Event: 12.103 Thread 0x000001ee37db0960 nmethod 3430 0x000001ee2784f190 code [0x000001ee2784f320, 0x000001ee2784f458]
Event: 12.103 Thread 0x000001ee37db0960 3431   !   2       org.eclipse.jdt.internal.core.Openable::generateInfos (281 bytes)

GC Heap History (20 events):
Event: 6.161 GC heap before
{Heap before GC invocations=4 (full 0):
 PSYoungGen      total 29696K, used 9602K [0x00000000eab00000, 0x00000000ecc00000, 0x0000000100000000)
  eden space 25600K, 21% used [0x00000000eab00000,0x00000000eb061dd0,0x00000000ec400000)
  from space 4096K, 99% used [0x00000000ec400000,0x00000000ec7fec30,0x00000000ec800000)
  to   space 4096K, 0% used [0x00000000ec800000,0x00000000ec800000,0x00000000ecc00000)
 ParOldGen       total 68608K, used 2683K [0x00000000c0000000, 0x00000000c4300000, 0x00000000eab00000)
  object space 68608K, 3% used [0x00000000c0000000,0x00000000c029efa0,0x00000000c4300000)
 Metaspace       used 21117K, committed 21504K, reserved 1073152K
  class space    used 2147K, committed 2368K, reserved 1048576K
}
Event: 6.168 GC heap after
{Heap after GC invocations=4 (full 0):
 PSYoungGen      total 29696K, used 4069K [0x00000000eab00000, 0x00000000ecc00000, 0x0000000100000000)
  eden space 25600K, 0% used [0x00000000eab00000,0x00000000eab00000,0x00000000ec400000)
  from space 4096K, 99% used [0x00000000ec800000,0x00000000ecbf9420,0x00000000ecc00000)
  to   space 4096K, 0% used [0x00000000ec400000,0x00000000ec400000,0x00000000ec800000)
 ParOldGen       total 68608K, used 3241K [0x00000000c0000000, 0x00000000c4300000, 0x00000000eab00000)
  object space 68608K, 4% used [0x00000000c0000000,0x00000000c032a7b0,0x00000000c4300000)
 Metaspace       used 21117K, committed 21504K, reserved 1073152K
  class space    used 2147K, committed 2368K, reserved 1048576K
}
Event: 6.168 GC heap before
{Heap before GC invocations=5 (full 1):
 PSYoungGen      total 29696K, used 4069K [0x00000000eab00000, 0x00000000ecc00000, 0x0000000100000000)
  eden space 25600K, 0% used [0x00000000eab00000,0x00000000eab00000,0x00000000ec400000)
  from space 4096K, 99% used [0x00000000ec800000,0x00000000ecbf9420,0x00000000ecc00000)
  to   space 4096K, 0% used [0x00000000ec400000,0x00000000ec400000,0x00000000ec800000)
 ParOldGen       total 68608K, used 3241K [0x00000000c0000000, 0x00000000c4300000, 0x00000000eab00000)
  object space 68608K, 4% used [0x00000000c0000000,0x00000000c032a7b0,0x00000000c4300000)
 Metaspace       used 21117K, committed 21504K, reserved 1073152K
  class space    used 2147K, committed 2368K, reserved 1048576K
}
Event: 6.224 GC heap after
{Heap after GC invocations=5 (full 1):
 PSYoungGen      total 29696K, used 0K [0x00000000eab00000, 0x00000000ecc00000, 0x0000000100000000)
  eden space 25600K, 0% used [0x00000000eab00000,0x00000000eab00000,0x00000000ec400000)
  from space 4096K, 0% used [0x00000000ec800000,0x00000000ec800000,0x00000000ecc00000)
  to   space 4096K, 0% used [0x00000000ec400000,0x00000000ec400000,0x00000000ec800000)
 ParOldGen       total 68608K, used 7187K [0x00000000c0000000, 0x00000000c4300000, 0x00000000eab00000)
  object space 68608K, 10% used [0x00000000c0000000,0x00000000c0704e48,0x00000000c4300000)
 Metaspace       used 21104K, committed 21504K, reserved 1073152K
  class space    used 2143K, committed 2368K, reserved 1048576K
}
Event: 6.751 GC heap before
{Heap before GC invocations=6 (full 1):
 PSYoungGen      total 29696K, used 25600K [0x00000000eab00000, 0x00000000ecc00000, 0x0000000100000000)
  eden space 25600K, 100% used [0x00000000eab00000,0x00000000ec400000,0x00000000ec400000)
  from space 4096K, 0% used [0x00000000ec800000,0x00000000ec800000,0x00000000ecc00000)
  to   space 4096K, 0% used [0x00000000ec400000,0x00000000ec400000,0x00000000ec800000)
 ParOldGen       total 68608K, used 7187K [0x00000000c0000000, 0x00000000c4300000, 0x00000000eab00000)
  object space 68608K, 10% used [0x00000000c0000000,0x00000000c0704e48,0x00000000c4300000)
 Metaspace       used 24651K, committed 25152K, reserved 1073152K
  class space    used 2404K, committed 2624K, reserved 1048576K
}
Event: 6.753 GC heap after
{Heap after GC invocations=6 (full 1):
 PSYoungGen      total 25600K, used 224K [0x00000000eab00000, 0x00000000ec880000, 0x0000000100000000)
  eden space 25088K, 0% used [0x00000000eab00000,0x00000000eab00000,0x00000000ec380000)
  from space 512K, 43% used [0x00000000ec400000,0x00000000ec438000,0x00000000ec480000)
  to   space 2048K, 0% used [0x00000000ec680000,0x00000000ec680000,0x00000000ec880000)
 ParOldGen       total 68608K, used 7195K [0x00000000c0000000, 0x00000000c4300000, 0x00000000eab00000)
  object space 68608K, 10% used [0x00000000c0000000,0x00000000c0706e48,0x00000000c4300000)
 Metaspace       used 24651K, committed 25152K, reserved 1073152K
  class space    used 2404K, committed 2624K, reserved 1048576K
}
Event: 8.085 GC heap before
{Heap before GC invocations=7 (full 1):
 PSYoungGen      total 25600K, used 25288K [0x00000000eab00000, 0x00000000ec880000, 0x0000000100000000)
  eden space 25088K, 99% used [0x00000000eab00000,0x00000000ec37a230,0x00000000ec380000)
  from space 512K, 43% used [0x00000000ec400000,0x00000000ec438000,0x00000000ec480000)
  to   space 2048K, 0% used [0x00000000ec680000,0x00000000ec680000,0x00000000ec880000)
 ParOldGen       total 68608K, used 7195K [0x00000000c0000000, 0x00000000c4300000, 0x00000000eab00000)
  object space 68608K, 10% used [0x00000000c0000000,0x00000000c0706e48,0x00000000c4300000)
 Metaspace       used 27607K, committed 28096K, reserved 1081344K
  class space    used 2664K, committed 2880K, reserved 1048576K
}
Event: 8.086 GC heap after
{Heap after GC invocations=7 (full 1):
 PSYoungGen      total 26112K, used 1051K [0x00000000eab00000, 0x00000000ec800000, 0x0000000100000000)
  eden space 24576K, 0% used [0x00000000eab00000,0x00000000eab00000,0x00000000ec300000)
  from space 1536K, 68% used [0x00000000ec680000,0x00000000ec786e28,0x00000000ec800000)
  to   space 1536K, 0% used [0x00000000ec500000,0x00000000ec500000,0x00000000ec680000)
 ParOldGen       total 68608K, used 7203K [0x00000000c0000000, 0x00000000c4300000, 0x00000000eab00000)
  object space 68608K, 10% used [0x00000000c0000000,0x00000000c0708e48,0x00000000c4300000)
 Metaspace       used 27607K, committed 28096K, reserved 1081344K
  class space    used 2664K, committed 2880K, reserved 1048576K
}
Event: 9.225 GC heap before
{Heap before GC invocations=8 (full 1):
 PSYoungGen      total 26112K, used 25627K [0x00000000eab00000, 0x00000000ec800000, 0x0000000100000000)
  eden space 24576K, 100% used [0x00000000eab00000,0x00000000ec300000,0x00000000ec300000)
  from space 1536K, 68% used [0x00000000ec680000,0x00000000ec786e28,0x00000000ec800000)
  to   space 1536K, 0% used [0x00000000ec500000,0x00000000ec500000,0x00000000ec680000)
 ParOldGen       total 68608K, used 7203K [0x00000000c0000000, 0x00000000c4300000, 0x00000000eab00000)
  object space 68608K, 10% used [0x00000000c0000000,0x00000000c0708e48,0x00000000c4300000)
 Metaspace       used 31962K, committed 32576K, reserved 1081344K
  class space    used 3222K, committed 3520K, reserved 1048576K
}
Event: 9.229 GC heap after
{Heap after GC invocations=8 (full 1):
 PSYoungGen      total 25600K, used 1514K [0x00000000eab00000, 0x00000000ec880000, 0x0000000100000000)
  eden space 24064K, 0% used [0x00000000eab00000,0x00000000eab00000,0x00000000ec280000)
  from space 1536K, 98% used [0x00000000ec500000,0x00000000ec67a810,0x00000000ec680000)
  to   space 2048K, 0% used [0x00000000ec680000,0x00000000ec680000,0x00000000ec880000)
 ParOldGen       total 68608K, used 8037K [0x00000000c0000000, 0x00000000c4300000, 0x00000000eab00000)
  object space 68608K, 11% used [0x00000000c0000000,0x00000000c07d96c8,0x00000000c4300000)
 Metaspace       used 31962K, committed 32576K, reserved 1081344K
  class space    used 3222K, committed 3520K, reserved 1048576K
}
Event: 10.964 GC heap before
{Heap before GC invocations=9 (full 1):
 PSYoungGen      total 25600K, used 25578K [0x00000000eab00000, 0x00000000ec880000, 0x0000000100000000)
  eden space 24064K, 100% used [0x00000000eab00000,0x00000000ec280000,0x00000000ec280000)
  from space 1536K, 98% used [0x00000000ec500000,0x00000000ec67a810,0x00000000ec680000)
  to   space 2048K, 0% used [0x00000000ec680000,0x00000000ec680000,0x00000000ec880000)
 ParOldGen       total 68608K, used 8037K [0x00000000c0000000, 0x00000000c4300000, 0x00000000eab00000)
  object space 68608K, 11% used [0x00000000c0000000,0x00000000c07d96c8,0x00000000c4300000)
 Metaspace       used 34452K, committed 35136K, reserved 1081344K
  class space    used 3486K, committed 3776K, reserved 1048576K
}
Event: 10.969 GC heap after
{Heap after GC invocations=9 (full 1):
 PSYoungGen      total 25600K, used 2045K [0x00000000eab00000, 0x00000000eca00000, 0x0000000100000000)
  eden space 23552K, 0% used [0x00000000eab00000,0x00000000eab00000,0x00000000ec200000)
  from space 2048K, 99% used [0x00000000ec680000,0x00000000ec87f4d8,0x00000000ec880000)
  to   space 4096K, 0% used [0x00000000ec200000,0x00000000ec200000,0x00000000ec600000)
 ParOldGen       total 68608K, used 9402K [0x00000000c0000000, 0x00000000c4300000, 0x00000000eab00000)
  object space 68608K, 13% used [0x00000000c0000000,0x00000000c092ea20,0x00000000c4300000)
 Metaspace       used 34452K, committed 35136K, reserved 1081344K
  class space    used 3486K, committed 3776K, reserved 1048576K
}
Event: 11.426 GC heap before
{Heap before GC invocations=10 (full 1):
 PSYoungGen      total 25600K, used 25597K [0x00000000eab00000, 0x00000000eca00000, 0x0000000100000000)
  eden space 23552K, 100% used [0x00000000eab00000,0x00000000ec200000,0x00000000ec200000)
  from space 2048K, 99% used [0x00000000ec680000,0x00000000ec87f4d8,0x00000000ec880000)
  to   space 4096K, 0% used [0x00000000ec200000,0x00000000ec200000,0x00000000ec600000)
 ParOldGen       total 68608K, used 9402K [0x00000000c0000000, 0x00000000c4300000, 0x00000000eab00000)
  object space 68608K, 13% used [0x00000000c0000000,0x00000000c092ea20,0x00000000c4300000)
 Metaspace       used 34638K, committed 35264K, reserved 1081344K
  class space    used 3505K, committed 3776K, reserved 1048576K
}
Event: 11.431 GC heap after
{Heap after GC invocations=10 (full 1):
 PSYoungGen      total 27136K, used 3764K [0x00000000eab00000, 0x00000000ec980000, 0x0000000100000000)
  eden space 23040K, 0% used [0x00000000eab00000,0x00000000eab00000,0x00000000ec180000)
  from space 4096K, 91% used [0x00000000ec200000,0x00000000ec5ad3d8,0x00000000ec600000)
  to   space 3584K, 0% used [0x00000000ec600000,0x00000000ec600000,0x00000000ec980000)
 ParOldGen       total 68608K, used 9943K [0x00000000c0000000, 0x00000000c4300000, 0x00000000eab00000)
  object space 68608K, 14% used [0x00000000c0000000,0x00000000c09b5f40,0x00000000c4300000)
 Metaspace       used 34638K, committed 35264K, reserved 1081344K
  class space    used 3505K, committed 3776K, reserved 1048576K
}
Event: 11.685 GC heap before
{Heap before GC invocations=11 (full 1):
 PSYoungGen      total 27136K, used 26804K [0x00000000eab00000, 0x00000000ec980000, 0x0000000100000000)
  eden space 23040K, 100% used [0x00000000eab00000,0x00000000ec180000,0x00000000ec180000)
  from space 4096K, 91% used [0x00000000ec200000,0x00000000ec5ad3d8,0x00000000ec600000)
  to   space 3584K, 0% used [0x00000000ec600000,0x00000000ec600000,0x00000000ec980000)
 ParOldGen       total 68608K, used 9943K [0x00000000c0000000, 0x00000000c4300000, 0x00000000eab00000)
  object space 68608K, 14% used [0x00000000c0000000,0x00000000c09b5f40,0x00000000c4300000)
 Metaspace       used 34705K, committed 35392K, reserved 1081344K
  class space    used 3519K, committed 3840K, reserved 1048576K
}
Event: 11.698 GC heap after
{Heap after GC invocations=11 (full 1):
 PSYoungGen      total 24064K, used 3552K [0x00000000eab00000, 0x00000000ecf00000, 0x0000000100000000)
  eden space 20480K, 0% used [0x00000000eab00000,0x00000000eab00000,0x00000000ebf00000)
  from space 3584K, 99% used [0x00000000ec600000,0x00000000ec978010,0x00000000ec980000)
  to   space 7168K, 0% used [0x00000000ebf00000,0x00000000ebf00000,0x00000000ec600000)
 ParOldGen       total 68608K, used 12726K [0x00000000c0000000, 0x00000000c4300000, 0x00000000eab00000)
  object space 68608K, 18% used [0x00000000c0000000,0x00000000c0c6da88,0x00000000c4300000)
 Metaspace       used 34705K, committed 35392K, reserved 1081344K
  class space    used 3519K, committed 3840K, reserved 1048576K
}
Event: 11.835 GC heap before
{Heap before GC invocations=12 (full 1):
 PSYoungGen      total 24064K, used 24032K [0x00000000eab00000, 0x00000000ecf00000, 0x0000000100000000)
  eden space 20480K, 100% used [0x00000000eab00000,0x00000000ebf00000,0x00000000ebf00000)
  from space 3584K, 99% used [0x00000000ec600000,0x00000000ec978010,0x00000000ec980000)
  to   space 7168K, 0% used [0x00000000ebf00000,0x00000000ebf00000,0x00000000ec600000)
 ParOldGen       total 68608K, used 12726K [0x00000000c0000000, 0x00000000c4300000, 0x00000000eab00000)
  object space 68608K, 18% used [0x00000000c0000000,0x00000000c0c6da88,0x00000000c4300000)
 Metaspace       used 34705K, committed 35392K, reserved 1081344K
  class space    used 3519K, committed 3840K, reserved 1048576K
}
Event: 11.842 GC heap after
{Heap after GC invocations=12 (full 1):
 PSYoungGen      total 23040K, used 2272K [0x00000000eab00000, 0x00000000ec700000, 0x0000000100000000)
  eden space 20480K, 0% used [0x00000000eab00000,0x00000000eab00000,0x00000000ebf00000)
  from space 2560K, 88% used [0x00000000ebf00000,0x00000000ec138000,0x00000000ec180000)
  to   space 4096K, 0% used [0x00000000ec300000,0x00000000ec300000,0x00000000ec700000)
 ParOldGen       total 68608K, used 16301K [0x00000000c0000000, 0x00000000c4300000, 0x00000000eab00000)
  object space 68608K, 23% used [0x00000000c0000000,0x00000000c0feb638,0x00000000c4300000)
 Metaspace       used 34705K, committed 35392K, reserved 1081344K
  class space    used 3519K, committed 3840K, reserved 1048576K
}
Event: 11.994 GC heap before
{Heap before GC invocations=13 (full 1):
 PSYoungGen      total 23040K, used 22752K [0x00000000eab00000, 0x00000000ec700000, 0x0000000100000000)
  eden space 20480K, 100% used [0x00000000eab00000,0x00000000ebf00000,0x00000000ebf00000)
  from space 2560K, 88% used [0x00000000ebf00000,0x00000000ec138000,0x00000000ec180000)
  to   space 4096K, 0% used [0x00000000ec300000,0x00000000ec300000,0x00000000ec700000)
 ParOldGen       total 68608K, used 16301K [0x00000000c0000000, 0x00000000c4300000, 0x00000000eab00000)
  object space 68608K, 23% used [0x00000000c0000000,0x00000000c0feb638,0x00000000c4300000)
 Metaspace       used 34705K, committed 35392K, reserved 1081344K
  class space    used 3519K, committed 3840K, reserved 1048576K
}
Event: 11.999 GC heap after
{Heap after GC invocations=13 (full 1):
 PSYoungGen      total 23040K, used 2432K [0x00000000eab00000, 0x00000000ec580000, 0x0000000100000000)
  eden space 20480K, 0% used [0x00000000eab00000,0x00000000eab00000,0x00000000ebf00000)
  from space 2560K, 95% used [0x00000000ec300000,0x00000000ec560010,0x00000000ec580000)
  to   space 3072K, 0% used [0x00000000ebf80000,0x00000000ebf80000,0x00000000ec280000)
 ParOldGen       total 68608K, used 18525K [0x00000000c0000000, 0x00000000c4300000, 0x00000000eab00000)
  object space 68608K, 27% used [0x00000000c0000000,0x00000000c1217638,0x00000000c4300000)
 Metaspace       used 34705K, committed 35392K, reserved 1081344K
  class space    used 3519K, committed 3840K, reserved 1048576K
}

Deoptimization events (20 events):
Event: 10.724 Thread 0x000001ee3adcf5f0 Uncommon trap: trap_request=0xffffff45 fr.pc=0x000001ee2e7bbed0 relative=0x00000000000009b0
Event: 10.724 Thread 0x000001ee3adcf5f0 Uncommon trap: reason=unstable_if action=reinterpret pc=0x000001ee2e7bbed0 method=java.util.HashMap.putVal(ILjava/lang/Object;Ljava/lang/Object;ZZ)Ljava/lang/Object; @ 94 c2
Event: 10.724 Thread 0x000001ee3adcf5f0 DEOPT PACKING pc=0x000001ee2e7bbed0 sp=0x000000d8e6afe170
Event: 10.724 Thread 0x000001ee3adcf5f0 DEOPT UNPACKING pc=0x000001ee26c520a3 sp=0x000000d8e6afe080 mode 2
Event: 10.792 Thread 0x000001ee3adcf5f0 Uncommon trap: trap_request=0xffffff45 fr.pc=0x000001ee2e7b2ddc relative=0x000000000000031c
Event: 10.792 Thread 0x000001ee3adcf5f0 Uncommon trap: reason=unstable_if action=reinterpret pc=0x000001ee2e7b2ddc method=java.util.HashMap.getNode(Ljava/lang/Object;)Ljava/util/HashMap$Node; @ 66 c2
Event: 10.792 Thread 0x000001ee3adcf5f0 DEOPT PACKING pc=0x000001ee2e7b2ddc sp=0x000000d8e6afe0f0
Event: 10.792 Thread 0x000001ee3adcf5f0 DEOPT UNPACKING pc=0x000001ee26c520a3 sp=0x000000d8e6afe070 mode 2
Event: 11.020 Thread 0x000001ee3adcf5f0 Uncommon trap: trap_request=0xffffff45 fr.pc=0x000001ee2e7fdd44 relative=0x0000000000000284
Event: 11.020 Thread 0x000001ee3adcf5f0 Uncommon trap: reason=unstable_if action=reinterpret pc=0x000001ee2e7fdd44 method=java.util.HashMap.getNode(Ljava/lang/Object;)Ljava/util/HashMap$Node; @ 131 c2
Event: 11.020 Thread 0x000001ee3adcf5f0 DEOPT PACKING pc=0x000001ee2e7fdd44 sp=0x000000d8e6afe130
Event: 11.020 Thread 0x000001ee3adcf5f0 DEOPT UNPACKING pc=0x000001ee26c520a3 sp=0x000000d8e6afe050 mode 2
Event: 11.070 Thread 0x000001ee3adcf5f0 Uncommon trap: trap_request=0xffffff45 fr.pc=0x000001ee2e7fd19c relative=0x000000000000055c
Event: 11.070 Thread 0x000001ee3adcf5f0 Uncommon trap: reason=unstable_if action=reinterpret pc=0x000001ee2e7fd19c method=java.util.HashMap.getNode(Ljava/lang/Object;)Ljava/util/HashMap$Node; @ 131 c2
Event: 11.070 Thread 0x000001ee3adcf5f0 DEOPT PACKING pc=0x000001ee2e7fd19c sp=0x000000d8e6afe0f0
Event: 11.070 Thread 0x000001ee3adcf5f0 DEOPT UNPACKING pc=0x000001ee26c520a3 sp=0x000000d8e6afe070 mode 2
Event: 11.613 Thread 0x000001ee3adcf5f0 Uncommon trap: trap_request=0xffffff45 fr.pc=0x000001ee2e6f01c0 relative=0x00000000000002a0
Event: 11.613 Thread 0x000001ee3adcf5f0 Uncommon trap: reason=unstable_if action=reinterpret pc=0x000001ee2e6f01c0 method=java.util.HashMap$HashIterator.<init>(Ljava/util/HashMap;)V @ 45 c2
Event: 11.613 Thread 0x000001ee3adcf5f0 DEOPT PACKING pc=0x000001ee2e6f01c0 sp=0x000000d8e6afec30
Event: 11.613 Thread 0x000001ee3adcf5f0 DEOPT UNPACKING pc=0x000001ee26c520a3 sp=0x000000d8e6afebd8 mode 2

Classes unloaded (7 events):
Event: 6.188 Thread 0x000001ee37d68020 Unloading class 0x0000000100210800 'java/lang/invoke/LambdaForm$MH+0x0000000100210800'
Event: 6.188 Thread 0x000001ee37d68020 Unloading class 0x0000000100210400 'java/lang/invoke/LambdaForm$MH+0x0000000100210400'
Event: 6.188 Thread 0x000001ee37d68020 Unloading class 0x0000000100210000 'java/lang/invoke/LambdaForm$MH+0x0000000100210000'
Event: 6.188 Thread 0x000001ee37d68020 Unloading class 0x000000010020fc00 'java/lang/invoke/LambdaForm$MH+0x000000010020fc00'
Event: 6.188 Thread 0x000001ee37d68020 Unloading class 0x000000010020f400 'java/lang/invoke/LambdaForm$BMH+0x000000010020f400'
Event: 6.188 Thread 0x000001ee37d68020 Unloading class 0x000000010020f000 'java/lang/invoke/LambdaForm$DMH+0x000000010020f000'
Event: 6.188 Thread 0x000001ee37d68020 Unloading class 0x000000010020c400 'java/lang/invoke/LambdaForm$DMH+0x000000010020c400'

Classes redefined (0 events):
No events

Internal exceptions (20 events):
Event: 6.115 Thread 0x000001ee3adcf5f0 Exception <a 'java/io/FileNotFoundException'{0x00000000eae823d8}> (0x00000000eae823d8) 
thrown [s\src\hotspot\share\prims\jni.cpp, line 516]
Event: 7.106 Thread 0x000001ee3a0e9250 Exception <a 'java/lang/ClassNotFoundException'{0x00000000ebec1d40}: com/sun/org/apache/xerces/internal/impl/msg/spi/DOMMessagesProvider> (0x00000000ebec1d40) 
thrown [s\src\hotspot\share\classfile\systemDictionary.cpp, line 256]
Event: 7.110 Thread 0x000001ee3a0e9250 Exception <a 'java/lang/ClassNotFoundException'{0x00000000ebee8780}: com/sun/org/apache/xerces/internal/impl/msg/spi/XMLSerializerMessagesProvider> (0x00000000ebee8780) 
thrown [s\src\hotspot\share\classfile\systemDictionary.cpp, line 256]
Event: 7.112 Thread 0x000001ee3a0e9250 Exception <a 'java/lang/ClassNotFoundException'{0x00000000ebef5cb8}: com/sun/org/apache/xerces/internal/impl/msg/spi/XMLMessagesProvider> (0x00000000ebef5cb8) 
thrown [s\src\hotspot\share\classfile\systemDictionary.cpp, line 256]
Event: 7.950 Thread 0x000001ee3a0e9250 Exception <a 'java/lang/NoSuchMethodError'{0x00000000ec223fe0}: 'java.lang.Object java.lang.invoke.DirectMethodHandle$Holder.invokeStaticInit(java.lang.Object, int, int, int, int)'> (0x00000000ec223fe0) 
thrown [s\src\hotspot\share\interpreter\linkResolver.cpp, line 759]
Event: 8.063 Thread 0x000001ee3a0e9250 Exception <a 'java/lang/NoSuchMethodError'{0x00000000ec2ee398}: 'java.lang.Object java.lang.invoke.DirectMethodHandle$Holder.invokeStaticInit(java.lang.Object, java.lang.Object, int, int, int, int)'> (0x00000000ec2ee398) 
thrown [s\src\hotspot\share\interpreter\linkResolver.cpp, line 759]
Event: 8.195 Thread 0x000001ee3a0e9250 Exception <a 'java/lang/ClassNotFoundException'{0x00000000ead7e5c0}: com/sun/org/apache/xml/internal/serializer/spi/XMLEntitiesProvider> (0x00000000ead7e5c0) 
thrown [s\src\hotspot\share\classfile\systemDictionary.cpp, line 256]
Event: 8.370 Thread 0x000001ee3a0e9250 Exception <a 'java/io/FileNotFoundException'{0x00000000eb0db7a0}> (0x00000000eb0db7a0) 
thrown [s\src\hotspot\share\prims\jni.cpp, line 516]
Event: 8.758 Thread 0x000001ee3a0e9250 Exception <a 'java/lang/UnsatisfiedLinkError'{0x00000000eb41c540}: The specified procedure could not be found.
> (0x00000000eb41c540) 
thrown [s\src\hotspot\share\prims\jni.cpp, line 535]
Event: 8.765 Thread 0x000001ee3a0e9250 Exception <a 'java/io/FileNotFoundException'{0x00000000eb43ff98}> (0x00000000eb43ff98) 
thrown [s\src\hotspot\share\prims\jni.cpp, line 516]
Event: 8.808 Thread 0x000001ee3a0e9250 Exception <a 'java/lang/UnsatisfiedLinkError'{0x00000000eb553910}: The specified procedure could not be found.
> (0x00000000eb553910) 
thrown [s\src\hotspot\share\prims\jni.cpp, line 535]
Event: 8.898 Thread 0x000001ee23f5d640 Exception <a 'java/lang/NoSuchMethodError'{0x00000000eb7c1268}: 'void java.lang.invoke.DirectMethodHandle$Holder.invokeStatic(java.lang.Object, java.lang.Object, java.lang.Object, java.lang.Object)'> (0x00000000eb7c1268) 
thrown [s\src\hotspot\share\interpreter\linkResolver.cpp, line 759]
Event: 9.061 Thread 0x000001ee23f5d640 Exception <a 'java/lang/NoSuchMethodError'{0x00000000ebf090c0}: 'void java.lang.invoke.DirectMethodHandle$Holder.invokeSpecial(java.lang.Object, java.lang.Object, java.lang.Object, java.lang.Object, java.lang.Object, java.lang.Object)'> (0x00000000ebf090c0) 
thrown [s\src\hotspot\share\interpreter\linkResolver.cpp, line 759]
Event: 9.061 Thread 0x000001ee23f5d640 Exception <a 'java/lang/NoSuchMethodError'{0x00000000ebf10778}: 'java.lang.Object java.lang.invoke.DirectMethodHandle$Holder.newInvokeSpecial(java.lang.Object, java.lang.Object, java.lang.Object, java.lang.Object, java.lang.Object)'> (0x00000000ebf10778) 
thrown [s\src\hotspot\share\interpreter\linkResolver.cpp, line 759]
Event: 9.252 Thread 0x000001ee3ae48a40 Exception <a 'java/io/FileNotFoundException'{0x00000000eab82840}> (0x00000000eab82840) 
thrown [s\src\hotspot\share\prims\jni.cpp, line 516]
Event: 9.667 Thread 0x000001ee3ae48a40 Exception <a 'java/lang/NoSuchMethodError'{0x00000000eafc1b30}: 'int java.lang.invoke.DirectMethodHandle$Holder.invokeVirtual(java.lang.Object, java.lang.Object)'> (0x00000000eafc1b30) 
thrown [s\src\hotspot\share\interpreter\linkResolver.cpp, line 759]
Event: 10.198 Thread 0x000001ee3adcf5f0 Exception <a 'java/lang/NoSuchMethodError'{0x00000000eb3f8160}: 'java.lang.Object java.lang.invoke.Invokers$Holder.invoke_MT(java.lang.Object, java.lang.Object, java.lang.Object)'> (0x00000000eb3f8160) 
thrown [s\src\hotspot\share\interpreter\linkResolver.cpp, line 759]
Event: 11.046 Thread 0x000001ee3adcf5f0 Exception <a 'java/io/FileNotFoundException'{0x00000000eb283248}> (0x00000000eb283248) 
thrown [s\src\hotspot\share\prims\jni.cpp, line 516]
Event: 11.047 Thread 0x000001ee3adcf5f0 Exception <a 'java/io/FileNotFoundException'{0x00000000eb284af8}> (0x00000000eb284af8) 
thrown [s\src\hotspot\share\prims\jni.cpp, line 516]
Event: 11.049 Thread 0x000001ee3adcf5f0 Exception <a 'java/lang/NoSuchMethodError'{0x00000000eb290c90}: 'void java.lang.invoke.DirectMethodHandle$Holder.invokeStaticInit(java.lang.Object, java.lang.Object, java.lang.Object)'> (0x00000000eb290c90) 
thrown [s\src\hotspot\share\interpreter\linkResolver.cpp, line 759]

VM Operations (20 events):
Event: 9.225 Executing VM operation: ParallelGCFailedAllocation
Event: 9.229 Executing VM operation: ParallelGCFailedAllocation done
Event: 9.238 Executing VM operation: HandshakeAllThreads
Event: 9.238 Executing VM operation: HandshakeAllThreads done
Event: 10.089 Executing VM operation: HandshakeAllThreads
Event: 10.090 Executing VM operation: HandshakeAllThreads done
Event: 10.243 Executing VM operation: HandshakeAllThreads
Event: 10.243 Executing VM operation: HandshakeAllThreads done
Event: 10.243 Executing VM operation: Cleanup
Event: 10.243 Executing VM operation: Cleanup done
Event: 10.964 Executing VM operation: ParallelGCFailedAllocation
Event: 10.969 Executing VM operation: ParallelGCFailedAllocation done
Event: 11.426 Executing VM operation: ParallelGCFailedAllocation
Event: 11.431 Executing VM operation: ParallelGCFailedAllocation done
Event: 11.685 Executing VM operation: ParallelGCFailedAllocation
Event: 11.698 Executing VM operation: ParallelGCFailedAllocation done
Event: 11.834 Executing VM operation: ParallelGCFailedAllocation
Event: 11.842 Executing VM operation: ParallelGCFailedAllocation done
Event: 11.994 Executing VM operation: ParallelGCFailedAllocation
Event: 11.999 Executing VM operation: ParallelGCFailedAllocation done

Events (20 events):
Event: 10.416 loading class java/nio/file/Files$3
Event: 10.416 loading class java/nio/file/Files$3 done
Event: 10.416 loading class java/nio/file/FileVisitResult
Event: 10.417 loading class java/nio/file/FileVisitResult done
Event: 10.603 loading class java/util/regex/Pattern$BackRef
Event: 10.603 loading class java/util/regex/Pattern$BackRef done
Event: 10.619 loading class java/lang/ThreadLocal$SuppliedThreadLocal
Event: 10.619 loading class java/lang/ThreadLocal$SuppliedThreadLocal done
Event: 10.760 loading class java/nio/channels/Channels
Event: 10.760 loading class java/nio/channels/Channels done
Event: 10.761 loading class java/nio/channels/Channels$ReadableByteChannelImpl
Event: 10.761 loading class java/nio/channels/Channels$ReadableByteChannelImpl done
Event: 10.761 loading class java/nio/channels/NonWritableChannelException
Event: 10.761 loading class java/nio/channels/NonWritableChannelException done
Event: 10.762 loading class sun/nio/ch/ChannelInputStream
Event: 10.762 loading class sun/nio/ch/ChannelInputStream done
Event: 10.762 loading class java/nio/channels/SelectableChannel
Event: 10.762 loading class java/nio/channels/SelectableChannel done
Event: 11.113 Thread 0x000001ee3a167030 Thread exited: 0x000001ee3a167030
Event: 11.537 Thread 0x000001ee3ae45ef0 Thread added: 0x000001ee3ae45ef0


Dynamic libraries:
0x00007ff7c18b0000 - 0x00007ff7c18be000 	c:\Users\wuzhe\.vscode\extensions\redhat.java-1.11.0-win32-x64\jre\17.0.4.1-win32-x86_64\bin\java.exe
0x00007ff94baf0000 - 0x00007ff94bce8000 	C:\Windows\SYSTEM32\ntdll.dll
0x00007ff94b800000 - 0x00007ff94b8bd000 	C:\Windows\System32\KERNEL32.DLL
0x00007ff949390000 - 0x00007ff94965e000 	C:\Windows\System32\KERNELBASE.dll
0x00007ff9499a0000 - 0x00007ff949aa0000 	C:\Windows\System32\ucrtbase.dll
0x00007ff941e00000 - 0x00007ff941e18000 	c:\Users\wuzhe\.vscode\extensions\redhat.java-1.11.0-win32-x64\jre\17.0.4.1-win32-x86_64\bin\jli.dll
0x00007ff94afa0000 - 0x00007ff94b140000 	C:\Windows\System32\USER32.dll
0x00007ff949660000 - 0x00007ff949682000 	C:\Windows\System32\win32u.dll
0x00007ff94b950000 - 0x00007ff94b97a000 	C:\Windows\System32\GDI32.dll
0x00007ff931a90000 - 0x00007ff931aa9000 	c:\Users\wuzhe\.vscode\extensions\redhat.java-1.11.0-win32-x64\jre\17.0.4.1-win32-x86_64\bin\VCRUNTIME140.dll
0x00007ff949700000 - 0x00007ff94980b000 	C:\Windows\System32\gdi32full.dll
0x00007ff949210000 - 0x00007ff9492ad000 	C:\Windows\System32\msvcp_win.dll
0x00007ff92f680000 - 0x00007ff92f91a000 	C:\Windows\WinSxS\amd64_microsoft.windows.common-controls_6595b64144ccf1df_6.0.19041.1110_none_60b5254171f9507e\COMCTL32.dll
0x00007ff949d90000 - 0x00007ff949e2e000 	C:\Windows\System32\msvcrt.dll
0x00007ff94b8c0000 - 0x00007ff94b8f0000 	C:\Windows\System32\IMM32.DLL
0x00007ff945000000 - 0x00007ff94500c000 	c:\Users\wuzhe\.vscode\extensions\redhat.java-1.11.0-win32-x64\jre\17.0.4.1-win32-x86_64\bin\vcruntime140_1.dll
0x00007ff911a70000 - 0x00007ff911b01000 	c:\Users\wuzhe\.vscode\extensions\redhat.java-1.11.0-win32-x64\jre\17.0.4.1-win32-x86_64\bin\msvcp140.dll
0x00007ff8ef630000 - 0x00007ff8f0276000 	c:\Users\wuzhe\.vscode\extensions\redhat.java-1.11.0-win32-x64\jre\17.0.4.1-win32-x86_64\bin\server\jvm.dll
0x00007ff949ce0000 - 0x00007ff949d8e000 	C:\Windows\System32\ADVAPI32.dll
0x00007ff94af00000 - 0x00007ff94af9c000 	C:\Windows\System32\sechost.dll
0x00007ff94b980000 - 0x00007ff94baa5000 	C:\Windows\System32\RPCRT4.dll
0x00007ff94b390000 - 0x00007ff94b398000 	C:\Windows\System32\PSAPI.DLL
0x00007ff941dc0000 - 0x00007ff941dc9000 	C:\Windows\SYSTEM32\WSOCK32.dll
0x00007ff94adc0000 - 0x00007ff94ae2b000 	C:\Windows\System32\WS2_32.dll
0x00007ff929030000 - 0x00007ff929057000 	C:\Windows\SYSTEM32\WINMM.dll
0x00007ff9399d0000 - 0x00007ff9399da000 	C:\Windows\SYSTEM32\VERSION.dll
0x00007ff947100000 - 0x00007ff947112000 	C:\Windows\SYSTEM32\kernel.appcore.dll
0x00007ff941830000 - 0x00007ff94183a000 	c:\Users\wuzhe\.vscode\extensions\redhat.java-1.11.0-win32-x64\jre\17.0.4.1-win32-x86_64\bin\jimage.dll
0x00007ff933be0000 - 0x00007ff933dc4000 	C:\Windows\SYSTEM32\DBGHELP.DLL
0x00007ff930750000 - 0x00007ff93077c000 	C:\Windows\SYSTEM32\dbgcore.DLL
0x00007ff949300000 - 0x00007ff949382000 	C:\Windows\System32\bcryptPrimitives.dll
0x00007ff941520000 - 0x00007ff94152e000 	c:\Users\wuzhe\.vscode\extensions\redhat.java-1.11.0-win32-x64\jre\17.0.4.1-win32-x86_64\bin\instrument.dll
0x00007ff931a10000 - 0x00007ff931a35000 	c:\Users\wuzhe\.vscode\extensions\redhat.java-1.11.0-win32-x64\jre\17.0.4.1-win32-x86_64\bin\java.dll
0x00007ff931a70000 - 0x00007ff931a88000 	c:\Users\wuzhe\.vscode\extensions\redhat.java-1.11.0-win32-x64\jre\17.0.4.1-win32-x86_64\bin\zip.dll
0x00007ff949f10000 - 0x00007ff94a653000 	C:\Windows\System32\SHELL32.dll
0x00007ff947300000 - 0x00007ff947a95000 	C:\Windows\SYSTEM32\windows.storage.dll
0x00007ff94b3a0000 - 0x00007ff94b6f4000 	C:\Windows\System32\combase.dll
0x00007ff948c70000 - 0x00007ff948ca0000 	C:\Windows\SYSTEM32\Wldp.dll
0x00007ff94b1a0000 - 0x00007ff94b24d000 	C:\Windows\System32\SHCORE.dll
0x00007ff94b8f0000 - 0x00007ff94b945000 	C:\Windows\System32\shlwapi.dll
0x00007ff949150000 - 0x00007ff94916f000 	C:\Windows\SYSTEM32\profapi.dll
0x00007ff931970000 - 0x00007ff931989000 	C:\Users\wuzhe\.vscode\extensions\redhat.java-1.11.0-win32-x64\jre\17.0.4.1-win32-x86_64\bin\net.dll
0x00007ff935fd0000 - 0x00007ff9360da000 	C:\Windows\SYSTEM32\WINHTTP.dll
0x00007ff9489d0000 - 0x00007ff948a3a000 	C:\Windows\system32\mswsock.dll
0x00007ff928cb0000 - 0x00007ff928cc5000 	C:\Users\wuzhe\.vscode\extensions\redhat.java-1.11.0-win32-x64\jre\17.0.4.1-win32-x86_64\bin\nio.dll
0x00007ff941500000 - 0x00007ff941510000 	c:\Users\wuzhe\.vscode\extensions\redhat.java-1.11.0-win32-x64\jre\17.0.4.1-win32-x86_64\bin\verify.dll
0x00007ff9287c0000 - 0x00007ff9287fe000 	C:\Users\wuzhe\AppData\Roaming\Code\User\globalStorage\redhat.java\1.11.0\config_ss_win\org.eclipse.equinox.launcher\org.eclipse.equinox.launcher.win32.win32.x86_64_1.2.600.v20220720-1916\eclipse_11700.dll
0x00007ff94b250000 - 0x00007ff94b37a000 	C:\Windows\System32\ole32.dll
0x00007ff948bc0000 - 0x00007ff948bd8000 	C:\Windows\SYSTEM32\CRYPTSP.dll
0x00007ff9482e0000 - 0x00007ff948314000 	C:\Windows\system32\rsaenh.dll
0x00007ff949810000 - 0x00007ff949837000 	C:\Windows\System32\bcrypt.dll
0x00007ff949110000 - 0x00007ff94913e000 	C:\Windows\SYSTEM32\USERENV.dll
0x00007ff948be0000 - 0x00007ff948bec000 	C:\Windows\SYSTEM32\CRYPTBASE.dll
0x00007ff948670000 - 0x00007ff9486ab000 	C:\Windows\SYSTEM32\IPHLPAPI.DLL
0x00007ff949b50000 - 0x00007ff949b58000 	C:\Windows\System32\NSI.dll
0x00007ff9399e0000 - 0x00007ff9399f7000 	C:\Windows\SYSTEM32\dhcpcsvc6.DLL
0x00007ff93a000000 - 0x00007ff93a01d000 	C:\Windows\SYSTEM32\dhcpcsvc.DLL
0x00007ff9486c0000 - 0x00007ff94878a000 	C:\Windows\SYSTEM32\DNSAPI.dll
0x00007ff91a160000 - 0x00007ff91a1a4000 	C:\Users\wuzhe\AppData\Local\Temp\jna-113505113\jna8154454692973356649.dll

dbghelp: loaded successfully - version: 4.0.5 - missing functions: none
symbol engine: initialized successfully - sym options: 0x614 - pdb path: .;c:\Users\wuzhe\.vscode\extensions\redhat.java-1.11.0-win32-x64\jre\17.0.4.1-win32-x86_64\bin;C:\Windows\SYSTEM32;C:\Windows\WinSxS\amd64_microsoft.windows.common-controls_6595b64144ccf1df_6.0.19041.1110_none_60b5254171f9507e;c:\Users\wuzhe\.vscode\extensions\redhat.java-1.11.0-win32-x64\jre\17.0.4.1-win32-x86_64\bin\server;C:\Users\wuzhe\AppData\Roaming\Code\User\globalStorage\redhat.java\1.11.0\config_ss_win\org.eclipse.equinox.launcher\org.eclipse.equinox.launcher.win32.win32.x86_64_1.2.600.v20220720-1916;C:\Users\wuzhe\AppData\Local\Temp\jna-113505113

VM Arguments:
jvm_args: --add-modules=ALL-SYSTEM --add-opens=java.base/java.util=ALL-UNNAMED --add-opens=java.base/java.lang=ALL-UNNAMED --add-opens=java.base/sun.nio.fs=ALL-UNNAMED -Declipse.application=org.eclipse.jdt.ls.core.id1 -Dosgi.bundles.defaultStartLevel=4 -Declipse.product=org.eclipse.jdt.ls.core.product -Djava.import.generatesMetadataFilesAtProjectRoot=false -Dfile.encoding=utf8 -DwatchParentProcess=false -XX:+UseParallelGC -XX:GCTimeRatio=4 -XX:AdaptiveSizePolicyWeight=90 -Dsun.zip.disableMemoryMapping=true -Xmx1G -Xms100m -Xlog:disable -javaagent:c:\Users\wuzhe\.vscode\extensions\redhat.java-1.11.0-win32-x64\lombok\lombok-1.18.24.jar 
java_command: c:\Users\wuzhe\.vscode\extensions\redhat.java-1.11.0-win32-x64\server\plugins\org.eclipse.equinox.launcher_1.6.400.v20210924-0641.jar -configuration c:\Users\wuzhe\AppData\Roaming\Code\User\globalStorage\redhat.java\1.11.0\config_ss_win -data c:\Users\wuzhe\AppData\Roaming\Code\User\workspaceStorage\57a35751da7d4463364ea55e45586fe2\redhat.java\ss_ws
java_class_path (initial): c:\Users\wuzhe\.vscode\extensions\redhat.java-1.11.0-win32-x64\server\plugins\org.eclipse.equinox.launcher_1.6.400.v20210924-0641.jar
Launcher Type: SUN_STANDARD

[Global flags]
    uintx AdaptiveSizePolicyWeight                 = 90                                        {product} {command line}
     intx CICompilerCount                          = 3                                         {product} {ergonomic}
    uintx GCTimeRatio                              = 4                                         {product} {command line}
   size_t InitialHeapSize                          = 104857600                                 {product} {command line}
   size_t MaxHeapSize                              = 1073741824                                {product} {command line}
   size_t MaxNewSize                               = 357564416                                 {product} {ergonomic}
   size_t MinHeapDeltaBytes                        = 524288                                    {product} {ergonomic}
   size_t MinHeapSize                              = 104857600                                 {product} {command line}
   size_t NewSize                                  = 34603008                                  {product} {ergonomic}
    uintx NonNMethodCodeHeapSize                   = 5832780                                {pd product} {ergonomic}
    uintx NonProfiledCodeHeapSize                  = 122912730                              {pd product} {ergonomic}
   size_t OldSize                                  = 70254592                                  {product} {ergonomic}
    uintx ProfiledCodeHeapSize                     = 122912730                              {pd product} {ergonomic}
    uintx ReservedCodeCacheSize                    = 251658240                              {pd product} {ergonomic}
     bool SegmentedCodeCache                       = true                                      {product} {ergonomic}
   size_t SoftMaxHeapSize                          = 1073741824                             {manageable} {ergonomic}
     bool UseCompressedClassPointers               = true                           {product lp64_product} {ergonomic}
     bool UseCompressedOops                        = true                           {product lp64_product} {ergonomic}
     bool UseLargePagesIndividualAllocation        = false                                  {pd product} {ergonomic}
     bool UseParallelGC                            = true                                      {product} {command line}

Logging:
Log output configuration:
 #0: stdout all=off uptime,level,tags
 #1: stderr all=off uptime,level,tags

Environment Variables:
PATH=C:\Program Files\Eclipse Foundation\jdk-8.0.302.8-hotspot\bin;C:\Program Files (x86)\Common Files\Oracle\Java\javapath;C:\Program Files\Eclipse Adoptium\jdk-17.0.4.8-hotspot\bin;C:\Windows\system32;C:\Windows;C:\Windows\System32\Wbem;C:\Windows\System32\WindowsPowerShell\v1.0\;C:\Windows\System32\OpenSSH\;C:\Program Files\PuTTY\;C:\Program Files\dotnet\;C:\texlive\2022\bin\win32;C:\Users\wuzhe\AppData\Local\Microsoft\WindowsApps;C:\Users\wuzhe\AppData\Local\Programs\Microsoft VS Code\bin;C:\Users\wuzhe\AppData\Local\GitHubDesktop\bin;C:\Users\wuzhe\.dotnet\tools;C:\texlive\2022\bin\win32
USERNAME=wuzhe
OS=Windows_NT
PROCESSOR_IDENTIFIER=Intel64 Family 6 Model 78 Stepping 3, GenuineIntel
TMP=C:\Users\wuzhe\AppData\Local\Temp
TEMP=C:\Users\wuzhe\AppData\Local\Temp



---------------  S Y S T E M  ---------------

OS:
 Windows 10 , 64 bit Build 19041 (10.0.19041.1889)
OS uptime: 7 days 23:12 hours

CPU: total 4 (initial active 4) (2 cores per cpu, 2 threads per core) family 6 model 78 stepping 3 microcode 0xcc, cx8, cmov, fxsr, ht, mmx, 3dnowpref, sse, sse2, sse3, ssse3, sse4.1, sse4.2, popcnt, lzcnt, tsc, tscinvbit, avx, avx2, aes, erms, clmul, bmi1, bmi2, adx, fma, vzeroupper, clflush, clflushopt

Memory: 4k page, system-wide physical 3979M (308M free)
TotalPageFile size 20363M (AvailPageFile size 0M)
current process WorkingSet (physical memory assigned to process): 145M, peak: 156M
current process commit charge ("private bytes"): 227M, peak: 249M

vm_info: OpenJDK 64-Bit Server VM (17.0.4.1+1) for windows-amd64 JRE (17.0.4.1+1), built on Aug 17 2022 07:42:43 by "temurin" with MS VC++ 16.7 (VS2019)

END.
