#
# There is insufficient memory for the Java Runtime Environment to continue.
# Native memory allocation (malloc) failed to allocate 1224816 bytes for Chunk::new
# Possible reasons:
#   The system is out of physical RAM or swap space
#   The process is running with CompressedOops enabled, and the Java Heap may be blocking the growth of the native heap
# Possible solutions:
#   Reduce memory load on the system
#   Increase physical memory or swap space
#   Check if swap backing store is full
#   Decrease Java heap size (-Xmx/-Xms)
#   Decrease number of Java threads
#   Decrease Java thread stack sizes (-Xss)
#   Set larger code cache with -XX:ReservedCodeCacheSize=
#   JVM is running with Unscaled Compressed Oops mode in which the Java heap is
#     placed in the first 4GB address space. The Java Heap base address is the
#     maximum limit for the native heap growth. Please use -XX:HeapBaseMinAddress
#     to set the Java Heap base and to place the Java Heap above 4GB virtual address.
# This output file may be truncated or incomplete.
#
#  Out of Memory Error (arena.cpp:189), pid=7516, tid=12208
#
# JRE version: OpenJDK Runtime Environment Temurin-17.0.4.1+1 (17.0.4.1+1) (build 17.0.4.1+1)
# Java VM: OpenJDK 64-Bit Server VM Temurin-17.0.4.1+1 (17.0.4.1+1, mixed mode, tiered, compressed oops, compressed class ptrs, parallel gc, windows-amd64)
# No core dump will be written. Minidumps are not enabled by default on client versions of Windows
#

---------------  S U M M A R Y ------------

Command Line: --add-modules=ALL-SYSTEM --add-opens=java.base/java.util=ALL-UNNAMED --add-opens=java.base/java.lang=ALL-UNNAMED --add-opens=java.base/sun.nio.fs=ALL-UNNAMED -Declipse.application=org.eclipse.jdt.ls.core.id1 -Dosgi.bundles.defaultStartLevel=4 -Declipse.product=org.eclipse.jdt.ls.core.product -Djava.import.generatesMetadataFilesAtProjectRoot=false -Dfile.encoding=utf8 -DwatchParentProcess=false -XX:+UseParallelGC -XX:GCTimeRatio=4 -XX:AdaptiveSizePolicyWeight=90 -Dsun.zip.disableMemoryMapping=true -Xmx1G -Xms100m -Xlog:disable -javaagent:c:\Users\wuzhe\.vscode\extensions\redhat.java-1.11.0-win32-x64\lombok\lombok-1.18.24.jar c:\Users\wuzhe\.vscode\extensions\redhat.java-1.11.0-win32-x64\server\plugins\org.eclipse.equinox.launcher_1.6.400.v20210924-0641.jar -configuration c:\Users\wuzhe\AppData\Roaming\Code\User\globalStorage\redhat.java\1.11.0\config_ss_win -data c:\Users\wuzhe\AppData\Roaming\Code\User\workspaceStorage\57a35751da7d4463364ea55e45586fe2\redhat.java\ss_ws

Host: Intel(R) Core(TM) i5-6200U CPU @ 2.30GHz, 4 cores, 3G,  Windows 10 , 64 bit Build 19041 (10.0.19041.1889)
Time: Fri Oct 14 12:29:50 2022 Central Daylight Time elapsed time: 6.837266 seconds (0d 0h 0m 6s)

---------------  T H R E A D  ---------------

Current thread (0x0000021945bfeb30):  JavaThread "C2 CompilerThread0" daemon [_thread_in_native, id=12208, stack(0x0000002375500000,0x0000002375600000)]


Current CompileTask:
C2:   6837 2278       4       org.objectweb.asm.ClassReader::readMethod (1066 bytes)

Stack: [0x0000002375500000,0x0000002375600000]
Native frames: (J=compiled Java code, j=interpreted, Vv=VM code, C=native code)
V  [jvm.dll+0x67731a]
V  [jvm.dll+0x832284]
V  [jvm.dll+0x833a2e]
V  [jvm.dll+0x834093]
V  [jvm.dll+0x245775]
V  [jvm.dll+0xabd7b]
V  [jvm.dll+0xac30c]
V  [jvm.dll+0x363a42]
V  [jvm.dll+0x1bbf38]
V  [jvm.dll+0x2187d9]
V  [jvm.dll+0x217aa1]
V  [jvm.dll+0x1a3f8d]
V  [jvm.dll+0x227498]
V  [jvm.dll+0x2255e5]
V  [jvm.dll+0x7e7e9b]
V  [jvm.dll+0x7e240a]
V  [jvm.dll+0x6761a5]
C  [ucrtbase.dll+0x21bb2]
C  [KERNEL32.DLL+0x17034]
C  [ntdll.dll+0x526a1]


---------------  P R O C E S S  ---------------

Threads class SMR info:
_java_thread_list=0x000002194918c5e0, length=21, elements={
0x0000021931dae230, 0x0000021945bcfb60, 0x0000021945bd0620, 0x0000021945bfa040,
0x0000021945bfab00, 0x0000021945bfb5c0, 0x0000021945bfde90, 0x0000021945bfeb30,
0x0000021945bff4e0, 0x0000021945c4ea50, 0x000002194768b4c0, 0x000002194793e9d0,
0x0000021947964f30, 0x0000021947e65e90, 0x0000021948088f10, 0x00000219480089c0,
0x000002194818e1f0, 0x0000021948d3aa10, 0x0000021948d599c0, 0x0000021948c64060,
0x0000021948c67a20
}

Java Threads: ( => current thread )
  0x0000021931dae230 JavaThread "main" [_thread_blocked, id=18428, stack(0x0000002374c00000,0x0000002374d00000)]
  0x0000021945bcfb60 JavaThread "Reference Handler" daemon [_thread_blocked, id=18172, stack(0x0000002374f00000,0x0000002375000000)]
  0x0000021945bd0620 JavaThread "Finalizer" daemon [_thread_blocked, id=9432, stack(0x0000002375000000,0x0000002375100000)]
  0x0000021945bfa040 JavaThread "Signal Dispatcher" daemon [_thread_blocked, id=8564, stack(0x0000002375100000,0x0000002375200000)]
  0x0000021945bfab00 JavaThread "Attach Listener" daemon [_thread_blocked, id=17572, stack(0x0000002375200000,0x0000002375300000)]
  0x0000021945bfb5c0 JavaThread "Service Thread" daemon [_thread_blocked, id=15004, stack(0x0000002375300000,0x0000002375400000)]
  0x0000021945bfde90 JavaThread "Monitor Deflation Thread" daemon [_thread_blocked, id=4624, stack(0x0000002375400000,0x0000002375500000)]
=>0x0000021945bfeb30 JavaThread "C2 CompilerThread0" daemon [_thread_in_native, id=12208, stack(0x0000002375500000,0x0000002375600000)]
  0x0000021945bff4e0 JavaThread "C1 CompilerThread0" daemon [_thread_blocked, id=14984, stack(0x0000002375600000,0x0000002375700000)]
  0x0000021945c4ea50 JavaThread "Sweeper thread" daemon [_thread_blocked, id=11204, stack(0x0000002375700000,0x0000002375800000)]
  0x000002194768b4c0 JavaThread "Common-Cleaner" daemon [_thread_blocked, id=14616, stack(0x0000002375800000,0x0000002375900000)]
  0x000002194793e9d0 JavaThread "Notification Thread" daemon [_thread_blocked, id=16144, stack(0x0000002375900000,0x0000002375a00000)]
  0x0000021947964f30 JavaThread "Active Thread: Equinox Container: 484dcb98-cd64-490b-b01b-e801c0db8533" [_thread_blocked, id=6820, stack(0x0000002375e00000,0x0000002375f00000)]
  0x0000021947e65e90 JavaThread "Framework Event Dispatcher: Equinox Container: 484dcb98-cd64-490b-b01b-e801c0db8533" daemon [_thread_blocked, id=14484, stack(0x0000002375f00000,0x0000002376000000)]
  0x0000021948088f10 JavaThread "Start Level: Equinox Container: 484dcb98-cd64-490b-b01b-e801c0db8533" daemon [_thread_blocked, id=19404, stack(0x0000002376000000,0x0000002376100000)]
  0x00000219480089c0 JavaThread "SCR Component Actor" daemon [_thread_blocked, id=8280, stack(0x0000002376100000,0x0000002376200000)]
  0x000002194818e1f0 JavaThread "SCR Component Registry" daemon [_thread_blocked, id=15932, stack(0x0000002376200000,0x0000002376300000)]
  0x0000021948d3aa10 JavaThread "Worker-JM" [_thread_blocked, id=1120, stack(0x0000002376300000,0x0000002376400000)]
  0x0000021948d599c0 JavaThread "Worker-0" [_thread_blocked, id=1032, stack(0x0000002376400000,0x0000002376500000)]
  0x0000021948c64060 JavaThread "Worker-1" [_thread_blocked, id=1728, stack(0x0000002376500000,0x0000002376600000)]
  0x0000021948c67a20 JavaThread "Java indexing" daemon [_thread_new, id=11752, stack(0x0000000000000000,0x0000000000000000)]

Other Threads:
  0x0000021945bb6f30 VMThread "VM Thread" [stack: 0x0000002374e00000,0x0000002374f00000] [id=10356] _threads_hazard_ptr=0x000002194918c5e0
  0x00000219477fda20 WatcherThread [stack: 0x0000002375a00000,0x0000002375b00000] [id=6952]
  0x0000021931dc3900 GCTaskThread "GC Thread#0" [stack: 0x0000002374d00000,0x0000002374e00000] [id=14524]
  0x0000021947d8db10 GCTaskThread "GC Thread#1" [stack: 0x0000002375b00000,0x0000002375c00000] [id=17748]
  0x0000021947d8ddc0 GCTaskThread "GC Thread#2" [stack: 0x0000002375c00000,0x0000002375d00000] [id=19176]
  0x0000021947d8e070 GCTaskThread "GC Thread#3" [stack: 0x0000002375d00000,0x0000002375e00000] [id=1072]

Threads with active compile tasks:
C2 CompilerThread0     6884 2278       4       org.objectweb.asm.ClassReader::readMethod (1066 bytes)
C1 CompilerThread0     6884 2376   !   3       java.util.concurrent.ConcurrentHashMap::replaceNode (438 bytes)

VM state: not at safepoint (normal execution)

VM Mutex/Monitor currently owned by a thread:  ([mutex/lock_event])
[0x0000021931da9870] Compile_lock - owner thread: 0x0000021948088f10
[0x0000021931da9d80] MethodCompileQueue_lock - owner thread: 0x0000021945bff4e0

Heap address: 0x00000000c0000000, size: 1024 MB, Compressed Oops mode: 32-bit

CDS archive(s) not mapped
Compressed class space mapped at: 0x0000000100000000-0x0000000140000000, reserved size: 1073741824
Narrow klass base: 0x0000000000000000, Narrow klass shift: 3, Narrow klass range: 0x140000000

GC Precious Log:
 CPUs: 4 total, 4 available
 Memory: 3979M
 Large Page Support: Disabled
 NUMA Support: Disabled
 Compressed Oops: Enabled (32-bit)
 Alignments: Space 512K, Generation 512K, Heap 2M
 Heap Min Capacity: 100M
 Heap Initial Capacity: 100M
 Heap Max Capacity: 1G
 Pre-touch: Disabled
 Parallel Workers: 4

Heap:
 PSYoungGen      total 25600K, used 22793K [0x00000000eab00000, 0x00000000ec880000, 0x0000000100000000)
  eden space 25088K, 89% used [0x00000000eab00000,0x00000000ec0fd7e8,0x00000000ec380000)
  from space 512K, 53% used [0x00000000ec400000,0x00000000ec444e38,0x00000000ec480000)
  to   space 2048K, 0% used [0x00000000ec680000,0x00000000ec680000,0x00000000ec880000)
 ParOldGen       total 68608K, used 7284K [0x00000000c0000000, 0x00000000c4300000, 0x00000000eab00000)
  object space 68608K, 10% used [0x00000000c0000000,0x00000000c071d300,0x00000000c4300000)
 Metaspace       used 27130K, committed 27648K, reserved 1081344K
  class space    used 2612K, committed 2816K, reserved 1048576K

Card table byte_map: [0x0000021931770000,0x0000021931980000] _byte_map_base: 0x0000021931170000

Marking Bits: (ParMarkBitMap*) 0x00007ff8e4ba2cc0
 Begin Bits: [0x0000021943a50000, 0x0000021944a50000)
 End Bits:   [0x0000021944a50000, 0x0000021945a50000)

Polling page: 0x000002192fc90000

Metaspace:

Usage:
  Non-class:     23.94 MB used.
      Class:      2.55 MB used.
       Both:     26.49 MB used.

Virtual space:
  Non-class space:       32.00 MB reserved,      24.25 MB ( 76%) committed,  4 nodes.
      Class space:        1.00 GB reserved,       2.75 MB ( <1%) committed,  1 nodes.
             Both:        1.03 GB reserved,      27.00 MB (  3%) committed. 

Chunk freelists:
   Non-Class:  3.53 MB
       Class:  1.06 MB
        Both:  4.59 MB

MaxMetaspaceSize: unlimited
CompressedClassSpaceSize: 1.00 GB
Initial GC threshold: 21.00 MB
Current GC threshold: 35.00 MB
CDS: off
MetaspaceReclaimPolicy: balanced
 - commit_granule_bytes: 65536.
 - commit_granule_words: 8192.
 - virtual_space_node_default_size: 1048576.
 - enlarge_chunks_in_place: 1.
 - new_chunks_are_fully_committed: 0.
 - uncommit_free_chunks: 1.
 - use_allocation_guard: 0.
 - handle_deallocations: 1.


Internal statistics:

num_allocs_failed_limit: 3.
num_arena_births: 186.
num_arena_deaths: 14.
num_vsnodes_births: 5.
num_vsnodes_deaths: 0.
num_space_committed: 432.
num_space_uncommitted: 0.
num_chunks_returned_to_freelist: 17.
num_chunks_taken_from_freelist: 870.
num_chunk_merges: 7.
num_chunk_splits: 607.
num_chunks_enlarged: 451.
num_purges: 2.
num_inconsistent_stats: 0.

CodeHeap 'non-profiled nmethods': size=120000Kb used=886Kb max_used=886Kb free=119113Kb
 bounds [0x000002193c520000, 0x000002193c790000, 0x0000021943a50000]
CodeHeap 'profiled nmethods': size=120000Kb used=4799Kb max_used=4799Kb free=115200Kb
 bounds [0x0000021934ff0000, 0x00000219354a0000, 0x000002193c520000]
CodeHeap 'non-nmethods': size=5760Kb used=1228Kb max_used=1254Kb free=4531Kb
 bounds [0x0000021934a50000, 0x0000021934cc0000, 0x0000021934ff0000]
 total_blobs=2903 nmethods=2366 adapters=451
 compilation: enabled
              stopped_count=0, restarted_count=0
 full_count=0

Compilation events (20 events):
Event: 6.780 Thread 0x0000021945bff4e0 nmethod 2367 0x000002193549be10 code [0x000002193549bfc0, 0x000002193549c2a8]
Event: 6.780 Thread 0x0000021945bff4e0 2366       3       java.util.Arrays$ArrayList::<init> (16 bytes)
Event: 6.781 Thread 0x0000021945bff4e0 nmethod 2366 0x000002193549c410 code [0x000002193549c5e0, 0x000002193549c988]
Event: 6.781 Thread 0x0000021945bff4e0 2368       3       com.sun.org.apache.xerces.internal.util.ParserConfigurationSettings::getProperty (31 bytes)
Event: 6.781 Thread 0x0000021945bff4e0 nmethod 2368 0x000002193549cb10 code [0x000002193549cce0, 0x000002193549d018]
Event: 6.781 Thread 0x0000021945bff4e0 2369       3       java.lang.invoke.DirectMethodHandle::internalMemberName (8 bytes)
Event: 6.781 Thread 0x0000021945bff4e0 nmethod 2369 0x000002193549d190 code [0x000002193549d320, 0x000002193549d4f8]
Event: 6.806 Thread 0x0000021945bff4e0 2370       1       java.util.concurrent.atomic.AtomicLong::get (5 bytes)
Event: 6.806 Thread 0x0000021945bff4e0 nmethod 2370 0x000002193c5fd610 code [0x000002193c5fd7a0, 0x000002193c5fd878]
Event: 6.808 Thread 0x0000021945bff4e0 2371       3       sun.invoke.util.VerifyAccess::isTypeVisible (47 bytes)
Event: 6.809 Thread 0x0000021945bff4e0 nmethod 2371 0x000002193549d610 code [0x000002193549d800, 0x000002193549dc18]
Event: 6.810 Thread 0x0000021945bff4e0 2372       3       org.eclipse.core.internal.registry.Handle::<init> (15 bytes)
Event: 6.810 Thread 0x0000021945bff4e0 nmethod 2372 0x000002193549de10 code [0x000002193549dfa0, 0x000002193549e118]
Event: 6.810 Thread 0x0000021945bff4e0 2373       3       org.eclipse.osgi.container.ModuleRequirement::<init> (32 bytes)
Event: 6.811 Thread 0x0000021945bff4e0 nmethod 2373 0x000002193549e210 code [0x000002193549e3c0, 0x000002193549e5f8]
Event: 6.811 Thread 0x0000021945bff4e0 2374       3       org.eclipse.osgi.internal.framework.FilterImpl$Parser::parse_attr (149 bytes)
Event: 6.812 Thread 0x0000021945bff4e0 nmethod 2374 0x000002193549e710 code [0x000002193549e9a0, 0x000002193549f548]
Event: 6.812 Thread 0x0000021945bff4e0 2375       3       java.util.Optional::isPresent (13 bytes)
Event: 6.813 Thread 0x0000021945bff4e0 nmethod 2375 0x000002193549fa90 code [0x000002193549fc20, 0x000002193549fd98]
Event: 6.814 Thread 0x0000021945bff4e0 2376   !   3       java.util.concurrent.ConcurrentHashMap::replaceNode (438 bytes)

GC Heap History (12 events):
Event: 2.264 GC heap before
{Heap before GC invocations=1 (full 0):
 PSYoungGen      total 29696K, used 25600K [0x00000000eab00000, 0x00000000ecc00000, 0x0000000100000000)
  eden space 25600K, 100% used [0x00000000eab00000,0x00000000ec400000,0x00000000ec400000)
  from space 4096K, 0% used [0x00000000ec800000,0x00000000ec800000,0x00000000ecc00000)
  to   space 4096K, 0% used [0x00000000ec400000,0x00000000ec400000,0x00000000ec800000)
 ParOldGen       total 68608K, used 0K [0x00000000c0000000, 0x00000000c4300000, 0x00000000eab00000)
  object space 68608K, 0% used [0x00000000c0000000,0x00000000c0000000,0x00000000c4300000)
 Metaspace       used 10831K, committed 11008K, reserved 1064960K
  class space    used 1088K, committed 1152K, reserved 1048576K
}
Event: 2.286 GC heap after
{Heap after GC invocations=1 (full 0):
 PSYoungGen      total 29696K, used 3240K [0x00000000eab00000, 0x00000000ecc00000, 0x0000000100000000)
  eden space 25600K, 0% used [0x00000000eab00000,0x00000000eab00000,0x00000000ec400000)
  from space 4096K, 79% used [0x00000000ec400000,0x00000000ec72a228,0x00000000ec800000)
  to   space 4096K, 0% used [0x00000000ec800000,0x00000000ec800000,0x00000000ecc00000)
 ParOldGen       total 68608K, used 0K [0x00000000c0000000, 0x00000000c4300000, 0x00000000eab00000)
  object space 68608K, 0% used [0x00000000c0000000,0x00000000c0000000,0x00000000c4300000)
 Metaspace       used 10831K, committed 11008K, reserved 1064960K
  class space    used 1088K, committed 1152K, reserved 1048576K
}
Event: 3.842 GC heap before
{Heap before GC invocations=2 (full 0):
 PSYoungGen      total 29696K, used 28840K [0x00000000eab00000, 0x00000000ecc00000, 0x0000000100000000)
  eden space 25600K, 100% used [0x00000000eab00000,0x00000000ec400000,0x00000000ec400000)
  from space 4096K, 79% used [0x00000000ec400000,0x00000000ec72a228,0x00000000ec800000)
  to   space 4096K, 0% used [0x00000000ec800000,0x00000000ec800000,0x00000000ecc00000)
 ParOldGen       total 68608K, used 0K [0x00000000c0000000, 0x00000000c4300000, 0x00000000eab00000)
  object space 68608K, 0% used [0x00000000c0000000,0x00000000c0000000,0x00000000c4300000)
 Metaspace       used 15174K, committed 15424K, reserved 1064960K
  class space    used 1553K, committed 1664K, reserved 1048576K
}
Event: 3.850 GC heap after
{Heap after GC invocations=2 (full 0):
 PSYoungGen      total 29696K, used 4093K [0x00000000eab00000, 0x00000000ecc00000, 0x0000000100000000)
  eden space 25600K, 0% used [0x00000000eab00000,0x00000000eab00000,0x00000000ec400000)
  from space 4096K, 99% used [0x00000000ec800000,0x00000000ecbff718,0x00000000ecc00000)
  to   space 4096K, 0% used [0x00000000ec400000,0x00000000ec400000,0x00000000ec800000)
 ParOldGen       total 68608K, used 692K [0x00000000c0000000, 0x00000000c4300000, 0x00000000eab00000)
  object space 68608K, 1% used [0x00000000c0000000,0x00000000c00ad360,0x00000000c4300000)
 Metaspace       used 15174K, committed 15424K, reserved 1064960K
  class space    used 1553K, committed 1664K, reserved 1048576K
}
Event: 5.172 GC heap before
{Heap before GC invocations=3 (full 0):
 PSYoungGen      total 29696K, used 29693K [0x00000000eab00000, 0x00000000ecc00000, 0x0000000100000000)
  eden space 25600K, 100% used [0x00000000eab00000,0x00000000ec400000,0x00000000ec400000)
  from space 4096K, 99% used [0x00000000ec800000,0x00000000ecbff718,0x00000000ecc00000)
  to   space 4096K, 0% used [0x00000000ec400000,0x00000000ec400000,0x00000000ec800000)
 ParOldGen       total 68608K, used 692K [0x00000000c0000000, 0x00000000c4300000, 0x00000000eab00000)
  object space 68608K, 1% used [0x00000000c0000000,0x00000000c00ad360,0x00000000c4300000)
 Metaspace       used 20258K, committed 20736K, reserved 1073152K
  class space    used 2063K, committed 2304K, reserved 1048576K
}
Event: 5.183 GC heap after
{Heap after GC invocations=3 (full 0):
 PSYoungGen      total 29696K, used 4095K [0x00000000eab00000, 0x00000000ecc00000, 0x0000000100000000)
  eden space 25600K, 0% used [0x00000000eab00000,0x00000000eab00000,0x00000000ec400000)
  from space 4096K, 99% used [0x00000000ec400000,0x00000000ec7ffe48,0x00000000ec800000)
  to   space 4096K, 0% used [0x00000000ec800000,0x00000000ec800000,0x00000000ecc00000)
 ParOldGen       total 68608K, used 2680K [0x00000000c0000000, 0x00000000c4300000, 0x00000000eab00000)
  object space 68608K, 3% used [0x00000000c0000000,0x00000000c029e308,0x00000000c4300000)
 Metaspace       used 20258K, committed 20736K, reserved 1073152K
  class space    used 2063K, committed 2304K, reserved 1048576K
}
Event: 5.474 GC heap before
{Heap before GC invocations=4 (full 0):
 PSYoungGen      total 29696K, used 9565K [0x00000000eab00000, 0x00000000ecc00000, 0x0000000100000000)
  eden space 25600K, 21% used [0x00000000eab00000,0x00000000eb057720,0x00000000ec400000)
  from space 4096K, 99% used [0x00000000ec400000,0x00000000ec7ffe48,0x00000000ec800000)
  to   space 4096K, 0% used [0x00000000ec800000,0x00000000ec800000,0x00000000ecc00000)
 ParOldGen       total 68608K, used 2680K [0x00000000c0000000, 0x00000000c4300000, 0x00000000eab00000)
  object space 68608K, 3% used [0x00000000c0000000,0x00000000c029e308,0x00000000c4300000)
 Metaspace       used 21081K, committed 21504K, reserved 1073152K
  class space    used 2152K, committed 2368K, reserved 1048576K
}
Event: 5.484 GC heap after
{Heap after GC invocations=4 (full 0):
 PSYoungGen      total 29696K, used 4084K [0x00000000eab00000, 0x00000000ecc00000, 0x0000000100000000)
  eden space 25600K, 0% used [0x00000000eab00000,0x00000000eab00000,0x00000000ec400000)
  from space 4096K, 99% used [0x00000000ec800000,0x00000000ecbfd240,0x00000000ecc00000)
  to   space 4096K, 0% used [0x00000000ec400000,0x00000000ec400000,0x00000000ec800000)
 ParOldGen       total 68608K, used 3321K [0x00000000c0000000, 0x00000000c4300000, 0x00000000eab00000)
  object space 68608K, 4% used [0x00000000c0000000,0x00000000c033e520,0x00000000c4300000)
 Metaspace       used 21081K, committed 21504K, reserved 1073152K
  class space    used 2152K, committed 2368K, reserved 1048576K
}
Event: 5.484 GC heap before
{Heap before GC invocations=5 (full 1):
 PSYoungGen      total 29696K, used 4084K [0x00000000eab00000, 0x00000000ecc00000, 0x0000000100000000)
  eden space 25600K, 0% used [0x00000000eab00000,0x00000000eab00000,0x00000000ec400000)
  from space 4096K, 99% used [0x00000000ec800000,0x00000000ecbfd240,0x00000000ecc00000)
  to   space 4096K, 0% used [0x00000000ec400000,0x00000000ec400000,0x00000000ec800000)
 ParOldGen       total 68608K, used 3321K [0x00000000c0000000, 0x00000000c4300000, 0x00000000eab00000)
  object space 68608K, 4% used [0x00000000c0000000,0x00000000c033e520,0x00000000c4300000)
 Metaspace       used 21081K, committed 21504K, reserved 1073152K
  class space    used 2152K, committed 2368K, reserved 1048576K
}
Event: 5.533 GC heap after
{Heap after GC invocations=5 (full 1):
 PSYoungGen      total 29696K, used 0K [0x00000000eab00000, 0x00000000ecc00000, 0x0000000100000000)
  eden space 25600K, 0% used [0x00000000eab00000,0x00000000eab00000,0x00000000ec400000)
  from space 4096K, 0% used [0x00000000ec800000,0x00000000ec800000,0x00000000ecc00000)
  to   space 4096K, 0% used [0x00000000ec400000,0x00000000ec400000,0x00000000ec800000)
 ParOldGen       total 68608K, used 7276K [0x00000000c0000000, 0x00000000c4300000, 0x00000000eab00000)
  object space 68608K, 10% used [0x00000000c0000000,0x00000000c071b300,0x00000000c4300000)
 Metaspace       used 21068K, committed 21504K, reserved 1073152K
  class space    used 2148K, committed 2368K, reserved 1048576K
}
Event: 6.224 GC heap before
{Heap before GC invocations=6 (full 1):
 PSYoungGen      total 29696K, used 25600K [0x00000000eab00000, 0x00000000ecc00000, 0x0000000100000000)
  eden space 25600K, 100% used [0x00000000eab00000,0x00000000ec400000,0x00000000ec400000)
  from space 4096K, 0% used [0x00000000ec800000,0x00000000ec800000,0x00000000ecc00000)
  to   space 4096K, 0% used [0x00000000ec400000,0x00000000ec400000,0x00000000ec800000)
 ParOldGen       total 68608K, used 7276K [0x00000000c0000000, 0x00000000c4300000, 0x00000000eab00000)
  object space 68608K, 10% used [0x00000000c0000000,0x00000000c071b300,0x00000000c4300000)
 Metaspace       used 24596K, committed 25088K, reserved 1073152K
  class space    used 2398K, committed 2624K, reserved 1048576K
}
Event: 6.225 GC heap after
{Heap after GC invocations=6 (full 1):
 PSYoungGen      total 25600K, used 275K [0x00000000eab00000, 0x00000000ec880000, 0x0000000100000000)
  eden space 25088K, 0% used [0x00000000eab00000,0x00000000eab00000,0x00000000ec380000)
  from space 512K, 53% used [0x00000000ec400000,0x00000000ec444e38,0x00000000ec480000)
  to   space 2048K, 0% used [0x00000000ec680000,0x00000000ec680000,0x00000000ec880000)
 ParOldGen       total 68608K, used 7284K [0x00000000c0000000, 0x00000000c4300000, 0x00000000eab00000)
  object space 68608K, 10% used [0x00000000c0000000,0x00000000c071d300,0x00000000c4300000)
 Metaspace       used 24596K, committed 25088K, reserved 1073152K
  class space    used 2398K, committed 2624K, reserved 1048576K
}

Deoptimization events (20 events):
Event: 4.868 Thread 0x0000021948088f10 DEOPT PACKING pc=0x000002193c5d5ef0 sp=0x00000023760f7b20
Event: 4.868 Thread 0x0000021948088f10 DEOPT UNPACKING pc=0x0000021934aa20a3 sp=0x00000023760f7b10 mode 2
Event: 5.097 Thread 0x0000021948088f10 Uncommon trap: trap_request=0xffffff45 fr.pc=0x000002193c5a09c0 relative=0x0000000000000040
Event: 5.097 Thread 0x0000021948088f10 Uncommon trap: reason=unstable_if action=reinterpret pc=0x000002193c5a09c0 method=sun.nio.fs.WindowsPathParser.isSlash(C)Z @ 9 c2
Event: 5.097 Thread 0x0000021948088f10 DEOPT PACKING pc=0x000002193c5a09c0 sp=0x00000023760f9170
Event: 5.097 Thread 0x0000021948088f10 DEOPT UNPACKING pc=0x0000021934aa20a3 sp=0x00000023760f90f8 mode 2
Event: 6.611 Thread 0x0000021948088f10 DEOPT PACKING pc=0x00000219350bff1e sp=0x00000023760f7ea0
Event: 6.611 Thread 0x0000021948088f10 DEOPT UNPACKING pc=0x0000021934aa2843 sp=0x00000023760f7398 mode 0
Event: 6.613 Thread 0x0000021948088f10 DEOPT PACKING pc=0x00000219350bff1e sp=0x00000023760f7ea0
Event: 6.613 Thread 0x0000021948088f10 DEOPT UNPACKING pc=0x0000021934aa2843 sp=0x00000023760f7398 mode 0
Event: 6.615 Thread 0x0000021948088f10 DEOPT PACKING pc=0x00000219350bff1e sp=0x00000023760f7ea0
Event: 6.615 Thread 0x0000021948088f10 DEOPT UNPACKING pc=0x0000021934aa2843 sp=0x00000023760f7398 mode 0
Event: 6.734 Thread 0x0000021948088f10 DEOPT PACKING pc=0x00000219350bff1e sp=0x00000023760f8c50
Event: 6.734 Thread 0x0000021948088f10 DEOPT UNPACKING pc=0x0000021934aa2843 sp=0x00000023760f8148 mode 0
Event: 6.745 Thread 0x0000021948088f10 DEOPT PACKING pc=0x00000219350bff1e sp=0x00000023760f8c50
Event: 6.745 Thread 0x0000021948088f10 DEOPT UNPACKING pc=0x0000021934aa2843 sp=0x00000023760f8148 mode 0
Event: 6.746 Thread 0x0000021948088f10 DEOPT PACKING pc=0x00000219350bff1e sp=0x00000023760f8c50
Event: 6.746 Thread 0x0000021948088f10 DEOPT UNPACKING pc=0x0000021934aa2843 sp=0x00000023760f8148 mode 0
Event: 6.747 Thread 0x0000021948088f10 DEOPT PACKING pc=0x00000219350bff1e sp=0x00000023760f8c50
Event: 6.747 Thread 0x0000021948088f10 DEOPT UNPACKING pc=0x0000021934aa2843 sp=0x00000023760f8148 mode 0

Classes unloaded (7 events):
Event: 5.493 Thread 0x0000021945bb6f30 Unloading class 0x0000000100210800 'java/lang/invoke/LambdaForm$MH+0x0000000100210800'
Event: 5.493 Thread 0x0000021945bb6f30 Unloading class 0x0000000100210400 'java/lang/invoke/LambdaForm$MH+0x0000000100210400'
Event: 5.493 Thread 0x0000021945bb6f30 Unloading class 0x0000000100210000 'java/lang/invoke/LambdaForm$MH+0x0000000100210000'
Event: 5.493 Thread 0x0000021945bb6f30 Unloading class 0x000000010020fc00 'java/lang/invoke/LambdaForm$MH+0x000000010020fc00'
Event: 5.493 Thread 0x0000021945bb6f30 Unloading class 0x000000010020f400 'java/lang/invoke/LambdaForm$BMH+0x000000010020f400'
Event: 5.493 Thread 0x0000021945bb6f30 Unloading class 0x000000010020f000 'java/lang/invoke/LambdaForm$DMH+0x000000010020f000'
Event: 5.493 Thread 0x0000021945bb6f30 Unloading class 0x000000010020c400 'java/lang/invoke/LambdaForm$DMH+0x000000010020c400'

Classes redefined (0 events):
No events

Internal exceptions (20 events):
Event: 4.104 Thread 0x0000021948088f10 Exception <a 'java/io/FileNotFoundException'{0x00000000eb11aa88}> (0x00000000eb11aa88) 
thrown [s\src\hotspot\share\prims\jni.cpp, line 516]
Event: 4.136 Thread 0x0000021948088f10 Exception <a 'java/lang/NullPointerException'{0x00000000eb16c2d0}> (0x00000000eb16c2d0) 
thrown [s\src\hotspot\share\interpreter\linkResolver.cpp, line 1350]
Event: 4.136 Thread 0x0000021948088f10 Exception <a 'java/lang/NullPointerException'{0x00000000eb16caf8}> (0x00000000eb16caf8) 
thrown [s\src\hotspot\share\interpreter\linkResolver.cpp, line 1350]
Event: 4.485 Thread 0x0000021948088f10 Exception <a 'java/lang/NoSuchMethodError'{0x00000000eb8b9ad0}: 'void java.lang.invoke.DirectMethodHandle$Holder.invokeInterface(java.lang.Object, java.lang.Object, java.lang.Object)'> (0x00000000eb8b9ad0) 
thrown [s\src\hotspot\share\interpreter\linkResolver.cpp, line 759]
Event: 4.657 Thread 0x0000021948088f10 Exception <a 'java/lang/NoSuchMethodError'{0x00000000ebbda928}: 'java.lang.Object java.lang.invoke.Invokers$Holder.invokeExact_MT(java.lang.Object, java.lang.Object, java.lang.Object, java.lang.Object, java.lang.Object, java.lang.Object)'> (0x00000000ebbda928) 
thrown [s\src\hotspot\share\interpreter\linkResolver.cpp, line 759]
Event: 4.724 Thread 0x0000021948088f10 Exception <a 'java/lang/NoSuchMethodError'{0x00000000ebcbcb50}: 'java.lang.Object java.lang.invoke.DirectMethodHandle$Holder.invokeStatic(java.lang.Object, java.lang.Object, int)'> (0x00000000ebcbcb50) 
thrown [s\src\hotspot\share\interpreter\linkResolver.cpp, line 759]
Event: 4.725 Thread 0x0000021948088f10 Exception <a 'java/lang/NoSuchMethodError'{0x00000000ebcc1700}: 'void java.lang.invoke.DirectMethodHandle$Holder.invokeStatic(java.lang.Object, java.lang.Object, int, java.lang.Object)'> (0x00000000ebcc1700) 
thrown [s\src\hotspot\share\interpreter\linkResolver.cpp, line 759]
Event: 4.727 Thread 0x0000021948088f10 Exception <a 'java/lang/NoSuchMethodError'{0x00000000ebcc8e30}: 'void java.lang.invoke.DelegatingMethodHandle$Holder.delegate(java.lang.Object, java.lang.Object, int, java.lang.Object)'> (0x00000000ebcc8e30) 
thrown [s\src\hotspot\share\interpreter\linkResolver.cpp, line 759]
Event: 4.728 Thread 0x0000021948088f10 Exception <a 'java/lang/NoSuchMethodError'{0x00000000ebccd218}: 'int java.lang.invoke.DirectMethodHandle$Holder.invokeSpecial(java.lang.Object, java.lang.Object, java.lang.Object)'> (0x00000000ebccd218) 
thrown [s\src\hotspot\share\interpreter\linkResolver.cpp, line 759]
Event: 4.731 Thread 0x0000021948088f10 Exception <a 'java/lang/NoSuchMethodError'{0x00000000ebcdd808}: 'int java.lang.invoke.DirectMethodHandle$Holder.invokeStatic(java.lang.Object, java.lang.Object, int)'> (0x00000000ebcdd808) 
thrown [s\src\hotspot\share\interpreter\linkResolver.cpp, line 759]
Event: 4.732 Thread 0x0000021948088f10 Exception <a 'java/lang/NoSuchMethodError'{0x00000000ebce1830}: 'int java.lang.invoke.DirectMethodHandle$Holder.invokeSpecial(java.lang.Object, java.lang.Object, java.lang.Object, int)'> (0x00000000ebce1830) 
thrown [s\src\hotspot\share\interpreter\linkResolver.cpp, line 759]
Event: 4.737 Thread 0x0000021948088f10 Exception <a 'java/lang/NoSuchMethodError'{0x00000000ebcfc820}: 'java.lang.Object java.lang.invoke.DirectMethodHandle$Holder.invokeStatic(java.lang.Object, java.lang.Object, java.lang.Object, java.lang.Object, int)'> (0x00000000ebcfc820) 
thrown [s\src\hotspot\share\interpreter\linkResolver.cpp, line 759]
Event: 4.742 Thread 0x0000021948088f10 Exception <a 'java/lang/NoSuchMethodError'{0x00000000ebd08818}: 'java.lang.Object java.lang.invoke.DelegatingMethodHandle$Holder.reinvoke_L(java.lang.Object, java.lang.Object, java.lang.Object, java.lang.Object, int, int)'> (0x00000000ebd08818) 
thrown [s\src\hotspot\share\interpreter\linkResolver.cpp, line 759]
Event: 4.749 Thread 0x0000021948088f10 Exception <a 'java/lang/NoSuchMethodError'{0x00000000ebd20380}: 'java.lang.Object java.lang.invoke.Invokers$Holder.invokeExact_MT(java.lang.Object, java.lang.Object, java.lang.Object, java.lang.Object)'> (0x00000000ebd20380) 
thrown [s\src\hotspot\share\interpreter\linkResolver.cpp, line 759]
Event: 5.226 Thread 0x0000021948088f10 Exception <a 'java/lang/NoSuchMethodError'{0x00000000eac4b088}: 'int java.lang.invoke.DirectMethodHandle$Holder.invokeStaticInit(java.lang.Object, java.lang.Object, java.lang.Object)'> (0x00000000eac4b088) 
thrown [s\src\hotspot\share\interpreter\linkResolver.cpp, line 759]
Event: 5.286 Thread 0x0000021948088f10 Exception <a 'java/lang/IncompatibleClassChangeError'{0x00000000eacc24f0}: Found class java.lang.Object, but interface was expected> (0x00000000eacc24f0) 
thrown [s\src\hotspot\share\interpreter\linkResolver.cpp, line 826]
Event: 5.402 Thread 0x0000021948d599c0 Exception <a 'java/io/FileNotFoundException'{0x00000000eadf0938}> (0x00000000eadf0938) 
thrown [s\src\hotspot\share\prims\jni.cpp, line 516]
Event: 6.719 Thread 0x0000021948088f10 Exception <a 'java/lang/ClassNotFoundException'{0x00000000ebf7ce30}: com/sun/org/apache/xerces/internal/impl/msg/spi/DOMMessagesProvider> (0x00000000ebf7ce30) 
thrown [s\src\hotspot\share\classfile\systemDictionary.cpp, line 256]
Event: 6.735 Thread 0x0000021948088f10 Exception <a 'java/lang/ClassNotFoundException'{0x00000000ebfa3870}: com/sun/org/apache/xerces/internal/impl/msg/spi/XMLSerializerMessagesProvider> (0x00000000ebfa3870) 
thrown [s\src\hotspot\share\classfile\systemDictionary.cpp, line 256]
Event: 6.738 Thread 0x0000021948088f10 Exception <a 'java/lang/ClassNotFoundException'{0x00000000ebfb13e8}: com/sun/org/apache/xerces/internal/impl/msg/spi/XMLMessagesProvider> (0x00000000ebfb13e8) 
thrown [s\src\hotspot\share\classfile\systemDictionary.cpp, line 256]

VM Operations (20 events):
Event: 3.588 Executing VM operation: Cleanup done
Event: 3.842 Executing VM operation: ParallelGCFailedAllocation
Event: 3.850 Executing VM operation: ParallelGCFailedAllocation done
Event: 4.311 Executing VM operation: HandshakeAllThreads
Event: 4.311 Executing VM operation: HandshakeAllThreads done
Event: 4.415 Executing VM operation: HandshakeAllThreads
Event: 4.415 Executing VM operation: HandshakeAllThreads done
Event: 4.425 Executing VM operation: HandshakeAllThreads
Event: 4.425 Executing VM operation: HandshakeAllThreads done
Event: 4.723 Executing VM operation: HandshakeAllThreads
Event: 4.723 Executing VM operation: HandshakeAllThreads done
Event: 5.172 Executing VM operation: ParallelGCFailedAllocation
Event: 5.183 Executing VM operation: ParallelGCFailedAllocation done
Event: 5.375 Executing VM operation: HandshakeAllThreads
Event: 5.382 Executing VM operation: HandshakeAllThreads done
Event: 5.474 Executing VM operation: CollectForMetadataAllocation
Event: 5.535 Executing VM operation: CollectForMetadataAllocation done
Event: 6.224 Executing VM operation: ParallelGCFailedAllocation
Event: 6.226 Executing VM operation: ParallelGCFailedAllocation done
Event: 6.817 Executing VM operation: HandshakeAllThreads

Events (20 events):
Event: 6.738 loading class com/sun/org/apache/xerces/internal/impl/msg/XMLSerializerMessages_en done
Event: 6.738 loading class com/sun/org/apache/xerces/internal/impl/msg/XMLSerializerMessages_en_US
Event: 6.738 loading class com/sun/org/apache/xerces/internal/impl/msg/XMLSerializerMessages_en_US done
Event: 6.738 loading class com/sun/org/apache/xerces/internal/impl/msg/XMLSerializerMessages_en_US
Event: 6.738 loading class com/sun/org/apache/xerces/internal/impl/msg/XMLSerializerMessages_en_US done
Event: 6.738 loading class com/sun/org/apache/xerces/internal/impl/msg/XMLMessages
Event: 6.738 loading class com/sun/org/apache/xerces/internal/impl/msg/XMLMessages done
Event: 6.738 loading class com/sun/org/apache/xerces/internal/impl/msg/XMLMessages
Event: 6.738 loading class com/sun/org/apache/xerces/internal/impl/msg/XMLMessages done
Event: 6.749 loading class com/sun/org/apache/xerces/internal/impl/msg/XMLMessages_en
Event: 6.749 loading class com/sun/org/apache/xerces/internal/impl/msg/XMLMessages_en done
Event: 6.749 loading class com/sun/org/apache/xerces/internal/impl/msg/XMLMessages_en
Event: 6.749 loading class com/sun/org/apache/xerces/internal/impl/msg/XMLMessages_en done
Event: 6.751 loading class com/sun/org/apache/xerces/internal/impl/msg/XMLMessages_en_US
Event: 6.751 loading class com/sun/org/apache/xerces/internal/impl/msg/XMLMessages_en_US done
Event: 6.751 loading class com/sun/org/apache/xerces/internal/impl/msg/XMLMessages_en_US
Event: 6.751 loading class com/sun/org/apache/xerces/internal/impl/msg/XMLMessages_en_US done
Event: 6.805 Thread 0x0000021948c67a20 Thread added: 0x0000021948c67a20
Event: 6.815 loading class java/lang/ProcessEnvironment
Event: 6.816 loading class java/lang/ProcessEnvironment done


Dynamic libraries:
0x00007ff75d520000 - 0x00007ff75d52e000 	c:\Users\wuzhe\.vscode\extensions\redhat.java-1.11.0-win32-x64\jre\17.0.4.1-win32-x86_64\bin\java.exe
0x00007ff94baf0000 - 0x00007ff94bce8000 	C:\Windows\SYSTEM32\ntdll.dll
0x00007ff94b800000 - 0x00007ff94b8bd000 	C:\Windows\System32\KERNEL32.DLL
0x00007ff949390000 - 0x00007ff94965e000 	C:\Windows\System32\KERNELBASE.dll
0x00007ff9499a0000 - 0x00007ff949aa0000 	C:\Windows\System32\ucrtbase.dll
0x00007ff931970000 - 0x00007ff931988000 	c:\Users\wuzhe\.vscode\extensions\redhat.java-1.11.0-win32-x64\jre\17.0.4.1-win32-x86_64\bin\jli.dll
0x00007ff94afa0000 - 0x00007ff94b140000 	C:\Windows\System32\USER32.dll
0x00007ff949660000 - 0x00007ff949682000 	C:\Windows\System32\win32u.dll
0x00007ff94b950000 - 0x00007ff94b97a000 	C:\Windows\System32\GDI32.dll
0x00007ff949700000 - 0x00007ff94980b000 	C:\Windows\System32\gdi32full.dll
0x00007ff949210000 - 0x00007ff9492ad000 	C:\Windows\System32\msvcp_win.dll
0x00007ff928cb0000 - 0x00007ff928cc9000 	c:\Users\wuzhe\.vscode\extensions\redhat.java-1.11.0-win32-x64\jre\17.0.4.1-win32-x86_64\bin\VCRUNTIME140.dll
0x00007ff92f680000 - 0x00007ff92f91a000 	C:\Windows\WinSxS\amd64_microsoft.windows.common-controls_6595b64144ccf1df_6.0.19041.1110_none_60b5254171f9507e\COMCTL32.dll
0x00007ff949d90000 - 0x00007ff949e2e000 	C:\Windows\System32\msvcrt.dll
0x00007ff94b8c0000 - 0x00007ff94b8f0000 	C:\Windows\System32\IMM32.DLL
0x00007ff941500000 - 0x00007ff94150c000 	c:\Users\wuzhe\.vscode\extensions\redhat.java-1.11.0-win32-x64\jre\17.0.4.1-win32-x86_64\bin\vcruntime140_1.dll
0x00007ff912030000 - 0x00007ff9120c1000 	c:\Users\wuzhe\.vscode\extensions\redhat.java-1.11.0-win32-x64\jre\17.0.4.1-win32-x86_64\bin\msvcp140.dll
0x00007ff8e4020000 - 0x00007ff8e4c66000 	c:\Users\wuzhe\.vscode\extensions\redhat.java-1.11.0-win32-x64\jre\17.0.4.1-win32-x86_64\bin\server\jvm.dll
0x00007ff949ce0000 - 0x00007ff949d8e000 	C:\Windows\System32\ADVAPI32.dll
0x00007ff94af00000 - 0x00007ff94af9c000 	C:\Windows\System32\sechost.dll
0x00007ff94b980000 - 0x00007ff94baa5000 	C:\Windows\System32\RPCRT4.dll
0x00007ff94b390000 - 0x00007ff94b398000 	C:\Windows\System32\PSAPI.DLL
0x00007ff940710000 - 0x00007ff940719000 	C:\Windows\SYSTEM32\WSOCK32.dll
0x00007ff94adc0000 - 0x00007ff94ae2b000 	C:\Windows\System32\WS2_32.dll
0x00007ff929030000 - 0x00007ff929057000 	C:\Windows\SYSTEM32\WINMM.dll
0x00007ff9399d0000 - 0x00007ff9399da000 	C:\Windows\SYSTEM32\VERSION.dll
0x00007ff947100000 - 0x00007ff947112000 	C:\Windows\SYSTEM32\kernel.appcore.dll
0x00007ff9319d0000 - 0x00007ff9319da000 	c:\Users\wuzhe\.vscode\extensions\redhat.java-1.11.0-win32-x64\jre\17.0.4.1-win32-x86_64\bin\jimage.dll
0x00007ff933be0000 - 0x00007ff933dc4000 	C:\Windows\SYSTEM32\DBGHELP.DLL
0x00007ff930750000 - 0x00007ff93077c000 	C:\Windows\SYSTEM32\dbgcore.DLL
0x00007ff949300000 - 0x00007ff949382000 	C:\Windows\System32\bcryptPrimitives.dll
0x00007ff931990000 - 0x00007ff93199e000 	c:\Users\wuzhe\.vscode\extensions\redhat.java-1.11.0-win32-x64\jre\17.0.4.1-win32-x86_64\bin\instrument.dll
0x00007ff9319a0000 - 0x00007ff9319c5000 	c:\Users\wuzhe\.vscode\extensions\redhat.java-1.11.0-win32-x64\jre\17.0.4.1-win32-x86_64\bin\java.dll
0x00007ff9287e0000 - 0x00007ff9287f8000 	c:\Users\wuzhe\.vscode\extensions\redhat.java-1.11.0-win32-x64\jre\17.0.4.1-win32-x86_64\bin\zip.dll
0x00007ff949f10000 - 0x00007ff94a653000 	C:\Windows\System32\SHELL32.dll
0x00007ff947300000 - 0x00007ff947a95000 	C:\Windows\SYSTEM32\windows.storage.dll
0x00007ff94b3a0000 - 0x00007ff94b6f4000 	C:\Windows\System32\combase.dll
0x00007ff948c70000 - 0x00007ff948ca0000 	C:\Windows\SYSTEM32\Wldp.dll
0x00007ff94b1a0000 - 0x00007ff94b24d000 	C:\Windows\System32\SHCORE.dll
0x00007ff94b8f0000 - 0x00007ff94b945000 	C:\Windows\System32\shlwapi.dll
0x00007ff949150000 - 0x00007ff94916f000 	C:\Windows\SYSTEM32\profapi.dll
0x00007ff928750000 - 0x00007ff928769000 	C:\Users\wuzhe\.vscode\extensions\redhat.java-1.11.0-win32-x64\jre\17.0.4.1-win32-x86_64\bin\net.dll
0x00007ff935fd0000 - 0x00007ff9360da000 	C:\Windows\SYSTEM32\WINHTTP.dll
0x00007ff9489d0000 - 0x00007ff948a3a000 	C:\Windows\system32\mswsock.dll
0x00007ff928520000 - 0x00007ff928535000 	C:\Users\wuzhe\.vscode\extensions\redhat.java-1.11.0-win32-x64\jre\17.0.4.1-win32-x86_64\bin\nio.dll
0x00007ff92a7b0000 - 0x00007ff92a7c0000 	c:\Users\wuzhe\.vscode\extensions\redhat.java-1.11.0-win32-x64\jre\17.0.4.1-win32-x86_64\bin\verify.dll
0x00007ff91c070000 - 0x00007ff91c0ae000 	C:\Users\wuzhe\AppData\Roaming\Code\User\globalStorage\redhat.java\1.11.0\config_ss_win\org.eclipse.equinox.launcher\org.eclipse.equinox.launcher.win32.win32.x86_64_1.2.600.v20220720-1916\eclipse_11700.dll
0x00007ff94b250000 - 0x00007ff94b37a000 	C:\Windows\System32\ole32.dll

dbghelp: loaded successfully - version: 4.0.5 - missing functions: none
symbol engine: initialized successfully - sym options: 0x614 - pdb path: .;c:\Users\wuzhe\.vscode\extensions\redhat.java-1.11.0-win32-x64\jre\17.0.4.1-win32-x86_64\bin;C:\Windows\SYSTEM32;C:\Windows\WinSxS\amd64_microsoft.windows.common-controls_6595b64144ccf1df_6.0.19041.1110_none_60b5254171f9507e;c:\Users\wuzhe\.vscode\extensions\redhat.java-1.11.0-win32-x64\jre\17.0.4.1-win32-x86_64\bin\server;C:\Users\wuzhe\AppData\Roaming\Code\User\globalStorage\redhat.java\1.11.0\config_ss_win\org.eclipse.equinox.launcher\org.eclipse.equinox.launcher.win32.win32.x86_64_1.2.600.v20220720-1916

VM Arguments:
jvm_args: --add-modules=ALL-SYSTEM --add-opens=java.base/java.util=ALL-UNNAMED --add-opens=java.base/java.lang=ALL-UNNAMED --add-opens=java.base/sun.nio.fs=ALL-UNNAMED -Declipse.application=org.eclipse.jdt.ls.core.id1 -Dosgi.bundles.defaultStartLevel=4 -Declipse.product=org.eclipse.jdt.ls.core.product -Djava.import.generatesMetadataFilesAtProjectRoot=false -Dfile.encoding=utf8 -DwatchParentProcess=false -XX:+UseParallelGC -XX:GCTimeRatio=4 -XX:AdaptiveSizePolicyWeight=90 -Dsun.zip.disableMemoryMapping=true -Xmx1G -Xms100m -Xlog:disable -javaagent:c:\Users\wuzhe\.vscode\extensions\redhat.java-1.11.0-win32-x64\lombok\lombok-1.18.24.jar 
java_command: c:\Users\wuzhe\.vscode\extensions\redhat.java-1.11.0-win32-x64\server\plugins\org.eclipse.equinox.launcher_1.6.400.v20210924-0641.jar -configuration c:\Users\wuzhe\AppData\Roaming\Code\User\globalStorage\redhat.java\1.11.0\config_ss_win -data c:\Users\wuzhe\AppData\Roaming\Code\User\workspaceStorage\57a35751da7d4463364ea55e45586fe2\redhat.java\ss_ws
java_class_path (initial): c:\Users\wuzhe\.vscode\extensions\redhat.java-1.11.0-win32-x64\server\plugins\org.eclipse.equinox.launcher_1.6.400.v20210924-0641.jar
Launcher Type: SUN_STANDARD

[Global flags]
    uintx AdaptiveSizePolicyWeight                 = 90                                        {product} {command line}
     intx CICompilerCount                          = 3                                         {product} {ergonomic}
    uintx GCTimeRatio                              = 4                                         {product} {command line}
   size_t InitialHeapSize                          = 104857600                                 {product} {command line}
   size_t MaxHeapSize                              = 1073741824                                {product} {command line}
   size_t MaxNewSize                               = 357564416                                 {product} {ergonomic}
   size_t MinHeapDeltaBytes                        = 524288                                    {product} {ergonomic}
   size_t MinHeapSize                              = 104857600                                 {product} {command line}
   size_t NewSize                                  = 34603008                                  {product} {ergonomic}
    uintx NonNMethodCodeHeapSize                   = 5832780                                {pd product} {ergonomic}
    uintx NonProfiledCodeHeapSize                  = 122912730                              {pd product} {ergonomic}
   size_t OldSize                                  = 70254592                                  {product} {ergonomic}
    uintx ProfiledCodeHeapSize                     = 122912730                              {pd product} {ergonomic}
    uintx ReservedCodeCacheSize                    = 251658240                              {pd product} {ergonomic}
     bool SegmentedCodeCache                       = true                                      {product} {ergonomic}
   size_t SoftMaxHeapSize                          = 1073741824                             {manageable} {ergonomic}
     bool UseCompressedClassPointers               = true                           {product lp64_product} {ergonomic}
     bool UseCompressedOops                        = true                           {product lp64_product} {ergonomic}
     bool UseLargePagesIndividualAllocation        = false                                  {pd product} {ergonomic}
     bool UseParallelGC                            = true                                      {product} {command line}

Logging:
Log output configuration:
 #0: stdout all=off uptime,level,tags
 #1: stderr all=off uptime,level,tags

Environment Variables:
PATH=C:\Program Files\Eclipse Foundation\jdk-8.0.302.8-hotspot\bin;C:\Program Files (x86)\Common Files\Oracle\Java\javapath;C:\Program Files\Eclipse Adoptium\jdk-17.0.4.8-hotspot\bin;C:\Windows\system32;C:\Windows;C:\Windows\System32\Wbem;C:\Windows\System32\WindowsPowerShell\v1.0\;C:\Windows\System32\OpenSSH\;C:\Program Files\PuTTY\;C:\Program Files\dotnet\;C:\texlive\2022\bin\win32;C:\Users\wuzhe\AppData\Local\Microsoft\WindowsApps;C:\Users\wuzhe\AppData\Local\Programs\Microsoft VS Code\bin;C:\Users\wuzhe\AppData\Local\GitHubDesktop\bin;C:\Users\wuzhe\.dotnet\tools;C:\texlive\2022\bin\win32
USERNAME=wuzhe
OS=Windows_NT
PROCESSOR_IDENTIFIER=Intel64 Family 6 Model 78 Stepping 3, GenuineIntel
TMP=C:\Users\wuzhe\AppData\Local\Temp
TEMP=C:\Users\wuzhe\AppData\Local\Temp



---------------  S Y S T E M  ---------------

OS:
 Windows 10 , 64 bit Build 19041 (10.0.19041.1889)
OS uptime: 7 days 23:18 hours

CPU: total 4 (initial active 4) (2 cores per cpu, 2 threads per core) family 6 model 78 stepping 3 microcode 0xcc, cx8, cmov, fxsr, ht, mmx, 3dnowpref, sse, sse2, sse3, ssse3, sse4.1, sse4.2, popcnt, lzcnt, tsc, tscinvbit, avx, avx2, aes, erms, clmul, bmi1, bmi2, adx, fma, vzeroupper, clflush, clflushopt

Memory: 4k page, system-wide physical 3979M (34M free)
TotalPageFile size 20363M (AvailPageFile size 1M)
current process WorkingSet (physical memory assigned to process): 117M, peak: 118M
current process commit charge ("private bytes"): 213M, peak: 214M

vm_info: OpenJDK 64-Bit Server VM (17.0.4.1+1) for windows-amd64 JRE (17.0.4.1+1), built on Aug 17 2022 07:42:43 by "temurin" with MS VC++ 16.7 (VS2019)

END.
