#
# There is insufficient memory for the Java Runtime Environment to continue.
# Native memory allocation (malloc) failed to allocate 1382576 bytes for Chunk::new
# Possible reasons:
#   The system is out of physical RAM or swap space
#   The process is running with CompressedOops enabled, and the Java Heap may be blocking the growth of the native heap
# Possible solutions:
#   Reduce memory load on the system
#   Increase physical memory or swap space
#   Check if swap backing store is full
#   Decrease Java heap size (-Xmx/-Xms)
#   Decrease number of Java threads
#   Decrease Java thread stack sizes (-Xss)
#   Set larger code cache with -XX:ReservedCodeCacheSize=
#   JVM is running with Unscaled Compressed Oops mode in which the Java heap is
#     placed in the first 4GB address space. The Java Heap base address is the
#     maximum limit for the native heap growth. Please use -XX:HeapBaseMinAddress
#     to set the Java Heap base and to place the Java Heap above 4GB virtual address.
# This output file may be truncated or incomplete.
#
#  Out of Memory Error (arena.cpp:189), pid=8808, tid=13728
#
# JRE version: OpenJDK Runtime Environment Temurin-17.0.4.1+1 (17.0.4.1+1) (build 17.0.4.1+1)
# Java VM: OpenJDK 64-Bit Server VM Temurin-17.0.4.1+1 (17.0.4.1+1, mixed mode, tiered, compressed oops, compressed class ptrs, parallel gc, windows-amd64)
# No core dump will be written. Minidumps are not enabled by default on client versions of Windows
#

---------------  S U M M A R Y ------------

Command Line: --add-modules=ALL-SYSTEM --add-opens=java.base/java.util=ALL-UNNAMED --add-opens=java.base/java.lang=ALL-UNNAMED --add-opens=java.base/sun.nio.fs=ALL-UNNAMED -Declipse.application=org.eclipse.jdt.ls.core.id1 -Dosgi.bundles.defaultStartLevel=4 -Declipse.product=org.eclipse.jdt.ls.core.product -Djava.import.generatesMetadataFilesAtProjectRoot=false -Dfile.encoding=utf8 -DwatchParentProcess=false -XX:+UseParallelGC -XX:GCTimeRatio=4 -XX:AdaptiveSizePolicyWeight=90 -Dsun.zip.disableMemoryMapping=true -Xmx1G -Xms100m -Xlog:disable -javaagent:c:\Users\wuzhe\.vscode\extensions\redhat.java-1.11.0-win32-x64\lombok\lombok-1.18.24.jar -XX:+HeapDumpOnOutOfMemoryError -XX:HeapDumpPath=c:\Users\wuzhe\AppData\Roaming\Code\User\workspaceStorage\57a35751da7d4463364ea55e45586fe2\redhat.java c:\Users\wuzhe\.vscode\extensions\redhat.java-1.11.0-win32-x64\server\plugins\org.eclipse.equinox.launcher_1.6.400.v20210924-0641.jar -configuration c:\Users\wuzhe\AppData\Roaming\Code\User\globalStorage\redhat.java\1.11.0\config_win -data c:\Users\wuzhe\AppData\Roaming\Code\User\workspaceStorage\57a35751da7d4463364ea55e45586fe2\redhat.java\jdt_ws

Host: Intel(R) Core(TM) i5-6200U CPU @ 2.30GHz, 4 cores, 3G,  Windows 10 , 64 bit Build 19041 (10.0.19041.1889)
Time: Fri Oct 14 12:29:50 2022 Central Daylight Time elapsed time: 6.869005 seconds (0d 0h 0m 6s)

---------------  T H R E A D  ---------------

Current thread (0x0000023f79b92a50):  JavaThread "C2 CompilerThread0" daemon [_thread_in_native, id=13728, stack(0x000000ceeef00000,0x000000ceef000000)]


Current CompileTask:
C2:   6869 2532       4       java.io.BufferedInputStream::read1 (108 bytes)

Stack: [0x000000ceeef00000,0x000000ceef000000]
Native frames: (J=compiled Java code, j=interpreted, Vv=VM code, C=native code)
V  [jvm.dll+0x67731a]
V  [jvm.dll+0x832284]
V  [jvm.dll+0x833a2e]
V  [jvm.dll+0x834093]
V  [jvm.dll+0x245775]
V  [jvm.dll+0xabd7b]
V  [jvm.dll+0xac30c]
V  [jvm.dll+0x363a42]
V  [jvm.dll+0x1bbd52]
V  [jvm.dll+0x2187d9]
V  [jvm.dll+0x217aa1]
V  [jvm.dll+0x1a3f8d]
V  [jvm.dll+0x227498]
V  [jvm.dll+0x2255e5]
V  [jvm.dll+0x7e7e9b]
V  [jvm.dll+0x7e240a]
V  [jvm.dll+0x6761a5]
C  [ucrtbase.dll+0x21bb2]
C  [KERNEL32.DLL+0x17034]
C  [ntdll.dll+0x526a1]


---------------  P R O C E S S  ---------------

Threads class SMR info:
_java_thread_list=0x0000023f7cf228b0, length=19, elements={
0x0000023f74d3f410, 0x0000023f79b61750, 0x0000023f79b62210, 0x0000023f79b8e160,
0x0000023f79b8ec20, 0x0000023f79b914f0, 0x0000023f79b91db0, 0x0000023f79b92a50,
0x0000023f79b93ba0, 0x0000023f7b53aa10, 0x0000023f7b5f6020, 0x0000023f7b7a0d00,
0x0000023f7be0e390, 0x0000023f7c0287d0, 0x0000023f7c028ca0, 0x0000023f7bd9a050,
0x0000023f7c0b3070, 0x0000023f7cda05a0, 0x0000023f7cc75030
}

Java Threads: ( => current thread )
  0x0000023f74d3f410 JavaThread "main" [_thread_blocked, id=17440, stack(0x000000ceee600000,0x000000ceee700000)]
  0x0000023f79b61750 JavaThread "Reference Handler" daemon [_thread_blocked, id=14352, stack(0x000000ceee900000,0x000000ceeea00000)]
  0x0000023f79b62210 JavaThread "Finalizer" daemon [_thread_blocked, id=4928, stack(0x000000ceeea00000,0x000000ceeeb00000)]
  0x0000023f79b8e160 JavaThread "Signal Dispatcher" daemon [_thread_blocked, id=9704, stack(0x000000ceeeb00000,0x000000ceeec00000)]
  0x0000023f79b8ec20 JavaThread "Attach Listener" daemon [_thread_blocked, id=6420, stack(0x000000ceeec00000,0x000000ceeed00000)]
  0x0000023f79b914f0 JavaThread "Service Thread" daemon [_thread_blocked, id=18568, stack(0x000000ceeed00000,0x000000ceeee00000)]
  0x0000023f79b91db0 JavaThread "Monitor Deflation Thread" daemon [_thread_blocked, id=8612, stack(0x000000ceeee00000,0x000000ceeef00000)]
=>0x0000023f79b92a50 JavaThread "C2 CompilerThread0" daemon [_thread_in_native, id=13728, stack(0x000000ceeef00000,0x000000ceef000000)]
  0x0000023f79b93ba0 JavaThread "C1 CompilerThread0" daemon [_thread_blocked, id=16476, stack(0x000000ceef000000,0x000000ceef100000)]
  0x0000023f7b53aa10 JavaThread "Sweeper thread" daemon [_thread_blocked, id=1196, stack(0x000000ceef100000,0x000000ceef200000)]
  0x0000023f7b5f6020 JavaThread "Common-Cleaner" daemon [_thread_blocked, id=17768, stack(0x000000ceef200000,0x000000ceef300000)]
  0x0000023f7b7a0d00 JavaThread "Notification Thread" daemon [_thread_blocked, id=14824, stack(0x000000ceef300000,0x000000ceef400000)]
  0x0000023f7be0e390 JavaThread "Active Thread: Equinox Container: f58a3084-664a-431d-b187-3606f2be48fa" [_thread_blocked, id=14548, stack(0x000000ceef800000,0x000000ceef900000)]
  0x0000023f7c0287d0 JavaThread "Framework Event Dispatcher: Equinox Container: f58a3084-664a-431d-b187-3606f2be48fa" daemon [_thread_blocked, id=2856, stack(0x000000ceef900000,0x000000ceefa00000)]
  0x0000023f7c028ca0 JavaThread "Start Level: Equinox Container: f58a3084-664a-431d-b187-3606f2be48fa" daemon [_thread_in_vm, id=3444, stack(0x000000ceefa00000,0x000000ceefb00000)]
  0x0000023f7bd9a050 JavaThread "SCR Component Actor" daemon [_thread_blocked, id=9536, stack(0x000000ceefb00000,0x000000ceefc00000)]
  0x0000023f7c0b3070 JavaThread "SCR Component Registry" daemon [_thread_blocked, id=12012, stack(0x000000ceefc00000,0x000000ceefd00000)]
  0x0000023f7cda05a0 JavaThread "Bundle File Closer" daemon [_thread_blocked, id=8260, stack(0x000000ceefd00000,0x000000ceefe00000)]
  0x0000023f7cc75030 JavaThread "Worker-JM" [_thread_blocked, id=2264, stack(0x000000ceefe00000,0x000000ceeff00000)]

Other Threads:
  0x0000023f79b4a260 VMThread "VM Thread" [stack: 0x000000ceee800000,0x000000ceee900000] [id=15560]
  0x0000023f7b6e5840 WatcherThread [stack: 0x000000ceef400000,0x000000ceef500000] [id=16436]
  0x0000023f74d54960 GCTaskThread "GC Thread#0" [stack: 0x000000ceee700000,0x000000ceee800000] [id=9160]
  0x0000023f7bce3300 GCTaskThread "GC Thread#1" [stack: 0x000000ceef500000,0x000000ceef600000] [id=964]
  0x0000023f7bcde020 GCTaskThread "GC Thread#2" [stack: 0x000000ceef600000,0x000000ceef700000] [id=10368]
  0x0000023f7bd079e0 GCTaskThread "GC Thread#3" [stack: 0x000000ceef700000,0x000000ceef800000] [id=10420]

Threads with active compile tasks:
C2 CompilerThread0     6923 2532       4       java.io.BufferedInputStream::read1 (108 bytes)

VM state: not at safepoint (normal execution)

VM Mutex/Monitor currently owned by a thread: None

Heap address: 0x00000000c0000000, size: 1024 MB, Compressed Oops mode: 32-bit

CDS archive(s) not mapped
Compressed class space mapped at: 0x0000000100000000-0x0000000140000000, reserved size: 1073741824
Narrow klass base: 0x0000000000000000, Narrow klass shift: 3, Narrow klass range: 0x140000000

GC Precious Log:
 CPUs: 4 total, 4 available
 Memory: 3979M
 Large Page Support: Disabled
 NUMA Support: Disabled
 Compressed Oops: Enabled (32-bit)
 Alignments: Space 512K, Generation 512K, Heap 2M
 Heap Min Capacity: 100M
 Heap Initial Capacity: 100M
 Heap Max Capacity: 1G
 Pre-touch: Disabled
 Parallel Workers: 4

Heap:
 PSYoungGen      total 29696K, used 19530K [0x00000000eab00000, 0x00000000ecc00000, 0x0000000100000000)
  eden space 25600K, 60% used [0x00000000eab00000,0x00000000eba13ef8,0x00000000ec400000)
  from space 4096K, 99% used [0x00000000ec400000,0x00000000ec7fe918,0x00000000ec800000)
  to   space 4096K, 0% used [0x00000000ec800000,0x00000000ec800000,0x00000000ecc00000)
 ParOldGen       total 68608K, used 5450K [0x00000000c0000000, 0x00000000c4300000, 0x00000000eab00000)
  object space 68608K, 7% used [0x00000000c0000000,0x00000000c0552a48,0x00000000c4300000)
 Metaspace       used 20948K, committed 21440K, reserved 1073152K
  class space    used 2103K, committed 2304K, reserved 1048576K

Card table byte_map: [0x0000023f74730000,0x0000023f74940000] _byte_map_base: 0x0000023f74130000

Marking Bits: (ParMarkBitMap*) 0x00007ff8e4ba2cc0
 Begin Bits: [0x0000023f779e0000, 0x0000023f789e0000)
 End Bits:   [0x0000023f789e0000, 0x0000023f799e0000)

Polling page: 0x0000023f74520000

Metaspace:

Usage:
  Non-class:     18.40 MB used.
      Class:      2.05 MB used.
       Both:     20.46 MB used.

Virtual space:
  Non-class space:       24.00 MB reserved,      18.69 MB ( 78%) committed,  3 nodes.
      Class space:        1.00 GB reserved,       2.25 MB ( <1%) committed,  1 nodes.
             Both:        1.02 GB reserved,      20.94 MB (  2%) committed. 

Chunk freelists:
   Non-Class:  1.17 MB
       Class:  1.75 MB
        Both:  2.92 MB

MaxMetaspaceSize: unlimited
CompressedClassSpaceSize: 1.00 GB
Initial GC threshold: 21.00 MB
Current GC threshold: 21.00 MB
CDS: off
MetaspaceReclaimPolicy: balanced
 - commit_granule_bytes: 65536.
 - commit_granule_words: 8192.
 - virtual_space_node_default_size: 1048576.
 - enlarge_chunks_in_place: 1.
 - new_chunks_are_fully_committed: 0.
 - uncommit_free_chunks: 1.
 - use_allocation_guard: 0.
 - handle_deallocations: 1.


Internal statistics:

num_allocs_failed_limit: 0.
num_arena_births: 168.
num_arena_deaths: 0.
num_vsnodes_births: 4.
num_vsnodes_deaths: 0.
num_space_committed: 335.
num_space_uncommitted: 0.
num_chunks_returned_to_freelist: 0.
num_chunks_taken_from_freelist: 622.
num_chunk_merges: 0.
num_chunk_splits: 412.
num_chunks_enlarged: 296.
num_purges: 0.
num_inconsistent_stats: 0.

CodeHeap 'non-profiled nmethods': size=120000Kb used=906Kb max_used=906Kb free=119093Kb
 bounds [0x0000023f07ad0000, 0x0000023f07d40000, 0x0000023f0f000000]
CodeHeap 'profiled nmethods': size=120000Kb used=5302Kb max_used=5302Kb free=114697Kb
 bounds [0x0000023f005a0000, 0x0000023f00ad0000, 0x0000023f07ad0000]
CodeHeap 'non-nmethods': size=5760Kb used=1181Kb max_used=1201Kb free=4578Kb
 bounds [0x0000023f00000000, 0x0000023f00270000, 0x0000023f005a0000]
 total_blobs=3048 nmethods=2564 adapters=398
 compilation: enabled
              stopped_count=0, restarted_count=0
 full_count=0

Compilation events (20 events):
Event: 6.792 Thread 0x0000023f79b93ba0 2559       3       org.eclipse.core.runtime.Path::append (150 bytes)
Event: 6.794 Thread 0x0000023f79b93ba0 nmethod 2559 0x0000023f00ac6010 code [0x0000023f00ac6340, 0x0000023f00ac7548]
Event: 6.795 Thread 0x0000023f79b93ba0 2561       3       java.nio.file.FileSystems::getDefault (14 bytes)
Event: 6.796 Thread 0x0000023f79b93ba0 nmethod 2561 0x0000023f00ac7a90 code [0x0000023f00ac7c60, 0x0000023f00ac7f78]
Event: 6.797 Thread 0x0000023f79b93ba0 2562       3       jdk.internal.misc.Unsafe::copyMemory (33 bytes)
Event: 6.799 Thread 0x0000023f79b93ba0 nmethod 2562 0x0000023f00ac8090 code [0x0000023f00ac8340, 0x0000023f00ac9058]
Event: 6.799 Thread 0x0000023f79b93ba0 2563       3       jdk.internal.misc.Unsafe::copyMemoryChecks (21 bytes)
Event: 6.801 Thread 0x0000023f79b93ba0 nmethod 2563 0x0000023f00ac9610 code [0x0000023f00ac98c0, 0x0000023f00aca5c8]
Event: 6.813 Thread 0x0000023f79b93ba0 2565       1       sun.nio.fs.WindowsNativeDispatcher$FirstFile::handle (5 bytes)
Event: 6.813 Thread 0x0000023f79b93ba0 nmethod 2565 0x0000023f07bb1a90 code [0x0000023f07bb1c20, 0x0000023f07bb1cf8]
Event: 6.813 Thread 0x0000023f79b93ba0 2566       1       sun.nio.fs.WindowsNativeDispatcher$FirstFile::name (5 bytes)
Event: 6.813 Thread 0x0000023f79b93ba0 nmethod 2566 0x0000023f07bb1d90 code [0x0000023f07bb1f20, 0x0000023f07bb1ff8]
Event: 6.822 Thread 0x0000023f79b93ba0 2567       3       java.nio.file.Files::provider (10 bytes)
Event: 6.823 Thread 0x0000023f79b93ba0 nmethod 2567 0x0000023f00acab90 code [0x0000023f00acad40, 0x0000023f00acaf38]
Event: 6.824 Thread 0x0000023f79b93ba0 2568       3       sun.nio.fs.WindowsPath::toWindowsPath (32 bytes)
Event: 6.824 Thread 0x0000023f79b93ba0 nmethod 2568 0x0000023f00acb090 code [0x0000023f00acb260, 0x0000023f00acb6d8]
Event: 6.840 Thread 0x0000023f79b93ba0 2569       3       org.eclipse.core.runtime.Path::segmentCount (6 bytes)
Event: 6.840 Thread 0x0000023f79b93ba0 nmethod 2569 0x0000023f00acb810 code [0x0000023f00acb9a0, 0x0000023f00acbab8]
Event: 6.842 Thread 0x0000023f79b93ba0 2570       3       sun.nio.fs.WindowsPath::addPrefixIfNeeded (72 bytes)
Event: 6.844 Thread 0x0000023f79b93ba0 nmethod 2570 0x0000023f00acbb90 code [0x0000023f00acbe80, 0x0000023f00accb98]

GC Heap History (6 events):
Event: 2.322 GC heap before
{Heap before GC invocations=1 (full 0):
 PSYoungGen      total 29696K, used 25600K [0x00000000eab00000, 0x00000000ecc00000, 0x0000000100000000)
  eden space 25600K, 100% used [0x00000000eab00000,0x00000000ec400000,0x00000000ec400000)
  from space 4096K, 0% used [0x00000000ec800000,0x00000000ec800000,0x00000000ecc00000)
  to   space 4096K, 0% used [0x00000000ec400000,0x00000000ec400000,0x00000000ec800000)
 ParOldGen       total 68608K, used 0K [0x00000000c0000000, 0x00000000c4300000, 0x00000000eab00000)
  object space 68608K, 0% used [0x00000000c0000000,0x00000000c0000000,0x00000000c4300000)
 Metaspace       used 10790K, committed 10944K, reserved 1064960K
  class space    used 1083K, committed 1152K, reserved 1048576K
}
Event: 2.337 GC heap after
{Heap after GC invocations=1 (full 0):
 PSYoungGen      total 29696K, used 3320K [0x00000000eab00000, 0x00000000ecc00000, 0x0000000100000000)
  eden space 25600K, 0% used [0x00000000eab00000,0x00000000eab00000,0x00000000ec400000)
  from space 4096K, 81% used [0x00000000ec400000,0x00000000ec73e218,0x00000000ec800000)
  to   space 4096K, 0% used [0x00000000ec800000,0x00000000ec800000,0x00000000ecc00000)
 ParOldGen       total 68608K, used 0K [0x00000000c0000000, 0x00000000c4300000, 0x00000000eab00000)
  object space 68608K, 0% used [0x00000000c0000000,0x00000000c0000000,0x00000000c4300000)
 Metaspace       used 10790K, committed 10944K, reserved 1064960K
  class space    used 1083K, committed 1152K, reserved 1048576K
}
Event: 4.193 GC heap before
{Heap before GC invocations=2 (full 0):
 PSYoungGen      total 29696K, used 28920K [0x00000000eab00000, 0x00000000ecc00000, 0x0000000100000000)
  eden space 25600K, 100% used [0x00000000eab00000,0x00000000ec400000,0x00000000ec400000)
  from space 4096K, 81% used [0x00000000ec400000,0x00000000ec73e218,0x00000000ec800000)
  to   space 4096K, 0% used [0x00000000ec800000,0x00000000ec800000,0x00000000ecc00000)
 ParOldGen       total 68608K, used 0K [0x00000000c0000000, 0x00000000c4300000, 0x00000000eab00000)
  object space 68608K, 0% used [0x00000000c0000000,0x00000000c0000000,0x00000000c4300000)
 Metaspace       used 14769K, committed 15040K, reserved 1064960K
  class space    used 1502K, committed 1664K, reserved 1048576K
}
Event: 4.201 GC heap after
{Heap after GC invocations=2 (full 0):
 PSYoungGen      total 29696K, used 4093K [0x00000000eab00000, 0x00000000ecc00000, 0x0000000100000000)
  eden space 25600K, 0% used [0x00000000eab00000,0x00000000eab00000,0x00000000ec400000)
  from space 4096K, 99% used [0x00000000ec800000,0x00000000ecbff718,0x00000000ecc00000)
  to   space 4096K, 0% used [0x00000000ec400000,0x00000000ec400000,0x00000000ec800000)
 ParOldGen       total 68608K, used 1350K [0x00000000c0000000, 0x00000000c4300000, 0x00000000eab00000)
  object space 68608K, 1% used [0x00000000c0000000,0x00000000c0151b70,0x00000000c4300000)
 Metaspace       used 14769K, committed 15040K, reserved 1064960K
  class space    used 1502K, committed 1664K, reserved 1048576K
}
Event: 5.806 GC heap before
{Heap before GC invocations=3 (full 0):
 PSYoungGen      total 29696K, used 29693K [0x00000000eab00000, 0x00000000ecc00000, 0x0000000100000000)
  eden space 25600K, 100% used [0x00000000eab00000,0x00000000ec400000,0x00000000ec400000)
  from space 4096K, 99% used [0x00000000ec800000,0x00000000ecbff718,0x00000000ecc00000)
  to   space 4096K, 0% used [0x00000000ec400000,0x00000000ec400000,0x00000000ec800000)
 ParOldGen       total 68608K, used 1350K [0x00000000c0000000, 0x00000000c4300000, 0x00000000eab00000)
  object space 68608K, 1% used [0x00000000c0000000,0x00000000c0151b70,0x00000000c4300000)
 Metaspace       used 17915K, committed 18240K, reserved 1073152K
  class space    used 1802K, committed 1920K, reserved 1048576K
}
Event: 5.817 GC heap after
{Heap after GC invocations=3 (full 0):
 PSYoungGen      total 29696K, used 4090K [0x00000000eab00000, 0x00000000ecc00000, 0x0000000100000000)
  eden space 25600K, 0% used [0x00000000eab00000,0x00000000eab00000,0x00000000ec400000)
  from space 4096K, 99% used [0x00000000ec400000,0x00000000ec7fe918,0x00000000ec800000)
  to   space 4096K, 0% used [0x00000000ec800000,0x00000000ec800000,0x00000000ecc00000)
 ParOldGen       total 68608K, used 5450K [0x00000000c0000000, 0x00000000c4300000, 0x00000000eab00000)
  object space 68608K, 7% used [0x00000000c0000000,0x00000000c0552a48,0x00000000c4300000)
 Metaspace       used 17915K, committed 18240K, reserved 1073152K
  class space    used 1802K, committed 1920K, reserved 1048576K
}

Deoptimization events (20 events):
Event: 6.524 Thread 0x0000023f7c028ca0 Uncommon trap: trap_request=0xffffffc6 fr.pc=0x0000023f07ba1530 relative=0x0000000000000490
Event: 6.524 Thread 0x0000023f7c028ca0 Uncommon trap: reason=bimorphic_or_optimized_type_check action=maybe_recompile pc=0x0000023f07ba1530 method=java.io.DataInputStream.readByte()B @ 4 c2
Event: 6.524 Thread 0x0000023f7c028ca0 DEOPT PACKING pc=0x0000023f07ba1530 sp=0x000000ceefaf9700
Event: 6.524 Thread 0x0000023f7c028ca0 DEOPT UNPACKING pc=0x0000023f000520a3 sp=0x000000ceefaf96b8 mode 2
Event: 6.524 Thread 0x0000023f7c028ca0 Uncommon trap: trap_request=0xffffffc6 fr.pc=0x0000023f07ba1530 relative=0x0000000000000490
Event: 6.524 Thread 0x0000023f7c028ca0 Uncommon trap: reason=bimorphic_or_optimized_type_check action=maybe_recompile pc=0x0000023f07ba1530 method=java.io.DataInputStream.readByte()B @ 4 c2
Event: 6.524 Thread 0x0000023f7c028ca0 DEOPT PACKING pc=0x0000023f07ba1530 sp=0x000000ceefaf9670
Event: 6.524 Thread 0x0000023f7c028ca0 DEOPT UNPACKING pc=0x0000023f000520a3 sp=0x000000ceefaf9628 mode 2
Event: 6.524 Thread 0x0000023f7c028ca0 Uncommon trap: trap_request=0xffffffc6 fr.pc=0x0000023f07ba1530 relative=0x0000000000000490
Event: 6.524 Thread 0x0000023f7c028ca0 Uncommon trap: reason=bimorphic_or_optimized_type_check action=maybe_recompile pc=0x0000023f07ba1530 method=java.io.DataInputStream.readByte()B @ 4 c2
Event: 6.524 Thread 0x0000023f7c028ca0 DEOPT PACKING pc=0x0000023f07ba1530 sp=0x000000ceefaf9660
Event: 6.524 Thread 0x0000023f7c028ca0 DEOPT UNPACKING pc=0x0000023f000520a3 sp=0x000000ceefaf9618 mode 2
Event: 6.524 Thread 0x0000023f7c028ca0 Uncommon trap: trap_request=0xffffffc6 fr.pc=0x0000023f07ba1530 relative=0x0000000000000490
Event: 6.524 Thread 0x0000023f7c028ca0 Uncommon trap: reason=bimorphic_or_optimized_type_check action=maybe_recompile pc=0x0000023f07ba1530 method=java.io.DataInputStream.readByte()B @ 4 c2
Event: 6.524 Thread 0x0000023f7c028ca0 DEOPT PACKING pc=0x0000023f07ba1530 sp=0x000000ceefaf9660
Event: 6.524 Thread 0x0000023f7c028ca0 DEOPT UNPACKING pc=0x0000023f000520a3 sp=0x000000ceefaf9618 mode 2
Event: 6.626 Thread 0x0000023f7c028ca0 Uncommon trap: trap_request=0x00000030 fr.pc=0x0000023f07b2c6ac relative=0x00000000000009cc
Event: 6.626 Thread 0x0000023f7c028ca0 Uncommon trap: reason=unloaded action=reinterpret pc=0x0000023f07b2c6ac method=java.io.DataInputStream.readUnsignedShort()I @ 22 c2
Event: 6.626 Thread 0x0000023f7c028ca0 DEOPT PACKING pc=0x0000023f07b2c6ac sp=0x000000ceefaf9660
Event: 6.626 Thread 0x0000023f7c028ca0 DEOPT UNPACKING pc=0x0000023f000520a3 sp=0x000000ceefaf9580 mode 2

Classes unloaded (0 events):
No events

Classes redefined (0 events):
No events

Internal exceptions (20 events):
Event: 2.231 Thread 0x0000023f74d3f410 Exception <a 'java/lang/NoSuchMethodError'{0x00000000ec27af08}: 'void java.lang.invoke.DirectMethodHandle$Holder.invokeStaticInit(java.lang.Object, java.lang.Object)'> (0x00000000ec27af08) 
thrown [s\src\hotspot\share\interpreter\linkResolver.cpp, line 759]
Event: 2.236 Thread 0x0000023f74d3f410 Exception <a 'java/lang/NoSuchMethodError'{0x00000000ec2823a0}: 'int java.lang.invoke.DirectMethodHandle$Holder.invokeStaticInit(java.lang.Object, java.lang.Object)'> (0x00000000ec2823a0) 
thrown [s\src\hotspot\share\interpreter\linkResolver.cpp, line 759]
Event: 2.312 Thread 0x0000023f74d3f410 Exception <a 'java/lang/NoSuchMethodError'{0x00000000ec3c55f8}: 'void java.lang.invoke.DirectMethodHandle$Holder.invokeSpecial(java.lang.Object, java.lang.Object, java.lang.Object)'> (0x00000000ec3c55f8) 
thrown [s\src\hotspot\share\interpreter\linkResolver.cpp, line 759]
Event: 3.339 Thread 0x0000023f74d3f410 Exception <a 'java/lang/NoSuchMethodError'{0x00000000eb7cb260}: 'java.lang.Object java.lang.invoke.DirectMethodHandle$Holder.newInvokeSpecial(java.lang.Object, int, java.lang.Object)'> (0x00000000eb7cb260) 
thrown [s\src\hotspot\share\interpreter\linkResolver.cpp, line 759]
Event: 3.722 Thread 0x0000023f74d3f410 Exception <a 'java/lang/UnsatisfiedLinkError'{0x00000000ebd4bbd8}: 'void org.eclipse.equinox.launcher.JNIBridge._update_splash()'> (0x00000000ebd4bbd8) 
thrown [s\src\hotspot\share\prims\nativeLookup.cpp, line 543]
Event: 3.922 Thread 0x0000023f7c028ca0 Exception <a 'java/lang/NoSuchMethodError'{0x00000000ec026be8}: 'java.lang.Object java.lang.invoke.DirectMethodHandle$Holder.invokeStaticInit(java.lang.Object)'> (0x00000000ec026be8) 
thrown [s\src\hotspot\share\interpreter\linkResolver.cpp, line 759]
Event: 5.183 Thread 0x0000023f7c028ca0 Exception <a 'java/io/FileNotFoundException'{0x00000000ebda54e0}> (0x00000000ebda54e0) 
thrown [s\src\hotspot\share\prims\jni.cpp, line 516]
Event: 5.197 Thread 0x0000023f7c028ca0 Exception <a 'java/lang/NullPointerException'{0x00000000ebdeded8}> (0x00000000ebdeded8) 
thrown [s\src\hotspot\share\interpreter\linkResolver.cpp, line 1350]
Event: 5.197 Thread 0x0000023f7c028ca0 Exception <a 'java/lang/NullPointerException'{0x00000000ebdee700}> (0x00000000ebdee700) 
thrown [s\src\hotspot\share\interpreter\linkResolver.cpp, line 1350]
Event: 5.960 Thread 0x0000023f7c028ca0 Exception <a 'java/lang/NoSuchMethodError'{0x00000000eae06128}: 'void java.lang.invoke.DirectMethodHandle$Holder.invokeInterface(java.lang.Object, java.lang.Object, java.lang.Object)'> (0x00000000eae06128) 
thrown [s\src\hotspot\share\interpreter\linkResolver.cpp, line 759]
Event: 6.176 Thread 0x0000023f7c028ca0 Exception <a 'java/lang/NoSuchMethodError'{0x00000000eb113228}: 'java.lang.Object java.lang.invoke.Invokers$Holder.invokeExact_MT(java.lang.Object, java.lang.Object, java.lang.Object, java.lang.Object, java.lang.Object, java.lang.Object)'> (0x00000000eb113228) 
thrown [s\src\hotspot\share\interpreter\linkResolver.cpp, line 759]
Event: 6.241 Thread 0x0000023f7c028ca0 Exception <a 'java/lang/NoSuchMethodError'{0x00000000eb1f4ad0}: 'java.lang.Object java.lang.invoke.DirectMethodHandle$Holder.invokeStatic(java.lang.Object, java.lang.Object, int)'> (0x00000000eb1f4ad0) 
thrown [s\src\hotspot\share\interpreter\linkResolver.cpp, line 759]
Event: 6.242 Thread 0x0000023f7c028ca0 Exception <a 'java/lang/NoSuchMethodError'{0x00000000eb1f9680}: 'void java.lang.invoke.DirectMethodHandle$Holder.invokeStatic(java.lang.Object, java.lang.Object, int, java.lang.Object)'> (0x00000000eb1f9680) 
thrown [s\src\hotspot\share\interpreter\linkResolver.cpp, line 759]
Event: 6.244 Thread 0x0000023f7c028ca0 Exception <a 'java/lang/NoSuchMethodError'{0x00000000eb200db0}: 'void java.lang.invoke.DelegatingMethodHandle$Holder.delegate(java.lang.Object, java.lang.Object, int, java.lang.Object)'> (0x00000000eb200db0) 
thrown [s\src\hotspot\share\interpreter\linkResolver.cpp, line 759]
Event: 6.246 Thread 0x0000023f7c028ca0 Exception <a 'java/lang/NoSuchMethodError'{0x00000000eb205198}: 'int java.lang.invoke.DirectMethodHandle$Holder.invokeSpecial(java.lang.Object, java.lang.Object, java.lang.Object)'> (0x00000000eb205198) 
thrown [s\src\hotspot\share\interpreter\linkResolver.cpp, line 759]
Event: 6.249 Thread 0x0000023f7c028ca0 Exception <a 'java/lang/NoSuchMethodError'{0x00000000eb215788}: 'int java.lang.invoke.DirectMethodHandle$Holder.invokeStatic(java.lang.Object, java.lang.Object, int)'> (0x00000000eb215788) 
thrown [s\src\hotspot\share\interpreter\linkResolver.cpp, line 759]
Event: 6.250 Thread 0x0000023f7c028ca0 Exception <a 'java/lang/NoSuchMethodError'{0x00000000eb219a00}: 'int java.lang.invoke.DirectMethodHandle$Holder.invokeSpecial(java.lang.Object, java.lang.Object, java.lang.Object, int)'> (0x00000000eb219a00) 
thrown [s\src\hotspot\share\interpreter\linkResolver.cpp, line 759]
Event: 6.255 Thread 0x0000023f7c028ca0 Exception <a 'java/lang/NoSuchMethodError'{0x00000000eb234480}: 'java.lang.Object java.lang.invoke.DirectMethodHandle$Holder.invokeStatic(java.lang.Object, java.lang.Object, java.lang.Object, java.lang.Object, int)'> (0x00000000eb234480) 
thrown [s\src\hotspot\share\interpreter\linkResolver.cpp, line 759]
Event: 6.259 Thread 0x0000023f7c028ca0 Exception <a 'java/lang/NoSuchMethodError'{0x00000000eb2407f0}: 'java.lang.Object java.lang.invoke.DelegatingMethodHandle$Holder.reinvoke_L(java.lang.Object, java.lang.Object, java.lang.Object, java.lang.Object, int, int)'> (0x00000000eb2407f0) 
thrown [s\src\hotspot\share\interpreter\linkResolver.cpp, line 759]
Event: 6.264 Thread 0x0000023f7c028ca0 Exception <a 'java/lang/NoSuchMethodError'{0x00000000eb2584d8}: 'java.lang.Object java.lang.invoke.Invokers$Holder.invokeExact_MT(java.lang.Object, java.lang.Object, java.lang.Object, java.lang.Object)'> (0x00000000eb2584d8) 
thrown [s\src\hotspot\share\interpreter\linkResolver.cpp, line 759]

VM Operations (20 events):
Event: 3.966 Executing VM operation: HandshakeAllThreads
Event: 3.966 Executing VM operation: HandshakeAllThreads done
Event: 3.966 Executing VM operation: Cleanup
Event: 3.966 Executing VM operation: Cleanup done
Event: 4.193 Executing VM operation: ParallelGCFailedAllocation
Event: 4.202 Executing VM operation: ParallelGCFailedAllocation done
Event: 5.206 Executing VM operation: Cleanup
Event: 5.207 Executing VM operation: Cleanup done
Event: 5.632 Executing VM operation: HandshakeAllThreads
Event: 5.632 Executing VM operation: HandshakeAllThreads done
Event: 5.805 Executing VM operation: ParallelGCFailedAllocation
Event: 5.817 Executing VM operation: ParallelGCFailedAllocation done
Event: 5.891 Executing VM operation: HandshakeAllThreads
Event: 5.891 Executing VM operation: HandshakeAllThreads done
Event: 5.899 Executing VM operation: HandshakeAllThreads
Event: 5.899 Executing VM operation: HandshakeAllThreads done
Event: 6.240 Executing VM operation: HandshakeAllThreads
Event: 6.240 Executing VM operation: HandshakeAllThreads done
Event: 6.469 Executing VM operation: HandshakeAllThreads
Event: 6.469 Executing VM operation: HandshakeAllThreads done

Events (20 events):
Event: 6.505 loading class java/util/concurrent/ExecutionException
Event: 6.505 loading class java/util/concurrent/ExecutionException done
Event: 6.614 loading class java/io/FilenameFilter
Event: 6.614 loading class java/io/FilenameFilter done
Event: 6.646 loading class java/nio/file/FileAlreadyExistsException
Event: 6.646 loading class java/nio/file/FileSystemException
Event: 6.647 loading class java/nio/file/FileSystemException done
Event: 6.647 loading class java/nio/file/FileAlreadyExistsException done
Event: 6.647 loading class java/nio/file/AccessDeniedException
Event: 6.647 loading class java/nio/file/AccessDeniedException done
Event: 6.647 loading class java/nio/file/NoSuchFileException
Event: 6.647 loading class java/nio/file/NoSuchFileException done
Event: 6.647 loading class java/nio/file/DirectoryNotEmptyException
Event: 6.647 loading class java/nio/file/DirectoryNotEmptyException done
Event: 6.694 loading class java/nio/file/attribute/DosFileAttributeView
Event: 6.694 loading class java/nio/file/attribute/DosFileAttributeView done
Event: 6.694 loading class sun/nio/fs/WindowsFileAttributeViews$Dos
Event: 6.694 loading class sun/nio/fs/WindowsFileAttributeViews$Dos done
Event: 6.756 loading class sun/nio/fs/WindowsUriSupport
Event: 6.757 loading class sun/nio/fs/WindowsUriSupport done


Dynamic libraries:
0x00007ff75d520000 - 0x00007ff75d52e000 	c:\Users\wuzhe\.vscode\extensions\redhat.java-1.11.0-win32-x64\jre\17.0.4.1-win32-x86_64\bin\java.exe
0x00007ff94baf0000 - 0x00007ff94bce8000 	C:\Windows\SYSTEM32\ntdll.dll
0x00007ff94b800000 - 0x00007ff94b8bd000 	C:\Windows\System32\KERNEL32.DLL
0x00007ff949390000 - 0x00007ff94965e000 	C:\Windows\System32\KERNELBASE.dll
0x00007ff9499a0000 - 0x00007ff949aa0000 	C:\Windows\System32\ucrtbase.dll
0x00007ff931970000 - 0x00007ff931988000 	c:\Users\wuzhe\.vscode\extensions\redhat.java-1.11.0-win32-x64\jre\17.0.4.1-win32-x86_64\bin\jli.dll
0x00007ff94afa0000 - 0x00007ff94b140000 	C:\Windows\System32\USER32.dll
0x00007ff949660000 - 0x00007ff949682000 	C:\Windows\System32\win32u.dll
0x00007ff94b950000 - 0x00007ff94b97a000 	C:\Windows\System32\GDI32.dll
0x00007ff949700000 - 0x00007ff94980b000 	C:\Windows\System32\gdi32full.dll
0x00007ff949210000 - 0x00007ff9492ad000 	C:\Windows\System32\msvcp_win.dll
0x00007ff928cb0000 - 0x00007ff928cc9000 	c:\Users\wuzhe\.vscode\extensions\redhat.java-1.11.0-win32-x64\jre\17.0.4.1-win32-x86_64\bin\VCRUNTIME140.dll
0x00007ff92f680000 - 0x00007ff92f91a000 	C:\Windows\WinSxS\amd64_microsoft.windows.common-controls_6595b64144ccf1df_6.0.19041.1110_none_60b5254171f9507e\COMCTL32.dll
0x00007ff949d90000 - 0x00007ff949e2e000 	C:\Windows\System32\msvcrt.dll
0x00007ff94b8c0000 - 0x00007ff94b8f0000 	C:\Windows\System32\IMM32.DLL
0x00007ff941500000 - 0x00007ff94150c000 	c:\Users\wuzhe\.vscode\extensions\redhat.java-1.11.0-win32-x64\jre\17.0.4.1-win32-x86_64\bin\vcruntime140_1.dll
0x00007ff912030000 - 0x00007ff9120c1000 	c:\Users\wuzhe\.vscode\extensions\redhat.java-1.11.0-win32-x64\jre\17.0.4.1-win32-x86_64\bin\msvcp140.dll
0x00007ff8e4020000 - 0x00007ff8e4c66000 	c:\Users\wuzhe\.vscode\extensions\redhat.java-1.11.0-win32-x64\jre\17.0.4.1-win32-x86_64\bin\server\jvm.dll
0x00007ff949ce0000 - 0x00007ff949d8e000 	C:\Windows\System32\ADVAPI32.dll
0x00007ff94af00000 - 0x00007ff94af9c000 	C:\Windows\System32\sechost.dll
0x00007ff94b980000 - 0x00007ff94baa5000 	C:\Windows\System32\RPCRT4.dll
0x00007ff94b390000 - 0x00007ff94b398000 	C:\Windows\System32\PSAPI.DLL
0x00007ff940710000 - 0x00007ff940719000 	C:\Windows\SYSTEM32\WSOCK32.dll
0x00007ff94adc0000 - 0x00007ff94ae2b000 	C:\Windows\System32\WS2_32.dll
0x00007ff929030000 - 0x00007ff929057000 	C:\Windows\SYSTEM32\WINMM.dll
0x00007ff9399d0000 - 0x00007ff9399da000 	C:\Windows\SYSTEM32\VERSION.dll
0x00007ff947100000 - 0x00007ff947112000 	C:\Windows\SYSTEM32\kernel.appcore.dll
0x00007ff9319d0000 - 0x00007ff9319da000 	c:\Users\wuzhe\.vscode\extensions\redhat.java-1.11.0-win32-x64\jre\17.0.4.1-win32-x86_64\bin\jimage.dll
0x00007ff933be0000 - 0x00007ff933dc4000 	C:\Windows\SYSTEM32\DBGHELP.DLL
0x00007ff930750000 - 0x00007ff93077c000 	C:\Windows\SYSTEM32\dbgcore.DLL
0x00007ff949300000 - 0x00007ff949382000 	C:\Windows\System32\bcryptPrimitives.dll
0x00007ff931990000 - 0x00007ff93199e000 	c:\Users\wuzhe\.vscode\extensions\redhat.java-1.11.0-win32-x64\jre\17.0.4.1-win32-x86_64\bin\instrument.dll
0x00007ff9319a0000 - 0x00007ff9319c5000 	c:\Users\wuzhe\.vscode\extensions\redhat.java-1.11.0-win32-x64\jre\17.0.4.1-win32-x86_64\bin\java.dll
0x00007ff9287e0000 - 0x00007ff9287f8000 	c:\Users\wuzhe\.vscode\extensions\redhat.java-1.11.0-win32-x64\jre\17.0.4.1-win32-x86_64\bin\zip.dll
0x00007ff949f10000 - 0x00007ff94a653000 	C:\Windows\System32\SHELL32.dll
0x00007ff947300000 - 0x00007ff947a95000 	C:\Windows\SYSTEM32\windows.storage.dll
0x00007ff94b3a0000 - 0x00007ff94b6f4000 	C:\Windows\System32\combase.dll
0x00007ff948c70000 - 0x00007ff948ca0000 	C:\Windows\SYSTEM32\Wldp.dll
0x00007ff94b1a0000 - 0x00007ff94b24d000 	C:\Windows\System32\SHCORE.dll
0x00007ff94b8f0000 - 0x00007ff94b945000 	C:\Windows\System32\shlwapi.dll
0x00007ff949150000 - 0x00007ff94916f000 	C:\Windows\SYSTEM32\profapi.dll
0x00007ff928750000 - 0x00007ff928769000 	C:\Users\wuzhe\.vscode\extensions\redhat.java-1.11.0-win32-x64\jre\17.0.4.1-win32-x86_64\bin\net.dll
0x00007ff935fd0000 - 0x00007ff9360da000 	C:\Windows\SYSTEM32\WINHTTP.dll
0x00007ff9489d0000 - 0x00007ff948a3a000 	C:\Windows\system32\mswsock.dll
0x00007ff928520000 - 0x00007ff928535000 	C:\Users\wuzhe\.vscode\extensions\redhat.java-1.11.0-win32-x64\jre\17.0.4.1-win32-x86_64\bin\nio.dll
0x00007ff92a7b0000 - 0x00007ff92a7c0000 	c:\Users\wuzhe\.vscode\extensions\redhat.java-1.11.0-win32-x64\jre\17.0.4.1-win32-x86_64\bin\verify.dll
0x00007ff919390000 - 0x00007ff9193ce000 	C:\Users\wuzhe\AppData\Roaming\Code\User\globalStorage\redhat.java\1.11.0\config_win\org.eclipse.equinox.launcher\org.eclipse.equinox.launcher.win32.win32.x86_64_1.2.600.v20220720-1916\eclipse_11700.dll
0x00007ff94b250000 - 0x00007ff94b37a000 	C:\Windows\System32\ole32.dll

dbghelp: loaded successfully - version: 4.0.5 - missing functions: none
symbol engine: initialized successfully - sym options: 0x614 - pdb path: .;c:\Users\wuzhe\.vscode\extensions\redhat.java-1.11.0-win32-x64\jre\17.0.4.1-win32-x86_64\bin;C:\Windows\SYSTEM32;C:\Windows\WinSxS\amd64_microsoft.windows.common-controls_6595b64144ccf1df_6.0.19041.1110_none_60b5254171f9507e;c:\Users\wuzhe\.vscode\extensions\redhat.java-1.11.0-win32-x64\jre\17.0.4.1-win32-x86_64\bin\server;C:\Users\wuzhe\AppData\Roaming\Code\User\globalStorage\redhat.java\1.11.0\config_win\org.eclipse.equinox.launcher\org.eclipse.equinox.launcher.win32.win32.x86_64_1.2.600.v20220720-1916

VM Arguments:
jvm_args: --add-modules=ALL-SYSTEM --add-opens=java.base/java.util=ALL-UNNAMED --add-opens=java.base/java.lang=ALL-UNNAMED --add-opens=java.base/sun.nio.fs=ALL-UNNAMED -Declipse.application=org.eclipse.jdt.ls.core.id1 -Dosgi.bundles.defaultStartLevel=4 -Declipse.product=org.eclipse.jdt.ls.core.product -Djava.import.generatesMetadataFilesAtProjectRoot=false -Dfile.encoding=utf8 -DwatchParentProcess=false -XX:+UseParallelGC -XX:GCTimeRatio=4 -XX:AdaptiveSizePolicyWeight=90 -Dsun.zip.disableMemoryMapping=true -Xmx1G -Xms100m -Xlog:disable -javaagent:c:\Users\wuzhe\.vscode\extensions\redhat.java-1.11.0-win32-x64\lombok\lombok-1.18.24.jar -XX:+HeapDumpOnOutOfMemoryError -XX:HeapDumpPath=c:\Users\wuzhe\AppData\Roaming\Code\User\workspaceStorage\57a35751da7d4463364ea55e45586fe2\redhat.java 
java_command: c:\Users\wuzhe\.vscode\extensions\redhat.java-1.11.0-win32-x64\server\plugins\org.eclipse.equinox.launcher_1.6.400.v20210924-0641.jar -configuration c:\Users\wuzhe\AppData\Roaming\Code\User\globalStorage\redhat.java\1.11.0\config_win -data c:\Users\wuzhe\AppData\Roaming\Code\User\workspaceStorage\57a35751da7d4463364ea55e45586fe2\redhat.java\jdt_ws
java_class_path (initial): c:\Users\wuzhe\.vscode\extensions\redhat.java-1.11.0-win32-x64\server\plugins\org.eclipse.equinox.launcher_1.6.400.v20210924-0641.jar
Launcher Type: SUN_STANDARD

[Global flags]
    uintx AdaptiveSizePolicyWeight                 = 90                                        {product} {command line}
     intx CICompilerCount                          = 3                                         {product} {ergonomic}
    uintx GCTimeRatio                              = 4                                         {product} {command line}
     bool HeapDumpOnOutOfMemoryError               = true                                   {manageable} {command line}
    ccstr HeapDumpPath                             = c:\Users\wuzhe\AppData\Roaming\Code\User\workspaceStorage\57a35751da7d4463364ea55e45586fe2\redhat.java         {manageable} {command line}
   size_t InitialHeapSize                          = 104857600                                 {product} {command line}
   size_t MaxHeapSize                              = 1073741824                                {product} {command line}
   size_t MaxNewSize                               = 357564416                                 {product} {ergonomic}
   size_t MinHeapDeltaBytes                        = 524288                                    {product} {ergonomic}
   size_t MinHeapSize                              = 104857600                                 {product} {command line}
   size_t NewSize                                  = 34603008                                  {product} {ergonomic}
    uintx NonNMethodCodeHeapSize                   = 5832780                                {pd product} {ergonomic}
    uintx NonProfiledCodeHeapSize                  = 122912730                              {pd product} {ergonomic}
   size_t OldSize                                  = 70254592                                  {product} {ergonomic}
    uintx ProfiledCodeHeapSize                     = 122912730                              {pd product} {ergonomic}
    uintx ReservedCodeCacheSize                    = 251658240                              {pd product} {ergonomic}
     bool SegmentedCodeCache                       = true                                      {product} {ergonomic}
   size_t SoftMaxHeapSize                          = 1073741824                             {manageable} {ergonomic}
     bool UseCompressedClassPointers               = true                           {product lp64_product} {ergonomic}
     bool UseCompressedOops                        = true                           {product lp64_product} {ergonomic}
     bool UseLargePagesIndividualAllocation        = false                                  {pd product} {ergonomic}
     bool UseParallelGC                            = true                                      {product} {command line}

Logging:
Log output configuration:
 #0: stdout all=off uptime,level,tags
 #1: stderr all=off uptime,level,tags

Environment Variables:
PATH=C:\Program Files\Eclipse Foundation\jdk-8.0.302.8-hotspot\bin;C:\Program Files (x86)\Common Files\Oracle\Java\javapath;C:\Program Files\Eclipse Adoptium\jdk-17.0.4.8-hotspot\bin;C:\Windows\system32;C:\Windows;C:\Windows\System32\Wbem;C:\Windows\System32\WindowsPowerShell\v1.0\;C:\Windows\System32\OpenSSH\;C:\Program Files\PuTTY\;C:\Program Files\dotnet\;C:\texlive\2022\bin\win32;C:\Users\wuzhe\AppData\Local\Microsoft\WindowsApps;C:\Users\wuzhe\AppData\Local\Programs\Microsoft VS Code\bin;C:\Users\wuzhe\AppData\Local\GitHubDesktop\bin;C:\Users\wuzhe\.dotnet\tools;C:\texlive\2022\bin\win32
USERNAME=wuzhe
OS=Windows_NT
PROCESSOR_IDENTIFIER=Intel64 Family 6 Model 78 Stepping 3, GenuineIntel
TMP=C:\Users\wuzhe\AppData\Local\Temp
TEMP=C:\Users\wuzhe\AppData\Local\Temp



---------------  S Y S T E M  ---------------

OS:
 Windows 10 , 64 bit Build 19041 (10.0.19041.1889)
OS uptime: 7 days 23:18 hours

CPU: total 4 (initial active 4) (2 cores per cpu, 2 threads per core) family 6 model 78 stepping 3 microcode 0xcc, cx8, cmov, fxsr, ht, mmx, 3dnowpref, sse, sse2, sse3, ssse3, sse4.1, sse4.2, popcnt, lzcnt, tsc, tscinvbit, avx, avx2, aes, erms, clmul, bmi1, bmi2, adx, fma, vzeroupper, clflush, clflushopt

Memory: 4k page, system-wide physical 3979M (34M free)
TotalPageFile size 20363M (AvailPageFile size 1M)
current process WorkingSet (physical memory assigned to process): 113M, peak: 114M
current process commit charge ("private bytes"): 212M, peak: 214M

vm_info: OpenJDK 64-Bit Server VM (17.0.4.1+1) for windows-amd64 JRE (17.0.4.1+1), built on Aug 17 2022 07:42:43 by "temurin" with MS VC++ 16.7 (VS2019)

END.
