#
# There is insufficient memory for the Java Runtime Environment to continue.
# Native memory allocation (mmap) failed to map 65536 bytes for Failed to commit metaspace.
# Possible reasons:
#   The system is out of physical RAM or swap space
#   The process is running with CompressedOops enabled, and the Java Heap may be blocking the growth of the native heap
# Possible solutions:
#   Reduce memory load on the system
#   Increase physical memory or swap space
#   Check if swap backing store is full
#   Decrease Java heap size (-Xmx/-Xms)
#   Decrease number of Java threads
#   Decrease Java thread stack sizes (-Xss)
#   Set larger code cache with -XX:ReservedCodeCacheSize=
#   JVM is running with Unscaled Compressed Oops mode in which the Java heap is
#     placed in the first 4GB address space. The Java Heap base address is the
#     maximum limit for the native heap growth. Please use -XX:HeapBaseMinAddress
#     to set the Java Heap base and to place the Java Heap above 4GB virtual address.
# This output file may be truncated or incomplete.
#
#  Out of Memory Error (virtualSpaceNode.cpp:110), pid=7080, tid=8600
#
# JRE version: OpenJDK Runtime Environment Temurin-17.0.4.1+1 (17.0.4.1+1) (build 17.0.4.1+1)
# Java VM: OpenJDK 64-Bit Server VM Temurin-17.0.4.1+1 (17.0.4.1+1, mixed mode, tiered, compressed oops, compressed class ptrs, parallel gc, windows-amd64)
# No core dump will be written. Minidumps are not enabled by default on client versions of Windows
#

---------------  S U M M A R Y ------------

Command Line: --add-modules=ALL-SYSTEM --add-opens=java.base/java.util=ALL-UNNAMED --add-opens=java.base/java.lang=ALL-UNNAMED --add-opens=java.base/sun.nio.fs=ALL-UNNAMED -Declipse.application=org.eclipse.jdt.ls.core.id1 -Dosgi.bundles.defaultStartLevel=4 -Declipse.product=org.eclipse.jdt.ls.core.product -Djava.import.generatesMetadataFilesAtProjectRoot=false -Dfile.encoding=utf8 -DwatchParentProcess=false -XX:+UseParallelGC -XX:GCTimeRatio=4 -XX:AdaptiveSizePolicyWeight=90 -Dsun.zip.disableMemoryMapping=true -Xmx1G -Xms100m -Xlog:disable -javaagent:c:\Users\wuzhe\.vscode\extensions\redhat.java-1.11.0-win32-x64\lombok\lombok-1.18.24.jar c:\Users\wuzhe\.vscode\extensions\redhat.java-1.11.0-win32-x64\server\plugins\org.eclipse.equinox.launcher_1.6.400.v20210924-0641.jar -configuration c:\Users\wuzhe\AppData\Roaming\Code\User\globalStorage\redhat.java\1.11.0\config_ss_win -data c:\Users\wuzhe\AppData\Roaming\Code\User\workspaceStorage\57a35751da7d4463364ea55e45586fe2\redhat.java\ss_ws

Host: Intel(R) Core(TM) i5-6200U CPU @ 2.30GHz, 4 cores, 3G,  Windows 10 , 64 bit Build 19041 (10.0.19041.1889)
Time: Fri Oct 14 12:29:42 2022 Central Daylight Time elapsed time: 3.818004 seconds (0d 0h 0m 3s)

---------------  T H R E A D  ---------------

Current thread (0x000001a70995dfd0):  JavaThread "main" [_thread_in_vm, id=8600, stack(0x0000006554e00000,0x0000006554f00000)]

Stack: [0x0000006554e00000,0x0000006554f00000]
Native frames: (J=compiled Java code, j=interpreted, Vv=VM code, C=native code)
V  [jvm.dll+0x67731a]
V  [jvm.dll+0x832284]
V  [jvm.dll+0x833a2e]
V  [jvm.dll+0x834093]
V  [jvm.dll+0x245775]
V  [jvm.dll+0x82e22b]
V  [jvm.dll+0x61bdf6]
V  [jvm.dll+0x61be5a]
V  [jvm.dll+0x61e67a]
V  [jvm.dll+0x61c796]
V  [jvm.dll+0x23b2e7]
V  [jvm.dll+0x1e6243]
V  [jvm.dll+0x1eafe6]
V  [jvm.dll+0x1e09f1]
V  [jvm.dll+0x53c910]
V  [jvm.dll+0x1f11e7]
V  [jvm.dll+0x7ac56b]
V  [jvm.dll+0x7ad912]
V  [jvm.dll+0x7adc48]
V  [jvm.dll+0x23db7e]
V  [jvm.dll+0x37f29e]
C  0x000001a70c61af2e

Java frames: (J=compiled Java code, j=interpreted, Vv=VM code)
j  sun.net.www.MimeTable.<clinit>()V+0 java.base@17.0.4.1
v  ~StubRoutines::call_stub
j  java.net.URLConnection$1.<init>()V+5 java.base@17.0.4.1
j  java.net.URLConnection.getFileNameMap()Ljava/net/FileNameMap;+12 java.base@17.0.4.1
j  sun.net.www.protocol.file.FileURLConnection.initializeHeaders()V+62 java.base@17.0.4.1
j  sun.net.www.protocol.file.FileURLConnection.getLastModified()J+1 java.base@17.0.4.1
j  org.eclipse.equinox.launcher.Main.getCurrentConfigIniBaseTimestamp(Ljava/net/URL;)J+35
j  org.eclipse.equinox.launcher.Main.processConfiguration()V+280
j  org.eclipse.equinox.launcher.Main.basicRun([Ljava/lang/String;)V+53
j  org.eclipse.equinox.launcher.Main.run([Ljava/lang/String;)I+4
j  org.eclipse.equinox.launcher.Main.main([Ljava/lang/String;)V+10
v  ~StubRoutines::call_stub

---------------  P R O C E S S  ---------------

Threads class SMR info:
_java_thread_list=0x000001a71f3fae40, length=12, elements={
0x000001a70995dfd0, 0x000001a71d780b60, 0x000001a71d781620, 0x000001a71d7ab160,
0x000001a71d7abc20, 0x000001a71d7ac6e0, 0x000001a71d7aefb0, 0x000001a71d7afc50,
0x000001a71d7b0600, 0x000001a71d7fdf20, 0x000001a709a1baf0, 0x000001a71f36bbe0
}

Java Threads: ( => current thread )
=>0x000001a70995dfd0 JavaThread "main" [_thread_in_vm, id=8600, stack(0x0000006554e00000,0x0000006554f00000)]
  0x000001a71d780b60 JavaThread "Reference Handler" daemon [_thread_blocked, id=15492, stack(0x0000006555100000,0x0000006555200000)]
  0x000001a71d781620 JavaThread "Finalizer" daemon [_thread_blocked, id=9228, stack(0x0000006555200000,0x0000006555300000)]
  0x000001a71d7ab160 JavaThread "Signal Dispatcher" daemon [_thread_blocked, id=18596, stack(0x0000006555300000,0x0000006555400000)]
  0x000001a71d7abc20 JavaThread "Attach Listener" daemon [_thread_blocked, id=13620, stack(0x0000006555400000,0x0000006555500000)]
  0x000001a71d7ac6e0 JavaThread "Service Thread" daemon [_thread_blocked, id=17116, stack(0x0000006555500000,0x0000006555600000)]
  0x000001a71d7aefb0 JavaThread "Monitor Deflation Thread" daemon [_thread_blocked, id=9256, stack(0x0000006555600000,0x0000006555700000)]
  0x000001a71d7afc50 JavaThread "C2 CompilerThread0" daemon [_thread_in_native, id=19108, stack(0x0000006555700000,0x0000006555800000)]
  0x000001a71d7b0600 JavaThread "C1 CompilerThread0" daemon [_thread_blocked, id=14968, stack(0x0000006555800000,0x0000006555900000)]
  0x000001a71d7fdf20 JavaThread "Sweeper thread" daemon [_thread_blocked, id=7440, stack(0x0000006555900000,0x0000006555a00000)]
  0x000001a709a1baf0 JavaThread "Common-Cleaner" daemon [_thread_blocked, id=19040, stack(0x0000006555a00000,0x0000006555b00000)]
  0x000001a71f36bbe0 JavaThread "Notification Thread" daemon [_thread_blocked, id=17524, stack(0x0000006555b00000,0x0000006555c00000)]

Other Threads:
  0x000001a71d7686e0 VMThread "VM Thread" [stack: 0x0000006555000000,0x0000006555100000] [id=4956]
  0x000001a71f3f16f0 WatcherThread [stack: 0x0000006555c00000,0x0000006555d00000] [id=18708]
  0x000001a7099738a0 GCTaskThread "GC Thread#0" [stack: 0x0000006554f00000,0x0000006555000000] [id=19116]

Threads with active compile tasks:
C2 CompilerThread0     3909  552 %     4       sun.security.provider.SHA2::implCompress0 @ 27 (490 bytes)

VM state: not at safepoint (normal execution)

VM Mutex/Monitor currently owned by a thread:  ([mutex/lock_event])
[0x000001a709957da0] Metaspace_lock - owner thread: 0x000001a70995dfd0

Heap address: 0x00000000c0000000, size: 1024 MB, Compressed Oops mode: 32-bit

CDS archive(s) not mapped
Compressed class space mapped at: 0x0000000100000000-0x0000000140000000, reserved size: 1073741824
Narrow klass base: 0x0000000000000000, Narrow klass shift: 3, Narrow klass range: 0x140000000

GC Precious Log:
 CPUs: 4 total, 4 available
 Memory: 3979M
 Large Page Support: Disabled
 NUMA Support: Disabled
 Compressed Oops: Enabled (32-bit)
 Alignments: Space 512K, Generation 512K, Heap 2M
 Heap Min Capacity: 100M
 Heap Initial Capacity: 100M
 Heap Max Capacity: 1G
 Pre-touch: Disabled
 Parallel Workers: 4

Heap:
 PSYoungGen      total 29696K, used 12944K [0x00000000eab00000, 0x00000000ecc00000, 0x0000000100000000)
  eden space 25600K, 50% used [0x00000000eab00000,0x00000000eb7a4170,0x00000000ec400000)
  from space 4096K, 0% used [0x00000000ec800000,0x00000000ec800000,0x00000000ecc00000)
  to   space 4096K, 0% used [0x00000000ec400000,0x00000000ec400000,0x00000000ec800000)
 ParOldGen       total 68608K, used 0K [0x00000000c0000000, 0x00000000c4300000, 0x00000000eab00000)
  object space 68608K, 0% used [0x00000000c0000000,0x00000000c0000000,0x00000000c4300000)
 Metaspace       used 8608K, committed 8704K, reserved 1064960K
  class space    used 861K, committed 896K, reserved 1048576K

Card table byte_map: [0x000001a709350000,0x000001a709560000] _byte_map_base: 0x000001a708d50000

Marking Bits: (ParMarkBitMap*) 0x00007ff8e4ba2cc0
 Begin Bits: [0x000001a71b600000, 0x000001a71c600000)
 End Bits:   [0x000001a71c600000, 0x000001a71d600000)

Polling page: 0x000001a709140000

Metaspace:

Usage:
  Non-class:      7.57 MB used.
      Class:    861.20 KB used.
       Both:      8.41 MB used.

Virtual space:
  Non-class space:       16.00 MB reserved,       7.62 MB ( 48%) committed,  2 nodes.
      Class space:        1.00 GB reserved,     896.00 KB ( <1%) committed,  1 nodes.
             Both:        1.02 GB reserved,       8.50 MB ( <1%) committed. 

Chunk freelists:
   Non-Class:  3.92 MB
       Class:  3.09 MB
        Both:  7.01 MB

MaxMetaspaceSize: unlimited
CompressedClassSpaceSize: 1.00 GB
Initial GC threshold: 21.00 MB
Current GC threshold: 21.00 MB
CDS: off
MetaspaceReclaimPolicy: balanced
 - commit_granule_bytes: 65536.
 - commit_granule_words: 8192.
 - virtual_space_node_default_size: 1048576.
 - enlarge_chunks_in_place: 1.
 - new_chunks_are_fully_committed: 0.
 - uncommit_free_chunks: 1.
 - use_allocation_guard: 0.
 - handle_deallocations: 1.


Internal statistics:

num_allocs_failed_limit: 0.
num_arena_births: 10.
num_arena_deaths: 0.
num_vsnodes_births: 3.
num_vsnodes_deaths: 0.
num_space_committed: 136.
num_space_uncommitted: 0.
num_chunks_returned_to_freelist: 0.
num_chunks_taken_from_freelist: 44.
num_chunk_merges: 0.
num_chunk_splits: 24.
num_chunks_enlarged: 19.
num_purges: 0.
num_inconsistent_stats: 0.

CodeHeap 'non-profiled nmethods': size=120000Kb used=199Kb max_used=199Kb free=119801Kb
 bounds [0x000001a7140d0000, 0x000001a714340000, 0x000001a71b600000]
CodeHeap 'profiled nmethods': size=120000Kb used=821Kb max_used=821Kb free=119178Kb
 bounds [0x000001a70cba0000, 0x000001a70ce10000, 0x000001a7140d0000]
CodeHeap 'non-nmethods': size=5760Kb used=1127Kb max_used=1148Kb free=4632Kb
 bounds [0x000001a70c600000, 0x000001a70c870000, 0x000001a70cba0000]
 total_blobs=973 nmethods=559 adapters=329
 compilation: enabled
              stopped_count=0, restarted_count=0
 full_count=0

Compilation events (20 events):
Event: 3.800 Thread 0x000001a71d7b0600  556       3       jdk.internal.jimage.ImageReader::requireOpen (18 bytes)
Event: 3.800 Thread 0x000001a71d7b0600 nmethod 556 0x000001a70cc65990 code [0x000001a70cc65b40, 0x000001a70cc65d68]
Event: 3.800 Thread 0x000001a71d7b0600  557       3       jdk.internal.jimage.ImageStringsReader::hashCode (8 bytes)
Event: 3.801 Thread 0x000001a71d7b0600 nmethod 557 0x000001a70cc65e90 code [0x000001a70cc66040, 0x000001a70cc661f8]
Event: 3.801 Thread 0x000001a71d7b0600  558       3       java.util.Optional::empty (6 bytes)
Event: 3.801 Thread 0x000001a71d7b0600 nmethod 558 0x000001a70cc66310 code [0x000001a70cc664a0, 0x000001a70cc66598]
Event: 3.801 Thread 0x000001a71d7b0600  559       1       java.util.Collections$EmptyIterator::hasNext (2 bytes)
Event: 3.801 Thread 0x000001a71d7b0600 nmethod 559 0x000001a7140fdd90 code [0x000001a7140fdf20, 0x000001a7140fdff8]
Event: 3.801 Thread 0x000001a71d7b0600  560       3       java.lang.StringBuilder::<init> (6 bytes)
Event: 3.802 Thread 0x000001a71d7b0600 nmethod 560 0x000001a70cc66610 code [0x000001a70cc667a0, 0x000001a70cc668e8]
Event: 3.804 Thread 0x000001a71d7b0600  561 %     3       java.util.Properties$LineReader::readLine @ 53 (584 bytes)
Event: 3.806 Thread 0x000001a71d7afc50 nmethod 535 0x000001a7140fe090 code [0x000001a7140fe2a0, 0x000001a7140ff2e8]
Event: 3.807 Thread 0x000001a71d7afc50  538       4       java.util.HashSet::iterator (13 bytes)
Event: 3.808 Thread 0x000001a71d7b0600 nmethod 561% 0x000001a70cc66990 code [0x000001a70cc66d60, 0x000001a70cc69898]
Event: 3.809 Thread 0x000001a71d7b0600  562       3       java.util.concurrent.ConcurrentHashMap$BaseIterator::hasNext (13 bytes)
Event: 3.809 Thread 0x000001a71d7b0600 nmethod 562 0x000001a70cc6a590 code [0x000001a70cc6a720, 0x000001a70cc6a898]
Event: 3.809 Thread 0x000001a71d7b0600  563       3       java.io.WinNTFileSystem::normalize (224 bytes)
Event: 3.813 Thread 0x000001a71d7b0600 nmethod 563 0x000001a70cc6a910 code [0x000001a70cc6ad00, 0x000001a70cc6c878]
Event: 3.813 Thread 0x000001a71d7b0600  564       3       java.lang.ClassLoader::findLoadedClass (15 bytes)
Event: 3.813 Thread 0x000001a71d7b0600 nmethod 564 0x000001a70cc6d310 code [0x000001a70cc6d4c0, 0x000001a70cc6d6b8]

GC Heap History (0 events):
No events

Deoptimization events (20 events):
Event: 3.285 Thread 0x000001a70995dfd0 DEOPT PACKING pc=0x000001a7140f1644 sp=0x0000006554efc4f0
Event: 3.285 Thread 0x000001a70995dfd0 DEOPT UNPACKING pc=0x000001a70c6520a3 sp=0x0000006554efc478 mode 2
Event: 3.285 Thread 0x000001a70995dfd0 Uncommon trap: trap_request=0xffffffde fr.pc=0x000001a7140f1644 relative=0x0000000000000124
Event: 3.285 Thread 0x000001a70995dfd0 Uncommon trap: reason=class_check action=maybe_recompile pc=0x000001a7140f1644 method=jdk.internal.misc.Unsafe.allocateUninitializedArray(Ljava/lang/Class;I)Ljava/lang/Object; @ 51 c2
Event: 3.285 Thread 0x000001a70995dfd0 DEOPT PACKING pc=0x000001a7140f1644 sp=0x0000006554efc4f0
Event: 3.285 Thread 0x000001a70995dfd0 DEOPT UNPACKING pc=0x000001a70c6520a3 sp=0x0000006554efc478 mode 2
Event: 3.285 Thread 0x000001a70995dfd0 Uncommon trap: trap_request=0xffffffde fr.pc=0x000001a7140f1644 relative=0x0000000000000124
Event: 3.285 Thread 0x000001a70995dfd0 Uncommon trap: reason=class_check action=maybe_recompile pc=0x000001a7140f1644 method=jdk.internal.misc.Unsafe.allocateUninitializedArray(Ljava/lang/Class;I)Ljava/lang/Object; @ 51 c2
Event: 3.285 Thread 0x000001a70995dfd0 DEOPT PACKING pc=0x000001a7140f1644 sp=0x0000006554efc530
Event: 3.285 Thread 0x000001a70995dfd0 DEOPT UNPACKING pc=0x000001a70c6520a3 sp=0x0000006554efc4b8 mode 2
Event: 3.308 Thread 0x000001a70995dfd0 Uncommon trap: trap_request=0xffffff45 fr.pc=0x000001a7140e3b44 relative=0x00000000000000c4
Event: 3.308 Thread 0x000001a70995dfd0 Uncommon trap: reason=unstable_if action=reinterpret pc=0x000001a7140e3b44 method=java.net.URI.match(CJJ)Z @ 45 c2
Event: 3.308 Thread 0x000001a70995dfd0 DEOPT PACKING pc=0x000001a7140e3b44 sp=0x0000006554efcb10
Event: 3.308 Thread 0x000001a70995dfd0 DEOPT UNPACKING pc=0x000001a70c6520a3 sp=0x0000006554efca98 mode 2
Event: 3.398 Thread 0x000001a70995dfd0 Uncommon trap: trap_request=0xffffff45 fr.pc=0x000001a7140f36c8 relative=0x0000000000000648
Event: 3.398 Thread 0x000001a70995dfd0 Uncommon trap: reason=unstable_if action=reinterpret pc=0x000001a7140f36c8 method=java.lang.String.replace(Ljava/lang/CharSequence;Ljava/lang/CharSequence;)Ljava/lang/String; @ 48 c2
Event: 3.398 Thread 0x000001a70995dfd0 DEOPT PACKING pc=0x000001a7140f36c8 sp=0x0000006554efcaa0
Event: 3.398 Thread 0x000001a70995dfd0 DEOPT UNPACKING pc=0x000001a70c6520a3 sp=0x0000006554efca10 mode 2
Event: 3.726 Thread 0x000001a70995dfd0 DEOPT PACKING pc=0x000001a70cbe752d sp=0x0000006554efb070
Event: 3.726 Thread 0x000001a70995dfd0 DEOPT UNPACKING pc=0x000001a70c652843 sp=0x0000006554efa508 mode 0

Classes unloaded (0 events):
No events

Classes redefined (0 events):
No events

Internal exceptions (7 events):
Event: 1.489 Thread 0x000001a70995dfd0 Exception <a 'java/lang/NoSuchMethodError'{0x00000000eacb2230}: 'void java.lang.invoke.DirectMethodHandle$Holder.invokeStatic(java.lang.Object, java.lang.Object, java.lang.Object)'> (0x00000000eacb2230) 
thrown [s\src\hotspot\share\interpreter\linkResolver.cpp, line 759]
Event: 2.734 Thread 0x000001a70995dfd0 Exception <a 'java/lang/reflect/InvocationTargetException'{0x00000000eaf79278}> (0x00000000eaf79278) 
thrown [s\src\hotspot\share\runtime\reflection.cpp, line 1121]
Event: 3.801 Thread 0x000001a70995dfd0 Exception <a 'java/lang/ClassNotFoundException'{0x00000000eb7136a8}: sun/net/www/protocol/c/Handler> (0x00000000eb7136a8) 
thrown [s\src\hotspot\share\classfile\systemDictionary.cpp, line 256]
Event: 3.811 Thread 0x000001a70995dfd0 Exception <a 'java/io/FileNotFoundException'{0x00000000eb726ea0}> (0x00000000eb726ea0) 
thrown [s\src\hotspot\share\prims\jni.cpp, line 516]
Event: 3.811 Thread 0x000001a70995dfd0 Exception <a 'java/io/FileNotFoundException'{0x00000000eb727bb0}> (0x00000000eb727bb0) 
thrown [s\src\hotspot\share\prims\jni.cpp, line 516]
Event: 3.812 Thread 0x000001a70995dfd0 Exception <a 'java/io/FileNotFoundException'{0x00000000eb7288a0}> (0x00000000eb7288a0) 
thrown [s\src\hotspot\share\prims\jni.cpp, line 516]
Event: 3.812 Thread 0x000001a70995dfd0 Exception <a 'java/io/FileNotFoundException'{0x00000000eb729560}> (0x00000000eb729560) 
thrown [s\src\hotspot\share\prims\jni.cpp, line 516]

VM Operations (12 events):
Event: 1.540 Executing VM operation: HandshakeAllThreads
Event: 1.540 Executing VM operation: HandshakeAllThreads done
Event: 2.084 Executing VM operation: HandshakeAllThreads
Event: 2.084 Executing VM operation: HandshakeAllThreads done
Event: 2.084 Executing VM operation: Cleanup
Event: 2.085 Executing VM operation: Cleanup done
Event: 3.093 Executing VM operation: Cleanup
Event: 3.094 Executing VM operation: Cleanup done
Event: 3.704 Executing VM operation: HandshakeAllThreads
Event: 3.704 Executing VM operation: HandshakeAllThreads done
Event: 3.793 Executing VM operation: HandshakeAllThreads
Event: 3.793 Executing VM operation: HandshakeAllThreads done

Events (20 events):
Event: 3.800 loading class java/util/Collections$EmptyEnumeration done
Event: 3.800 loading class jdk/internal/loader/BuiltinClassLoader$1
Event: 3.800 loading class jdk/internal/loader/BuiltinClassLoader$1 done
Event: 3.800 loading class java/lang/CompoundEnumeration
Event: 3.800 loading class java/lang/CompoundEnumeration done
Event: 3.800 loading class jdk/internal/loader/URLClassPath$1
Event: 3.801 loading class jdk/internal/loader/URLClassPath$1 done
Event: 3.806 loading class java/util/concurrent/ConcurrentHashMap$KeySetView
Event: 3.806 loading class java/util/concurrent/ConcurrentHashMap$KeySetView done
Event: 3.808 loading class java/util/Collections$3
Event: 3.808 loading class java/util/Collections$3 done
Event: 3.808 loading class java/util/concurrent/ConcurrentHashMap$KeyIterator
Event: 3.808 loading class java/util/concurrent/ConcurrentHashMap$KeyIterator done
Event: 3.812 loading class java/net/URLConnection$1
Event: 3.812 loading class java/net/FileNameMap
Event: 3.813 loading class java/net/FileNameMap done
Event: 3.813 loading class java/net/URLConnection$1 done
Event: 3.813 loading class sun/net/www/MimeTable
Event: 3.814 loading class sun/net/www/MimeTable done
Event: 3.814 loading class sun/net/www/MimeTable$1


Dynamic libraries:
0x00007ff75d520000 - 0x00007ff75d52e000 	c:\Users\wuzhe\.vscode\extensions\redhat.java-1.11.0-win32-x64\jre\17.0.4.1-win32-x86_64\bin\java.exe
0x00007ff94baf0000 - 0x00007ff94bce8000 	C:\Windows\SYSTEM32\ntdll.dll
0x00007ff94b800000 - 0x00007ff94b8bd000 	C:\Windows\System32\KERNEL32.DLL
0x00007ff949390000 - 0x00007ff94965e000 	C:\Windows\System32\KERNELBASE.dll
0x00007ff9499a0000 - 0x00007ff949aa0000 	C:\Windows\System32\ucrtbase.dll
0x00007ff931970000 - 0x00007ff931988000 	c:\Users\wuzhe\.vscode\extensions\redhat.java-1.11.0-win32-x64\jre\17.0.4.1-win32-x86_64\bin\jli.dll
0x00007ff94afa0000 - 0x00007ff94b140000 	C:\Windows\System32\USER32.dll
0x00007ff949660000 - 0x00007ff949682000 	C:\Windows\System32\win32u.dll
0x00007ff94b950000 - 0x00007ff94b97a000 	C:\Windows\System32\GDI32.dll
0x00007ff949700000 - 0x00007ff94980b000 	C:\Windows\System32\gdi32full.dll
0x00007ff949210000 - 0x00007ff9492ad000 	C:\Windows\System32\msvcp_win.dll
0x00007ff928cb0000 - 0x00007ff928cc9000 	c:\Users\wuzhe\.vscode\extensions\redhat.java-1.11.0-win32-x64\jre\17.0.4.1-win32-x86_64\bin\VCRUNTIME140.dll
0x00007ff92f680000 - 0x00007ff92f91a000 	C:\Windows\WinSxS\amd64_microsoft.windows.common-controls_6595b64144ccf1df_6.0.19041.1110_none_60b5254171f9507e\COMCTL32.dll
0x00007ff949d90000 - 0x00007ff949e2e000 	C:\Windows\System32\msvcrt.dll
0x00007ff94b8c0000 - 0x00007ff94b8f0000 	C:\Windows\System32\IMM32.DLL
0x00007ff941500000 - 0x00007ff94150c000 	c:\Users\wuzhe\.vscode\extensions\redhat.java-1.11.0-win32-x64\jre\17.0.4.1-win32-x86_64\bin\vcruntime140_1.dll
0x00007ff912030000 - 0x00007ff9120c1000 	c:\Users\wuzhe\.vscode\extensions\redhat.java-1.11.0-win32-x64\jre\17.0.4.1-win32-x86_64\bin\msvcp140.dll
0x00007ff8e4020000 - 0x00007ff8e4c66000 	c:\Users\wuzhe\.vscode\extensions\redhat.java-1.11.0-win32-x64\jre\17.0.4.1-win32-x86_64\bin\server\jvm.dll
0x00007ff949ce0000 - 0x00007ff949d8e000 	C:\Windows\System32\ADVAPI32.dll
0x00007ff94af00000 - 0x00007ff94af9c000 	C:\Windows\System32\sechost.dll
0x00007ff94b980000 - 0x00007ff94baa5000 	C:\Windows\System32\RPCRT4.dll
0x00007ff94b390000 - 0x00007ff94b398000 	C:\Windows\System32\PSAPI.DLL
0x00007ff940710000 - 0x00007ff940719000 	C:\Windows\SYSTEM32\WSOCK32.dll
0x00007ff94adc0000 - 0x00007ff94ae2b000 	C:\Windows\System32\WS2_32.dll
0x00007ff929030000 - 0x00007ff929057000 	C:\Windows\SYSTEM32\WINMM.dll
0x00007ff9399d0000 - 0x00007ff9399da000 	C:\Windows\SYSTEM32\VERSION.dll
0x00007ff947100000 - 0x00007ff947112000 	C:\Windows\SYSTEM32\kernel.appcore.dll
0x00007ff931930000 - 0x00007ff93193a000 	c:\Users\wuzhe\.vscode\extensions\redhat.java-1.11.0-win32-x64\jre\17.0.4.1-win32-x86_64\bin\jimage.dll
0x00007ff933be0000 - 0x00007ff933dc4000 	C:\Windows\SYSTEM32\DBGHELP.DLL
0x00007ff930750000 - 0x00007ff93077c000 	C:\Windows\SYSTEM32\dbgcore.DLL
0x00007ff949300000 - 0x00007ff949382000 	C:\Windows\System32\bcryptPrimitives.dll
0x00007ff92ada0000 - 0x00007ff92adae000 	c:\Users\wuzhe\.vscode\extensions\redhat.java-1.11.0-win32-x64\jre\17.0.4.1-win32-x86_64\bin\instrument.dll
0x00007ff926600000 - 0x00007ff926625000 	c:\Users\wuzhe\.vscode\extensions\redhat.java-1.11.0-win32-x64\jre\17.0.4.1-win32-x86_64\bin\java.dll
0x00007ff928750000 - 0x00007ff928768000 	c:\Users\wuzhe\.vscode\extensions\redhat.java-1.11.0-win32-x64\jre\17.0.4.1-win32-x86_64\bin\zip.dll
0x00007ff949f10000 - 0x00007ff94a653000 	C:\Windows\System32\SHELL32.dll
0x00007ff947300000 - 0x00007ff947a95000 	C:\Windows\SYSTEM32\windows.storage.dll
0x00007ff94b3a0000 - 0x00007ff94b6f4000 	C:\Windows\System32\combase.dll
0x00007ff948c70000 - 0x00007ff948ca0000 	C:\Windows\SYSTEM32\Wldp.dll
0x00007ff94b1a0000 - 0x00007ff94b24d000 	C:\Windows\System32\SHCORE.dll
0x00007ff94b8f0000 - 0x00007ff94b945000 	C:\Windows\System32\shlwapi.dll
0x00007ff949150000 - 0x00007ff94916f000 	C:\Windows\SYSTEM32\profapi.dll
0x00007ff928520000 - 0x00007ff928539000 	C:\Users\wuzhe\.vscode\extensions\redhat.java-1.11.0-win32-x64\jre\17.0.4.1-win32-x86_64\bin\net.dll
0x00007ff935fd0000 - 0x00007ff9360da000 	C:\Windows\SYSTEM32\WINHTTP.dll
0x00007ff9489d0000 - 0x00007ff948a3a000 	C:\Windows\system32\mswsock.dll
0x00007ff928330000 - 0x00007ff928345000 	C:\Users\wuzhe\.vscode\extensions\redhat.java-1.11.0-win32-x64\jre\17.0.4.1-win32-x86_64\bin\nio.dll
0x00007ff92a7b0000 - 0x00007ff92a7c0000 	c:\Users\wuzhe\.vscode\extensions\redhat.java-1.11.0-win32-x64\jre\17.0.4.1-win32-x86_64\bin\verify.dll

dbghelp: loaded successfully - version: 4.0.5 - missing functions: none
symbol engine: initialized successfully - sym options: 0x614 - pdb path: .;c:\Users\wuzhe\.vscode\extensions\redhat.java-1.11.0-win32-x64\jre\17.0.4.1-win32-x86_64\bin;C:\Windows\SYSTEM32;C:\Windows\WinSxS\amd64_microsoft.windows.common-controls_6595b64144ccf1df_6.0.19041.1110_none_60b5254171f9507e;c:\Users\wuzhe\.vscode\extensions\redhat.java-1.11.0-win32-x64\jre\17.0.4.1-win32-x86_64\bin\server

VM Arguments:
jvm_args: --add-modules=ALL-SYSTEM --add-opens=java.base/java.util=ALL-UNNAMED --add-opens=java.base/java.lang=ALL-UNNAMED --add-opens=java.base/sun.nio.fs=ALL-UNNAMED -Declipse.application=org.eclipse.jdt.ls.core.id1 -Dosgi.bundles.defaultStartLevel=4 -Declipse.product=org.eclipse.jdt.ls.core.product -Djava.import.generatesMetadataFilesAtProjectRoot=false -Dfile.encoding=utf8 -DwatchParentProcess=false -XX:+UseParallelGC -XX:GCTimeRatio=4 -XX:AdaptiveSizePolicyWeight=90 -Dsun.zip.disableMemoryMapping=true -Xmx1G -Xms100m -Xlog:disable -javaagent:c:\Users\wuzhe\.vscode\extensions\redhat.java-1.11.0-win32-x64\lombok\lombok-1.18.24.jar 
java_command: c:\Users\wuzhe\.vscode\extensions\redhat.java-1.11.0-win32-x64\server\plugins\org.eclipse.equinox.launcher_1.6.400.v20210924-0641.jar -configuration c:\Users\wuzhe\AppData\Roaming\Code\User\globalStorage\redhat.java\1.11.0\config_ss_win -data c:\Users\wuzhe\AppData\Roaming\Code\User\workspaceStorage\57a35751da7d4463364ea55e45586fe2\redhat.java\ss_ws
java_class_path (initial): c:\Users\wuzhe\.vscode\extensions\redhat.java-1.11.0-win32-x64\server\plugins\org.eclipse.equinox.launcher_1.6.400.v20210924-0641.jar
Launcher Type: SUN_STANDARD

[Global flags]
    uintx AdaptiveSizePolicyWeight                 = 90                                        {product} {command line}
     intx CICompilerCount                          = 3                                         {product} {ergonomic}
    uintx GCTimeRatio                              = 4                                         {product} {command line}
   size_t InitialHeapSize                          = 104857600                                 {product} {command line}
   size_t MaxHeapSize                              = 1073741824                                {product} {command line}
   size_t MaxNewSize                               = 357564416                                 {product} {ergonomic}
   size_t MinHeapDeltaBytes                        = 524288                                    {product} {ergonomic}
   size_t MinHeapSize                              = 104857600                                 {product} {command line}
   size_t NewSize                                  = 34603008                                  {product} {ergonomic}
    uintx NonNMethodCodeHeapSize                   = 5832780                                {pd product} {ergonomic}
    uintx NonProfiledCodeHeapSize                  = 122912730                              {pd product} {ergonomic}
   size_t OldSize                                  = 70254592                                  {product} {ergonomic}
    uintx ProfiledCodeHeapSize                     = 122912730                              {pd product} {ergonomic}
    uintx ReservedCodeCacheSize                    = 251658240                              {pd product} {ergonomic}
     bool SegmentedCodeCache                       = true                                      {product} {ergonomic}
   size_t SoftMaxHeapSize                          = 1073741824                             {manageable} {ergonomic}
     bool UseCompressedClassPointers               = true                           {product lp64_product} {ergonomic}
     bool UseCompressedOops                        = true                           {product lp64_product} {ergonomic}
     bool UseLargePagesIndividualAllocation        = false                                  {pd product} {ergonomic}
     bool UseParallelGC                            = true                                      {product} {command line}

Logging:
Log output configuration:
 #0: stdout all=off uptime,level,tags
 #1: stderr all=off uptime,level,tags

Environment Variables:
PATH=C:\Program Files\Eclipse Foundation\jdk-8.0.302.8-hotspot\bin;C:\Program Files (x86)\Common Files\Oracle\Java\javapath;C:\Program Files\Eclipse Adoptium\jdk-17.0.4.8-hotspot\bin;C:\Windows\system32;C:\Windows;C:\Windows\System32\Wbem;C:\Windows\System32\WindowsPowerShell\v1.0\;C:\Windows\System32\OpenSSH\;C:\Program Files\PuTTY\;C:\Program Files\dotnet\;C:\texlive\2022\bin\win32;C:\Users\wuzhe\AppData\Local\Microsoft\WindowsApps;C:\Users\wuzhe\AppData\Local\Programs\Microsoft VS Code\bin;C:\Users\wuzhe\AppData\Local\GitHubDesktop\bin;C:\Users\wuzhe\.dotnet\tools;C:\texlive\2022\bin\win32
USERNAME=wuzhe
OS=Windows_NT
PROCESSOR_IDENTIFIER=Intel64 Family 6 Model 78 Stepping 3, GenuineIntel
TMP=C:\Users\wuzhe\AppData\Local\Temp
TEMP=C:\Users\wuzhe\AppData\Local\Temp



---------------  S Y S T E M  ---------------

OS:
 Windows 10 , 64 bit Build 19041 (10.0.19041.1889)
OS uptime: 7 days 23:17 hours

CPU: total 4 (initial active 4) (2 cores per cpu, 2 threads per core) family 6 model 78 stepping 3 microcode 0xcc, cx8, cmov, fxsr, ht, mmx, 3dnowpref, sse, sse2, sse3, ssse3, sse4.1, sse4.2, popcnt, lzcnt, tsc, tscinvbit, avx, avx2, aes, erms, clmul, bmi1, bmi2, adx, fma, vzeroupper, clflush, clflushopt

Memory: 4k page, system-wide physical 3979M (137M free)
TotalPageFile size 20363M (AvailPageFile size 138M)
current process WorkingSet (physical memory assigned to process): 51M, peak: 51M
current process commit charge ("private bytes"): 180M, peak: 180M

vm_info: OpenJDK 64-Bit Server VM (17.0.4.1+1) for windows-amd64 JRE (17.0.4.1+1), built on Aug 17 2022 07:42:43 by "temurin" with MS VC++ 16.7 (VS2019)

END.
