#
# There is insufficient memory for the Java Runtime Environment to continue.
# Native memory allocation (malloc) failed to allocate 131088 bytes for Chunk::new
# Possible reasons:
#   The system is out of physical RAM or swap space
#   The process is running with CompressedOops enabled, and the Java Heap may be blocking the growth of the native heap
# Possible solutions:
#   Reduce memory load on the system
#   Increase physical memory or swap space
#   Check if swap backing store is full
#   Decrease Java heap size (-Xmx/-Xms)
#   Decrease number of Java threads
#   Decrease Java thread stack sizes (-Xss)
#   Set larger code cache with -XX:ReservedCodeCacheSize=
#   JVM is running with Unscaled Compressed Oops mode in which the Java heap is
#     placed in the first 4GB address space. The Java Heap base address is the
#     maximum limit for the native heap growth. Please use -XX:HeapBaseMinAddress
#     to set the Java Heap base and to place the Java Heap above 4GB virtual address.
# This output file may be truncated or incomplete.
#
#  Out of Memory Error (arena.cpp:189), pid=14408, tid=15596
#
# JRE version: OpenJDK Runtime Environment Temurin-17.0.4.1+1 (17.0.4.1+1) (build 17.0.4.1+1)
# Java VM: OpenJDK 64-Bit Server VM Temurin-17.0.4.1+1 (17.0.4.1+1, mixed mode, tiered, compressed oops, compressed class ptrs, parallel gc, windows-amd64)
# No core dump will be written. Minidumps are not enabled by default on client versions of Windows
#

---------------  S U M M A R Y ------------

Command Line: --add-modules=ALL-SYSTEM --add-opens=java.base/java.util=ALL-UNNAMED --add-opens=java.base/java.lang=ALL-UNNAMED --add-opens=java.base/sun.nio.fs=ALL-UNNAMED -Declipse.application=org.eclipse.jdt.ls.core.id1 -Dosgi.bundles.defaultStartLevel=4 -Declipse.product=org.eclipse.jdt.ls.core.product -Djava.import.generatesMetadataFilesAtProjectRoot=false -Dfile.encoding=utf8 -DwatchParentProcess=false -XX:+UseParallelGC -XX:GCTimeRatio=4 -XX:AdaptiveSizePolicyWeight=90 -Dsun.zip.disableMemoryMapping=true -Xmx1G -Xms100m -Xlog:disable -javaagent:c:\Users\wuzhe\.vscode\extensions\redhat.java-1.11.0-win32-x64\lombok\lombok-1.18.24.jar c:\Users\wuzhe\.vscode\extensions\redhat.java-1.11.0-win32-x64\server\plugins\org.eclipse.equinox.launcher_1.6.400.v20210924-0641.jar -configuration c:\Users\wuzhe\AppData\Roaming\Code\User\globalStorage\redhat.java\1.11.0\config_ss_win -data c:\Users\wuzhe\AppData\Roaming\Code\User\workspaceStorage\57a35751da7d4463364ea55e45586fe2\redhat.java\ss_ws

Host: Intel(R) Core(TM) i5-6200U CPU @ 2.30GHz, 4 cores, 3G,  Windows 10 , 64 bit Build 19041 (10.0.19041.1889)
Time: Fri Oct 14 12:23:14 2022 Central Daylight Time elapsed time: 19.119706 seconds (0d 0h 0m 19s)

---------------  T H R E A D  ---------------

Current thread (0x0000015ad4afd9f0):  JavaThread "C2 CompilerThread0" daemon [_thread_in_native, id=15596, stack(0x0000004693d00000,0x0000004693e00000)]


Current CompileTask:
C2:  19119 2286       4       org.objectweb.asm.ClassReader::readMethod (1066 bytes)

Stack: [0x0000004693d00000,0x0000004693e00000]
Native frames: (J=compiled Java code, j=interpreted, Vv=VM code, C=native code)
V  [jvm.dll+0x67731a]
V  [jvm.dll+0x832284]
V  [jvm.dll+0x833a2e]
V  [jvm.dll+0x834093]
V  [jvm.dll+0x245775]
V  [jvm.dll+0xabd7b]
V  [jvm.dll+0xac30c]
V  [jvm.dll+0x69c202]
V  [jvm.dll+0x69c643]
V  [jvm.dll+0x69def2]
V  [jvm.dll+0x69cc0a]
V  [jvm.dll+0x219630]
V  [jvm.dll+0x21799b]
V  [jvm.dll+0x1a3f8d]
V  [jvm.dll+0x227498]
V  [jvm.dll+0x2255e5]
V  [jvm.dll+0x7e7e9b]
V  [jvm.dll+0x7e240a]
V  [jvm.dll+0x6761a5]
C  [ucrtbase.dll+0x21bb2]
C  [KERNEL32.DLL+0x17034]
C  [ntdll.dll+0x526a1]


---------------  P R O C E S S  ---------------

Threads class SMR info:
_java_thread_list=0x0000015ad70a4290, length=20, elements={
0x0000015ac0c8d480, 0x0000015ad4aafe30, 0x0000015ad4ab09e0, 0x0000015ad4af8af0,
0x0000015ad4af96a0, 0x0000015ad4afa250, 0x0000015ad4afcd10, 0x0000015ad4afd9f0,
0x0000015ad4afe3e0, 0x0000015ad4b2e4f0, 0x0000015ac0d4b710, 0x0000015ad6756f70,
0x0000015ad6e596e0, 0x0000015ad6b43970, 0x0000015ad70673b0, 0x0000015ad69f7490,
0x0000015ad698f4e0, 0x0000015ad6b1a8d0, 0x0000015ad69c7470, 0x0000015ad6b86fc0
}

Java Threads: ( => current thread )
  0x0000015ac0c8d480 JavaThread "main" [_thread_blocked, id=2352, stack(0x0000004693400000,0x0000004693500000)]
  0x0000015ad4aafe30 JavaThread "Reference Handler" daemon [_thread_blocked, id=15468, stack(0x0000004693700000,0x0000004693800000)]
  0x0000015ad4ab09e0 JavaThread "Finalizer" daemon [_thread_blocked, id=6004, stack(0x0000004693800000,0x0000004693900000)]
  0x0000015ad4af8af0 JavaThread "Signal Dispatcher" daemon [_thread_blocked, id=8020, stack(0x0000004693900000,0x0000004693a00000)]
  0x0000015ad4af96a0 JavaThread "Attach Listener" daemon [_thread_blocked, id=17012, stack(0x0000004693a00000,0x0000004693b00000)]
  0x0000015ad4afa250 JavaThread "Service Thread" daemon [_thread_blocked, id=7048, stack(0x0000004693b00000,0x0000004693c00000)]
  0x0000015ad4afcd10 JavaThread "Monitor Deflation Thread" daemon [_thread_blocked, id=15480, stack(0x0000004693c00000,0x0000004693d00000)]
=>0x0000015ad4afd9f0 JavaThread "C2 CompilerThread0" daemon [_thread_in_native, id=15596, stack(0x0000004693d00000,0x0000004693e00000)]
  0x0000015ad4afe3e0 JavaThread "C1 CompilerThread0" daemon [_thread_blocked, id=5028, stack(0x0000004693e00000,0x0000004693f00000)]
  0x0000015ad4b2e4f0 JavaThread "Sweeper thread" daemon [_thread_blocked, id=12332, stack(0x0000004693f00000,0x0000004694000000)]
  0x0000015ac0d4b710 JavaThread "Common-Cleaner" daemon [_thread_blocked, id=8904, stack(0x0000004694000000,0x0000004694100000)]
  0x0000015ad6756f70 JavaThread "Notification Thread" daemon [_thread_blocked, id=15512, stack(0x0000004694100000,0x0000004694200000)]
  0x0000015ad6e596e0 JavaThread "Active Thread: Equinox Container: 8a39c00a-f1e5-4d2d-accd-5794d24c1568" [_thread_blocked, id=9132, stack(0x0000004694600000,0x0000004694700000)]
  0x0000015ad6b43970 JavaThread "Framework Event Dispatcher: Equinox Container: 8a39c00a-f1e5-4d2d-accd-5794d24c1568" daemon [_thread_blocked, id=15340, stack(0x0000004694700000,0x0000004694800000)]
  0x0000015ad70673b0 JavaThread "Start Level: Equinox Container: 8a39c00a-f1e5-4d2d-accd-5794d24c1568" daemon [_thread_in_vm, id=6964, stack(0x0000004694800000,0x0000004694900000)]
  0x0000015ad69f7490 JavaThread "SCR Component Actor" daemon [_thread_blocked, id=10616, stack(0x0000004694900000,0x0000004694a00000)]
  0x0000015ad698f4e0 JavaThread "SCR Component Registry" daemon [_thread_blocked, id=17364, stack(0x0000004694a00000,0x0000004694b00000)]
  0x0000015ad6b1a8d0 JavaThread "Worker-JM" [_thread_blocked, id=14496, stack(0x0000004694b00000,0x0000004694c00000)]
  0x0000015ad69c7470 JavaThread "Worker-0" [_thread_blocked, id=8040, stack(0x0000004694c00000,0x0000004694d00000)]
  0x0000015ad6b86fc0 JavaThread "Worker-1" [_thread_blocked, id=16628, stack(0x0000004694d00000,0x0000004694e00000)]

Other Threads:
  0x0000015ad4a993c0 VMThread "VM Thread" [stack: 0x0000004693600000,0x0000004693700000] [id=15052]
  0x0000015ad6788bf0 WatcherThread [stack: 0x0000004694200000,0x0000004694300000] [id=16080]
  0x0000015ac0ca2e40 GCTaskThread "GC Thread#0" [stack: 0x0000004693500000,0x0000004693600000] [id=14872]
  0x0000015ad6d5f610 GCTaskThread "GC Thread#1" [stack: 0x0000004694300000,0x0000004694400000] [id=15660]
  0x0000015ad6d5f8c0 GCTaskThread "GC Thread#2" [stack: 0x0000004694400000,0x0000004694500000] [id=16804]
  0x0000015ad6d5fb70 GCTaskThread "GC Thread#3" [stack: 0x0000004694500000,0x0000004694600000] [id=5496]

Threads with active compile tasks:
C2 CompilerThread0    19211 2286       4       org.objectweb.asm.ClassReader::readMethod (1066 bytes)

VM state: not at safepoint (normal execution)

VM Mutex/Monitor currently owned by a thread: None

Heap address: 0x00000000c0000000, size: 1024 MB, Compressed Oops mode: 32-bit

CDS archive(s) not mapped
Compressed class space mapped at: 0x0000000100000000-0x0000000140000000, reserved size: 1073741824
Narrow klass base: 0x0000000000000000, Narrow klass shift: 3, Narrow klass range: 0x140000000

GC Precious Log:
 CPUs: 4 total, 4 available
 Memory: 3979M
 Large Page Support: Disabled
 NUMA Support: Disabled
 Compressed Oops: Enabled (32-bit)
 Alignments: Space 512K, Generation 512K, Heap 2M
 Heap Min Capacity: 100M
 Heap Initial Capacity: 100M
 Heap Max Capacity: 1G
 Pre-touch: Disabled
 Parallel Workers: 4

Heap:
 PSYoungGen      total 25600K, used 6273K [0x00000000eab00000, 0x00000000ec880000, 0x0000000100000000)
  eden space 25088K, 23% used [0x00000000eab00000,0x00000000eb0e04f8,0x00000000ec380000)
  from space 512K, 50% used [0x00000000ec400000,0x00000000ec440000,0x00000000ec480000)
  to   space 2048K, 0% used [0x00000000ec680000,0x00000000ec680000,0x00000000ec880000)
 ParOldGen       total 68608K, used 7226K [0x00000000c0000000, 0x00000000c4300000, 0x00000000eab00000)
  object space 68608K, 10% used [0x00000000c0000000,0x00000000c070ea58,0x00000000c4300000)
 Metaspace       used 25035K, committed 25472K, reserved 1073152K
  class space    used 2446K, committed 2624K, reserved 1048576K

Card table byte_map: [0x0000015ac0650000,0x0000015ac0860000] _byte_map_base: 0x0000015ac0050000

Marking Bits: (ParMarkBitMap*) 0x00007ff8f01b2cc0
 Begin Bits: [0x0000015ad2930000, 0x0000015ad3930000)
 End Bits:   [0x0000015ad3930000, 0x0000015ad4930000)

Polling page: 0x0000015abeb70000

Metaspace:

Usage:
  Non-class:     22.06 MB used.
      Class:      2.39 MB used.
       Both:     24.45 MB used.

Virtual space:
  Non-class space:       24.00 MB reserved,      22.31 MB ( 93%) committed,  3 nodes.
      Class space:        1.00 GB reserved,       2.56 MB ( <1%) committed,  1 nodes.
             Both:        1.02 GB reserved,      24.88 MB (  2%) committed. 

Chunk freelists:
   Non-Class:  1.09 MB
       Class:  1.44 MB
        Both:  2.53 MB

MaxMetaspaceSize: unlimited
CompressedClassSpaceSize: 1.00 GB
Initial GC threshold: 21.00 MB
Current GC threshold: 35.00 MB
CDS: off
MetaspaceReclaimPolicy: balanced
 - commit_granule_bytes: 65536.
 - commit_granule_words: 8192.
 - virtual_space_node_default_size: 1048576.
 - enlarge_chunks_in_place: 1.
 - new_chunks_are_fully_committed: 0.
 - uncommit_free_chunks: 1.
 - use_allocation_guard: 0.
 - handle_deallocations: 1.


Internal statistics:

num_allocs_failed_limit: 3.
num_arena_births: 170.
num_arena_deaths: 14.
num_vsnodes_births: 4.
num_vsnodes_deaths: 0.
num_space_committed: 398.
num_space_uncommitted: 0.
num_chunks_returned_to_freelist: 17.
num_chunks_taken_from_freelist: 782.
num_chunk_merges: 7.
num_chunk_splits: 543.
num_chunks_enlarged: 411.
num_purges: 2.
num_inconsistent_stats: 0.

CodeHeap 'non-profiled nmethods': size=120000Kb used=877Kb max_used=877Kb free=119123Kb
 bounds [0x0000015acb400000, 0x0000015acb670000, 0x0000015ad2930000]
CodeHeap 'profiled nmethods': size=120000Kb used=4552Kb max_used=4552Kb free=115448Kb
 bounds [0x0000015ac3ed0000, 0x0000015ac4350000, 0x0000015acb400000]
CodeHeap 'non-nmethods': size=5760Kb used=1221Kb max_used=1229Kb free=4539Kb
 bounds [0x0000015ac3930000, 0x0000015ac3ba0000, 0x0000015ac3ed0000]
 total_blobs=2810 nmethods=2281 adapters=443
 compilation: enabled
              stopped_count=0, restarted_count=0
 full_count=0

Compilation events (20 events):
Event: 18.947 Thread 0x0000015ad4afd9f0 2278       4       java.util.WeakHashMap::hash (28 bytes)
Event: 18.948 Thread 0x0000015ad4afd9f0 nmethod 2278 0x0000015acb4db090 code [0x0000015acb4db220, 0x0000015acb4db338]
Event: 19.057 Thread 0x0000015ad4afe3e0 2279       3       org.objectweb.asm.ClassReader::readLong (29 bytes)
Event: 19.057 Thread 0x0000015ad4afe3e0 nmethod 2279 0x0000015ac433bb10 code [0x0000015ac433bcc0, 0x0000015ac433be78]
Event: 19.060 Thread 0x0000015ad4afe3e0 2280       3       java.util.regex.Pattern$BranchConn::match (11 bytes)
Event: 19.060 Thread 0x0000015ad4afe3e0 nmethod 2280 0x0000015ac433bf90 code [0x0000015ac433c140, 0x0000015ac433c308]
Event: 19.060 Thread 0x0000015ad4afe3e0 2281       3       org.objectweb.asm.ClassReader::createLabel (21 bytes)
Event: 19.061 Thread 0x0000015ad4afe3e0 nmethod 2281 0x0000015ac433c410 code [0x0000015ac433c5e0, 0x0000015ac433ca18]
Event: 19.061 Thread 0x0000015ad4afe3e0 2282       3       org.objectweb.asm.MethodVisitor::visitLineNumber (17 bytes)
Event: 19.062 Thread 0x0000015ad4afe3e0 nmethod 2282 0x0000015ac433cc10 code [0x0000015ac433cdc0, 0x0000015ac433cfc8]
Event: 19.062 Thread 0x0000015ad4afe3e0 2283       3       org.objectweb.asm.Symbol::getArgumentsAndReturnSizes (23 bytes)
Event: 19.062 Thread 0x0000015ad4afe3e0 nmethod 2283 0x0000015ac433d090 code [0x0000015ac433d240, 0x0000015ac433d3c8]
Event: 19.062 Thread 0x0000015ad4afe3e0 2284       3       org.objectweb.asm.MethodWriter::visitMethodInsn (191 bytes)
Event: 19.063 Thread 0x0000015ad4afe3e0 nmethod 2284 0x0000015ac433d490 code [0x0000015ac433d6c0, 0x0000015ac433dec8]
Event: 19.064 Thread 0x0000015ad4afe3e0 2285       3       org.objectweb.asm.SymbolTable::addConstantMethodref (24 bytes)
Event: 19.064 Thread 0x0000015ad4afe3e0 nmethod 2285 0x0000015ac433e210 code [0x0000015ac433e3c0, 0x0000015ac433e568]
Event: 19.065 Thread 0x0000015ad4afd9f0 2286       4       org.objectweb.asm.ClassReader::readMethod (1066 bytes)
Event: 19.070 Thread 0x0000015ad4afe3e0 2288       3       org.objectweb.asm.SymbolTable::put (150 bytes)
Event: 19.071 Thread 0x0000015ad4afe3e0 nmethod 2288 0x0000015ac433e610 code [0x0000015ac433e7e0, 0x0000015ac433eef8]
Event: 19.114 Thread 0x0000015ad4afe3e0 2289 %     3       org.objectweb.asm.ClassReader::<init> @ 110 (371 bytes)

GC Heap History (12 events):
Event: 2.721 GC heap before
{Heap before GC invocations=1 (full 0):
 PSYoungGen      total 29696K, used 25600K [0x00000000eab00000, 0x00000000ecc00000, 0x0000000100000000)
  eden space 25600K, 100% used [0x00000000eab00000,0x00000000ec400000,0x00000000ec400000)
  from space 4096K, 0% used [0x00000000ec800000,0x00000000ec800000,0x00000000ecc00000)
  to   space 4096K, 0% used [0x00000000ec400000,0x00000000ec400000,0x00000000ec800000)
 ParOldGen       total 68608K, used 0K [0x00000000c0000000, 0x00000000c4300000, 0x00000000eab00000)
  object space 68608K, 0% used [0x00000000c0000000,0x00000000c0000000,0x00000000c4300000)
 Metaspace       used 10834K, committed 11008K, reserved 1064960K
  class space    used 1087K, committed 1152K, reserved 1048576K
}
Event: 3.073 GC heap after
{Heap after GC invocations=1 (full 0):
 PSYoungGen      total 29696K, used 3272K [0x00000000eab00000, 0x00000000ecc00000, 0x0000000100000000)
  eden space 25600K, 0% used [0x00000000eab00000,0x00000000eab00000,0x00000000ec400000)
  from space 4096K, 79% used [0x00000000ec400000,0x00000000ec732208,0x00000000ec800000)
  to   space 4096K, 0% used [0x00000000ec800000,0x00000000ec800000,0x00000000ecc00000)
 ParOldGen       total 68608K, used 0K [0x00000000c0000000, 0x00000000c4300000, 0x00000000eab00000)
  object space 68608K, 0% used [0x00000000c0000000,0x00000000c0000000,0x00000000c4300000)
 Metaspace       used 10834K, committed 11008K, reserved 1064960K
  class space    used 1087K, committed 1152K, reserved 1048576K
}
Event: 14.615 GC heap before
{Heap before GC invocations=2 (full 0):
 PSYoungGen      total 29696K, used 28872K [0x00000000eab00000, 0x00000000ecc00000, 0x0000000100000000)
  eden space 25600K, 100% used [0x00000000eab00000,0x00000000ec400000,0x00000000ec400000)
  from space 4096K, 79% used [0x00000000ec400000,0x00000000ec732208,0x00000000ec800000)
  to   space 4096K, 0% used [0x00000000ec800000,0x00000000ec800000,0x00000000ecc00000)
 ParOldGen       total 68608K, used 0K [0x00000000c0000000, 0x00000000c4300000, 0x00000000eab00000)
  object space 68608K, 0% used [0x00000000c0000000,0x00000000c0000000,0x00000000c4300000)
 Metaspace       used 15187K, committed 15424K, reserved 1064960K
  class space    used 1553K, committed 1664K, reserved 1048576K
}
Event: 14.626 GC heap after
{Heap after GC invocations=2 (full 0):
 PSYoungGen      total 29696K, used 4078K [0x00000000eab00000, 0x00000000ecc00000, 0x0000000100000000)
  eden space 25600K, 0% used [0x00000000eab00000,0x00000000eab00000,0x00000000ec400000)
  from space 4096K, 99% used [0x00000000ec800000,0x00000000ecbfba78,0x00000000ecc00000)
  to   space 4096K, 0% used [0x00000000ec400000,0x00000000ec400000,0x00000000ec800000)
 ParOldGen       total 68608K, used 720K [0x00000000c0000000, 0x00000000c4300000, 0x00000000eab00000)
  object space 68608K, 1% used [0x00000000c0000000,0x00000000c00b4010,0x00000000c4300000)
 Metaspace       used 15187K, committed 15424K, reserved 1064960K
  class space    used 1553K, committed 1664K, reserved 1048576K
}
Event: 17.580 GC heap before
{Heap before GC invocations=3 (full 0):
 PSYoungGen      total 29696K, used 29678K [0x00000000eab00000, 0x00000000ecc00000, 0x0000000100000000)
  eden space 25600K, 100% used [0x00000000eab00000,0x00000000ec400000,0x00000000ec400000)
  from space 4096K, 99% used [0x00000000ec800000,0x00000000ecbfba78,0x00000000ecc00000)
  to   space 4096K, 0% used [0x00000000ec400000,0x00000000ec400000,0x00000000ec800000)
 ParOldGen       total 68608K, used 720K [0x00000000c0000000, 0x00000000c4300000, 0x00000000eab00000)
  object space 68608K, 1% used [0x00000000c0000000,0x00000000c00b4010,0x00000000c4300000)
 Metaspace       used 20241K, committed 20608K, reserved 1073152K
  class space    used 2061K, committed 2240K, reserved 1048576K
}
Event: 17.588 GC heap after
{Heap after GC invocations=3 (full 0):
 PSYoungGen      total 29696K, used 4065K [0x00000000eab00000, 0x00000000ecc00000, 0x0000000100000000)
  eden space 25600K, 0% used [0x00000000eab00000,0x00000000eab00000,0x00000000ec400000)
  from space 4096K, 99% used [0x00000000ec400000,0x00000000ec7f8440,0x00000000ec800000)
  to   space 4096K, 0% used [0x00000000ec800000,0x00000000ec800000,0x00000000ecc00000)
 ParOldGen       total 68608K, used 2710K [0x00000000c0000000, 0x00000000c4300000, 0x00000000eab00000)
  object space 68608K, 3% used [0x00000000c0000000,0x00000000c02a5b18,0x00000000c4300000)
 Metaspace       used 20241K, committed 20608K, reserved 1073152K
  class space    used 2061K, committed 2240K, reserved 1048576K
}
Event: 17.974 GC heap before
{Heap before GC invocations=4 (full 0):
 PSYoungGen      total 29696K, used 9563K [0x00000000eab00000, 0x00000000ecc00000, 0x0000000100000000)
  eden space 25600K, 21% used [0x00000000eab00000,0x00000000eb05e830,0x00000000ec400000)
  from space 4096K, 99% used [0x00000000ec400000,0x00000000ec7f8440,0x00000000ec800000)
  to   space 4096K, 0% used [0x00000000ec800000,0x00000000ec800000,0x00000000ecc00000)
 ParOldGen       total 68608K, used 2710K [0x00000000c0000000, 0x00000000c4300000, 0x00000000eab00000)
  object space 68608K, 3% used [0x00000000c0000000,0x00000000c02a5b18,0x00000000c4300000)
 Metaspace       used 21060K, committed 21504K, reserved 1073152K
  class space    used 2150K, committed 2368K, reserved 1048576K
}
Event: 17.981 GC heap after
{Heap after GC invocations=4 (full 0):
 PSYoungGen      total 29696K, used 4083K [0x00000000eab00000, 0x00000000ecc00000, 0x0000000100000000)
  eden space 25600K, 0% used [0x00000000eab00000,0x00000000eab00000,0x00000000ec400000)
  from space 4096K, 99% used [0x00000000ec800000,0x00000000ecbfcf38,0x00000000ecc00000)
  to   space 4096K, 0% used [0x00000000ec400000,0x00000000ec400000,0x00000000ec800000)
 ParOldGen       total 68608K, used 3258K [0x00000000c0000000, 0x00000000c4300000, 0x00000000eab00000)
  object space 68608K, 4% used [0x00000000c0000000,0x00000000c032eb48,0x00000000c4300000)
 Metaspace       used 21060K, committed 21504K, reserved 1073152K
  class space    used 2150K, committed 2368K, reserved 1048576K
}
Event: 17.981 GC heap before
{Heap before GC invocations=5 (full 1):
 PSYoungGen      total 29696K, used 4083K [0x00000000eab00000, 0x00000000ecc00000, 0x0000000100000000)
  eden space 25600K, 0% used [0x00000000eab00000,0x00000000eab00000,0x00000000ec400000)
  from space 4096K, 99% used [0x00000000ec800000,0x00000000ecbfcf38,0x00000000ecc00000)
  to   space 4096K, 0% used [0x00000000ec400000,0x00000000ec400000,0x00000000ec800000)
 ParOldGen       total 68608K, used 3258K [0x00000000c0000000, 0x00000000c4300000, 0x00000000eab00000)
  object space 68608K, 4% used [0x00000000c0000000,0x00000000c032eb48,0x00000000c4300000)
 Metaspace       used 21060K, committed 21504K, reserved 1073152K
  class space    used 2150K, committed 2368K, reserved 1048576K
}
Event: 18.029 GC heap after
{Heap after GC invocations=5 (full 1):
 PSYoungGen      total 29696K, used 0K [0x00000000eab00000, 0x00000000ecc00000, 0x0000000100000000)
  eden space 25600K, 0% used [0x00000000eab00000,0x00000000eab00000,0x00000000ec400000)
  from space 4096K, 0% used [0x00000000ec800000,0x00000000ec800000,0x00000000ecc00000)
  to   space 4096K, 0% used [0x00000000ec400000,0x00000000ec400000,0x00000000ec800000)
 ParOldGen       total 68608K, used 7218K [0x00000000c0000000, 0x00000000c4300000, 0x00000000eab00000)
  object space 68608K, 10% used [0x00000000c0000000,0x00000000c070ca58,0x00000000c4300000)
 Metaspace       used 21047K, committed 21504K, reserved 1073152K
  class space    used 2147K, committed 2368K, reserved 1048576K
}
Event: 18.945 GC heap before
{Heap before GC invocations=6 (full 1):
 PSYoungGen      total 29696K, used 25600K [0x00000000eab00000, 0x00000000ecc00000, 0x0000000100000000)
  eden space 25600K, 100% used [0x00000000eab00000,0x00000000ec400000,0x00000000ec400000)
  from space 4096K, 0% used [0x00000000ec800000,0x00000000ec800000,0x00000000ecc00000)
  to   space 4096K, 0% used [0x00000000ec400000,0x00000000ec400000,0x00000000ec800000)
 ParOldGen       total 68608K, used 7218K [0x00000000c0000000, 0x00000000c4300000, 0x00000000eab00000)
  object space 68608K, 10% used [0x00000000c0000000,0x00000000c070ca58,0x00000000c4300000)
 Metaspace       used 24638K, committed 25088K, reserved 1073152K
  class space    used 2393K, committed 2624K, reserved 1048576K
}
Event: 18.946 GC heap after
{Heap after GC invocations=6 (full 1):
 PSYoungGen      total 25600K, used 256K [0x00000000eab00000, 0x00000000ec880000, 0x0000000100000000)
  eden space 25088K, 0% used [0x00000000eab00000,0x00000000eab00000,0x00000000ec380000)
  from space 512K, 50% used [0x00000000ec400000,0x00000000ec440000,0x00000000ec480000)
  to   space 2048K, 0% used [0x00000000ec680000,0x00000000ec680000,0x00000000ec880000)
 ParOldGen       total 68608K, used 7226K [0x00000000c0000000, 0x00000000c4300000, 0x00000000eab00000)
  object space 68608K, 10% used [0x00000000c0000000,0x00000000c070ea58,0x00000000c4300000)
 Metaspace       used 24638K, committed 25088K, reserved 1073152K
  class space    used 2393K, committed 2624K, reserved 1048576K
}

Deoptimization events (20 events):
Event: 17.251 Thread 0x0000015ad70673b0 Uncommon trap: trap_request=0xffffffc6 fr.pc=0x0000015acb4a6958 relative=0x0000000000001bb8
Event: 17.251 Thread 0x0000015ad70673b0 Uncommon trap: reason=bimorphic_or_optimized_type_check action=maybe_recompile pc=0x0000015acb4a6958 method=java.io.DataInputStream.readUnsignedShort()I @ 4 c2
Event: 17.251 Thread 0x0000015ad70673b0 DEOPT PACKING pc=0x0000015acb4a6958 sp=0x00000046948f9940
Event: 17.251 Thread 0x0000015ad70673b0 DEOPT UNPACKING pc=0x0000015ac39820a3 sp=0x00000046948f98b8 mode 2
Event: 17.255 Thread 0x0000015ad70673b0 Uncommon trap: trap_request=0xffffffc6 fr.pc=0x0000015acb4a6958 relative=0x0000000000001bb8
Event: 17.255 Thread 0x0000015ad70673b0 Uncommon trap: reason=bimorphic_or_optimized_type_check action=maybe_recompile pc=0x0000015acb4a6958 method=java.io.DataInputStream.readUnsignedShort()I @ 4 c2
Event: 17.255 Thread 0x0000015ad70673b0 DEOPT PACKING pc=0x0000015acb4a6958 sp=0x00000046948f9600
Event: 17.256 Thread 0x0000015ad70673b0 DEOPT UNPACKING pc=0x0000015ac39820a3 sp=0x00000046948f9578 mode 2
Event: 17.256 Thread 0x0000015ad70673b0 Uncommon trap: trap_request=0xffffffc6 fr.pc=0x0000015acb4a6958 relative=0x0000000000001bb8
Event: 17.256 Thread 0x0000015ad70673b0 Uncommon trap: reason=bimorphic_or_optimized_type_check action=maybe_recompile pc=0x0000015acb4a6958 method=java.io.DataInputStream.readUnsignedShort()I @ 4 c2
Event: 17.256 Thread 0x0000015ad70673b0 DEOPT PACKING pc=0x0000015acb4a6958 sp=0x00000046948f9540
Event: 17.256 Thread 0x0000015ad70673b0 DEOPT UNPACKING pc=0x0000015ac39820a3 sp=0x00000046948f94b8 mode 2
Event: 17.256 Thread 0x0000015ad70673b0 Uncommon trap: trap_request=0xffffffc6 fr.pc=0x0000015acb4a6958 relative=0x0000000000001bb8
Event: 17.256 Thread 0x0000015ad70673b0 Uncommon trap: reason=bimorphic_or_optimized_type_check action=maybe_recompile pc=0x0000015acb4a6958 method=java.io.DataInputStream.readUnsignedShort()I @ 4 c2
Event: 17.256 Thread 0x0000015ad70673b0 DEOPT PACKING pc=0x0000015acb4a6958 sp=0x00000046948f9490
Event: 17.256 Thread 0x0000015ad70673b0 DEOPT UNPACKING pc=0x0000015ac39820a3 sp=0x00000046948f9408 mode 2
Event: 17.476 Thread 0x0000015ad70673b0 Uncommon trap: trap_request=0xffffff45 fr.pc=0x0000015acb482dc0 relative=0x0000000000000040
Event: 17.477 Thread 0x0000015ad70673b0 Uncommon trap: reason=unstable_if action=reinterpret pc=0x0000015acb482dc0 method=sun.nio.fs.WindowsPathParser.isSlash(C)Z @ 9 c2
Event: 17.477 Thread 0x0000015ad70673b0 DEOPT PACKING pc=0x0000015acb482dc0 sp=0x00000046948f9320
Event: 17.477 Thread 0x0000015ad70673b0 DEOPT UNPACKING pc=0x0000015ac39820a3 sp=0x00000046948f92a8 mode 2

Classes unloaded (7 events):
Event: 17.992 Thread 0x0000015ad4a993c0 Unloading class 0x0000000100210800 'java/lang/invoke/LambdaForm$MH+0x0000000100210800'
Event: 17.992 Thread 0x0000015ad4a993c0 Unloading class 0x0000000100210400 'java/lang/invoke/LambdaForm$MH+0x0000000100210400'
Event: 17.992 Thread 0x0000015ad4a993c0 Unloading class 0x0000000100210000 'java/lang/invoke/LambdaForm$MH+0x0000000100210000'
Event: 17.992 Thread 0x0000015ad4a993c0 Unloading class 0x000000010020fc00 'java/lang/invoke/LambdaForm$MH+0x000000010020fc00'
Event: 17.992 Thread 0x0000015ad4a993c0 Unloading class 0x000000010020f400 'java/lang/invoke/LambdaForm$BMH+0x000000010020f400'
Event: 17.992 Thread 0x0000015ad4a993c0 Unloading class 0x000000010020f000 'java/lang/invoke/LambdaForm$DMH+0x000000010020f000'
Event: 17.992 Thread 0x0000015ad4a993c0 Unloading class 0x000000010020c400 'java/lang/invoke/LambdaForm$DMH+0x000000010020c400'

Classes redefined (0 events):
No events

Internal exceptions (20 events):
Event: 4.003 Thread 0x0000015ac0c8d480 Exception <a 'java/lang/NoSuchMethodError'{0x00000000eb650340}: 'java.lang.Object java.lang.invoke.DirectMethodHandle$Holder.newInvokeSpecial(java.lang.Object, int, java.lang.Object)'> (0x00000000eb650340) 
thrown [s\src\hotspot\share\interpreter\linkResolver.cpp, line 759]
Event: 13.911 Thread 0x0000015ac0c8d480 Exception <a 'java/lang/UnsatisfiedLinkError'{0x00000000ebb7eea8}: 'void org.eclipse.equinox.launcher.JNIBridge._update_splash()'> (0x00000000ebb7eea8) 
thrown [s\src\hotspot\share\prims\nativeLookup.cpp, line 543]
Event: 14.086 Thread 0x0000015ad70673b0 Exception <a 'java/lang/NoSuchMethodError'{0x00000000ebdf2740}: 'java.lang.Object java.lang.invoke.DirectMethodHandle$Holder.invokeStaticInit(java.lang.Object)'> (0x00000000ebdf2740) 
thrown [s\src\hotspot\share\interpreter\linkResolver.cpp, line 759]
Event: 15.416 Thread 0x0000015ad70673b0 Exception <a 'java/io/FileNotFoundException'{0x00000000eb0f2b20}> (0x00000000eb0f2b20) 
thrown [s\src\hotspot\share\prims\jni.cpp, line 516]
Event: 15.505 Thread 0x0000015ad70673b0 Exception <a 'java/lang/NullPointerException'{0x00000000eb144108}> (0x00000000eb144108) 
thrown [s\src\hotspot\share\interpreter\linkResolver.cpp, line 1350]
Event: 15.506 Thread 0x0000015ad70673b0 Exception <a 'java/lang/NullPointerException'{0x00000000eb144930}> (0x00000000eb144930) 
thrown [s\src\hotspot\share\interpreter\linkResolver.cpp, line 1350]
Event: 16.515 Thread 0x0000015ad70673b0 Exception <a 'java/lang/NoSuchMethodError'{0x00000000eb8afe88}: 'void java.lang.invoke.DirectMethodHandle$Holder.invokeInterface(java.lang.Object, java.lang.Object, java.lang.Object)'> (0x00000000eb8afe88) 
thrown [s\src\hotspot\share\interpreter\linkResolver.cpp, line 759]
Event: 16.830 Thread 0x0000015ad70673b0 Exception <a 'java/lang/NoSuchMethodError'{0x00000000ebbd2540}: 'java.lang.Object java.lang.invoke.Invokers$Holder.invokeExact_MT(java.lang.Object, java.lang.Object, java.lang.Object, java.lang.Object, java.lang.Object, java.lang.Object)'> (0x00000000ebbd2540) 
thrown [s\src\hotspot\share\interpreter\linkResolver.cpp, line 759]
Event: 16.881 Thread 0x0000015ad70673b0 Exception <a 'java/lang/NoSuchMethodError'{0x00000000ebcbc9a0}: 'java.lang.Object java.lang.invoke.DirectMethodHandle$Holder.invokeStatic(java.lang.Object, java.lang.Object, int)'> (0x00000000ebcbc9a0) 
thrown [s\src\hotspot\share\interpreter\linkResolver.cpp, line 759]
Event: 16.882 Thread 0x0000015ad70673b0 Exception <a 'java/lang/NoSuchMethodError'{0x00000000ebcc1550}: 'void java.lang.invoke.DirectMethodHandle$Holder.invokeStatic(java.lang.Object, java.lang.Object, int, java.lang.Object)'> (0x00000000ebcc1550) 
thrown [s\src\hotspot\share\interpreter\linkResolver.cpp, line 759]
Event: 16.898 Thread 0x0000015ad70673b0 Exception <a 'java/lang/NoSuchMethodError'{0x00000000ebcc8c80}: 'void java.lang.invoke.DelegatingMethodHandle$Holder.delegate(java.lang.Object, java.lang.Object, int, java.lang.Object)'> (0x00000000ebcc8c80) 
thrown [s\src\hotspot\share\interpreter\linkResolver.cpp, line 759]
Event: 16.904 Thread 0x0000015ad70673b0 Exception <a 'java/lang/NoSuchMethodError'{0x00000000ebccd068}: 'int java.lang.invoke.DirectMethodHandle$Holder.invokeSpecial(java.lang.Object, java.lang.Object, java.lang.Object)'> (0x00000000ebccd068) 
thrown [s\src\hotspot\share\interpreter\linkResolver.cpp, line 759]
Event: 16.910 Thread 0x0000015ad70673b0 Exception <a 'java/lang/NoSuchMethodError'{0x00000000ebcde8b8}: 'int java.lang.invoke.DirectMethodHandle$Holder.invokeStatic(java.lang.Object, java.lang.Object, int)'> (0x00000000ebcde8b8) 
thrown [s\src\hotspot\share\interpreter\linkResolver.cpp, line 759]
Event: 16.910 Thread 0x0000015ad70673b0 Exception <a 'java/lang/NoSuchMethodError'{0x00000000ebce28e0}: 'int java.lang.invoke.DirectMethodHandle$Holder.invokeSpecial(java.lang.Object, java.lang.Object, java.lang.Object, int)'> (0x00000000ebce28e0) 
thrown [s\src\hotspot\share\interpreter\linkResolver.cpp, line 759]
Event: 16.924 Thread 0x0000015ad70673b0 Exception <a 'java/lang/NoSuchMethodError'{0x00000000ebcfe380}: 'java.lang.Object java.lang.invoke.DirectMethodHandle$Holder.invokeStatic(java.lang.Object, java.lang.Object, java.lang.Object, java.lang.Object, int)'> (0x00000000ebcfe380) 
thrown [s\src\hotspot\share\interpreter\linkResolver.cpp, line 759]
Event: 16.951 Thread 0x0000015ad70673b0 Exception <a 'java/lang/NoSuchMethodError'{0x00000000ebd0a720}: 'java.lang.Object java.lang.invoke.DelegatingMethodHandle$Holder.reinvoke_L(java.lang.Object, java.lang.Object, java.lang.Object, java.lang.Object, int, int)'> (0x00000000ebd0a720) 
thrown [s\src\hotspot\share\interpreter\linkResolver.cpp, line 759]
Event: 16.959 Thread 0x0000015ad70673b0 Exception <a 'java/lang/NoSuchMethodError'{0x00000000ebd22268}: 'java.lang.Object java.lang.invoke.Invokers$Holder.invokeExact_MT(java.lang.Object, java.lang.Object, java.lang.Object, java.lang.Object)'> (0x00000000ebd22268) 
thrown [s\src\hotspot\share\interpreter\linkResolver.cpp, line 759]
Event: 17.799 Thread 0x0000015ad70673b0 Exception <a 'java/lang/NoSuchMethodError'{0x00000000eac95560}: 'int java.lang.invoke.DirectMethodHandle$Holder.invokeStaticInit(java.lang.Object, java.lang.Object, java.lang.Object)'> (0x00000000eac95560) 
thrown [s\src\hotspot\share\interpreter\linkResolver.cpp, line 759]
Event: 17.814 Thread 0x0000015ad70673b0 Exception <a 'java/lang/IncompatibleClassChangeError'{0x00000000ead0cc70}: Found class java.lang.Object, but interface was expected> (0x00000000ead0cc70) 
thrown [s\src\hotspot\share\interpreter\linkResolver.cpp, line 826]
Event: 17.892 Thread 0x0000015ad69c7470 Exception <a 'java/io/FileNotFoundException'{0x00000000eae3c0c8}> (0x00000000eae3c0c8) 
thrown [s\src\hotspot\share\prims\jni.cpp, line 516]

VM Operations (20 events):
Event: 15.637 Executing VM operation: Cleanup
Event: 15.689 Executing VM operation: Cleanup done
Event: 16.234 Executing VM operation: HandshakeAllThreads
Event: 16.234 Executing VM operation: HandshakeAllThreads done
Event: 16.416 Executing VM operation: HandshakeAllThreads
Event: 16.416 Executing VM operation: HandshakeAllThreads done
Event: 16.421 Executing VM operation: HandshakeAllThreads
Event: 16.421 Executing VM operation: HandshakeAllThreads done
Event: 16.881 Executing VM operation: HandshakeAllThreads
Event: 16.881 Executing VM operation: HandshakeAllThreads done
Event: 16.881 Executing VM operation: Cleanup
Event: 16.881 Executing VM operation: Cleanup done
Event: 17.580 Executing VM operation: ParallelGCFailedAllocation
Event: 17.590 Executing VM operation: ParallelGCFailedAllocation done
Event: 17.852 Executing VM operation: HandshakeAllThreads
Event: 17.857 Executing VM operation: HandshakeAllThreads done
Event: 17.974 Executing VM operation: CollectForMetadataAllocation
Event: 18.029 Executing VM operation: CollectForMetadataAllocation done
Event: 18.944 Executing VM operation: ParallelGCFailedAllocation
Event: 18.946 Executing VM operation: ParallelGCFailedAllocation done

Events (20 events):
Event: 18.038 loading class java/util/zip/DeflaterOutputStream done
Event: 18.038 loading class java/util/zip/GZIPOutputStream done
Event: 18.041 loading class java/util/zip/GZIPInputStream
Event: 18.041 loading class java/util/zip/GZIPInputStream done
Event: 18.063 loading class java/io/StringReader
Event: 18.063 loading class java/io/StringReader done
Event: 18.103 loading class java/net/SocketTimeoutException
Event: 18.103 loading class java/io/InterruptedIOException
Event: 18.104 loading class java/io/InterruptedIOException done
Event: 18.104 loading class java/net/SocketTimeoutException done
Event: 18.104 loading class java/net/SocketException
Event: 18.104 loading class java/net/SocketException done
Event: 18.104 loading class java/net/UnknownHostException
Event: 18.104 loading class java/net/UnknownHostException done
Event: 18.104 loading class java/net/ProtocolException
Event: 18.105 loading class java/net/ProtocolException done
Event: 18.382 loading class java/io/FileWriter
Event: 18.382 loading class java/io/FileWriter done
Event: 18.398 loading class java/lang/NegativeArraySizeException
Event: 18.399 loading class java/lang/NegativeArraySizeException done


Dynamic libraries:
0x00007ff693a50000 - 0x00007ff693a5e000 	c:\Users\wuzhe\.vscode\extensions\redhat.java-1.11.0-win32-x64\jre\17.0.4.1-win32-x86_64\bin\java.exe
0x00007ff94baf0000 - 0x00007ff94bce8000 	C:\Windows\SYSTEM32\ntdll.dll
0x00007ff94b800000 - 0x00007ff94b8bd000 	C:\Windows\System32\KERNEL32.DLL
0x00007ff949390000 - 0x00007ff94965e000 	C:\Windows\System32\KERNELBASE.dll
0x00007ff9499a0000 - 0x00007ff949aa0000 	C:\Windows\System32\ucrtbase.dll
0x00007ff941e00000 - 0x00007ff941e18000 	c:\Users\wuzhe\.vscode\extensions\redhat.java-1.11.0-win32-x64\jre\17.0.4.1-win32-x86_64\bin\jli.dll
0x00007ff94afa0000 - 0x00007ff94b140000 	C:\Windows\System32\USER32.dll
0x00007ff949660000 - 0x00007ff949682000 	C:\Windows\System32\win32u.dll
0x00007ff94b950000 - 0x00007ff94b97a000 	C:\Windows\System32\GDI32.dll
0x00007ff949700000 - 0x00007ff94980b000 	C:\Windows\System32\gdi32full.dll
0x00007ff949210000 - 0x00007ff9492ad000 	C:\Windows\System32\msvcp_win.dll
0x00007ff931a20000 - 0x00007ff931a39000 	c:\Users\wuzhe\.vscode\extensions\redhat.java-1.11.0-win32-x64\jre\17.0.4.1-win32-x86_64\bin\VCRUNTIME140.dll
0x00007ff92f680000 - 0x00007ff92f91a000 	C:\Windows\WinSxS\amd64_microsoft.windows.common-controls_6595b64144ccf1df_6.0.19041.1110_none_60b5254171f9507e\COMCTL32.dll
0x00007ff949d90000 - 0x00007ff949e2e000 	C:\Windows\System32\msvcrt.dll
0x00007ff94b8c0000 - 0x00007ff94b8f0000 	C:\Windows\System32\IMM32.DLL
0x00007ff945000000 - 0x00007ff94500c000 	c:\Users\wuzhe\.vscode\extensions\redhat.java-1.11.0-win32-x64\jre\17.0.4.1-win32-x86_64\bin\vcruntime140_1.dll
0x00007ff911a70000 - 0x00007ff911b01000 	c:\Users\wuzhe\.vscode\extensions\redhat.java-1.11.0-win32-x64\jre\17.0.4.1-win32-x86_64\bin\msvcp140.dll
0x00007ff8ef630000 - 0x00007ff8f0276000 	c:\Users\wuzhe\.vscode\extensions\redhat.java-1.11.0-win32-x64\jre\17.0.4.1-win32-x86_64\bin\server\jvm.dll
0x00007ff949ce0000 - 0x00007ff949d8e000 	C:\Windows\System32\ADVAPI32.dll
0x00007ff94af00000 - 0x00007ff94af9c000 	C:\Windows\System32\sechost.dll
0x00007ff94b980000 - 0x00007ff94baa5000 	C:\Windows\System32\RPCRT4.dll
0x00007ff94b390000 - 0x00007ff94b398000 	C:\Windows\System32\PSAPI.DLL
0x00007ff941dc0000 - 0x00007ff941dc9000 	C:\Windows\SYSTEM32\WSOCK32.dll
0x00007ff94adc0000 - 0x00007ff94ae2b000 	C:\Windows\System32\WS2_32.dll
0x00007ff929030000 - 0x00007ff929057000 	C:\Windows\SYSTEM32\WINMM.dll
0x00007ff9399d0000 - 0x00007ff9399da000 	C:\Windows\SYSTEM32\VERSION.dll
0x00007ff947100000 - 0x00007ff947112000 	C:\Windows\SYSTEM32\kernel.appcore.dll
0x00007ff941830000 - 0x00007ff94183a000 	c:\Users\wuzhe\.vscode\extensions\redhat.java-1.11.0-win32-x64\jre\17.0.4.1-win32-x86_64\bin\jimage.dll
0x00007ff933be0000 - 0x00007ff933dc4000 	C:\Windows\SYSTEM32\DBGHELP.DLL
0x00007ff930750000 - 0x00007ff93077c000 	C:\Windows\SYSTEM32\dbgcore.DLL
0x00007ff949300000 - 0x00007ff949382000 	C:\Windows\System32\bcryptPrimitives.dll
0x00007ff941520000 - 0x00007ff94152e000 	c:\Users\wuzhe\.vscode\extensions\redhat.java-1.11.0-win32-x64\jre\17.0.4.1-win32-x86_64\bin\instrument.dll
0x00007ff9289c0000 - 0x00007ff9289e5000 	c:\Users\wuzhe\.vscode\extensions\redhat.java-1.11.0-win32-x64\jre\17.0.4.1-win32-x86_64\bin\java.dll
0x00007ff931a00000 - 0x00007ff931a18000 	c:\Users\wuzhe\.vscode\extensions\redhat.java-1.11.0-win32-x64\jre\17.0.4.1-win32-x86_64\bin\zip.dll
0x00007ff949f10000 - 0x00007ff94a653000 	C:\Windows\System32\SHELL32.dll
0x00007ff947300000 - 0x00007ff947a95000 	C:\Windows\SYSTEM32\windows.storage.dll
0x00007ff94b3a0000 - 0x00007ff94b6f4000 	C:\Windows\System32\combase.dll
0x00007ff948c70000 - 0x00007ff948ca0000 	C:\Windows\SYSTEM32\Wldp.dll
0x00007ff94b1a0000 - 0x00007ff94b24d000 	C:\Windows\System32\SHCORE.dll
0x00007ff94b8f0000 - 0x00007ff94b945000 	C:\Windows\System32\shlwapi.dll
0x00007ff949150000 - 0x00007ff94916f000 	C:\Windows\SYSTEM32\profapi.dll
0x00007ff9287e0000 - 0x00007ff9287f9000 	C:\Users\wuzhe\.vscode\extensions\redhat.java-1.11.0-win32-x64\jre\17.0.4.1-win32-x86_64\bin\net.dll
0x00007ff935fd0000 - 0x00007ff9360da000 	C:\Windows\SYSTEM32\WINHTTP.dll
0x00007ff9489d0000 - 0x00007ff948a3a000 	C:\Windows\system32\mswsock.dll
0x00007ff9287c0000 - 0x00007ff9287d5000 	C:\Users\wuzhe\.vscode\extensions\redhat.java-1.11.0-win32-x64\jre\17.0.4.1-win32-x86_64\bin\nio.dll
0x00007ff940710000 - 0x00007ff940720000 	c:\Users\wuzhe\.vscode\extensions\redhat.java-1.11.0-win32-x64\jre\17.0.4.1-win32-x86_64\bin\verify.dll
0x00007ff924df0000 - 0x00007ff924e2e000 	C:\Users\wuzhe\AppData\Roaming\Code\User\globalStorage\redhat.java\1.11.0\config_ss_win\org.eclipse.equinox.launcher\org.eclipse.equinox.launcher.win32.win32.x86_64_1.2.600.v20220720-1916\eclipse_11700.dll
0x00007ff94b250000 - 0x00007ff94b37a000 	C:\Windows\System32\ole32.dll

dbghelp: loaded successfully - version: 4.0.5 - missing functions: none
symbol engine: initialized successfully - sym options: 0x614 - pdb path: .;c:\Users\wuzhe\.vscode\extensions\redhat.java-1.11.0-win32-x64\jre\17.0.4.1-win32-x86_64\bin;C:\Windows\SYSTEM32;C:\Windows\WinSxS\amd64_microsoft.windows.common-controls_6595b64144ccf1df_6.0.19041.1110_none_60b5254171f9507e;c:\Users\wuzhe\.vscode\extensions\redhat.java-1.11.0-win32-x64\jre\17.0.4.1-win32-x86_64\bin\server;C:\Users\wuzhe\AppData\Roaming\Code\User\globalStorage\redhat.java\1.11.0\config_ss_win\org.eclipse.equinox.launcher\org.eclipse.equinox.launcher.win32.win32.x86_64_1.2.600.v20220720-1916

VM Arguments:
jvm_args: --add-modules=ALL-SYSTEM --add-opens=java.base/java.util=ALL-UNNAMED --add-opens=java.base/java.lang=ALL-UNNAMED --add-opens=java.base/sun.nio.fs=ALL-UNNAMED -Declipse.application=org.eclipse.jdt.ls.core.id1 -Dosgi.bundles.defaultStartLevel=4 -Declipse.product=org.eclipse.jdt.ls.core.product -Djava.import.generatesMetadataFilesAtProjectRoot=false -Dfile.encoding=utf8 -DwatchParentProcess=false -XX:+UseParallelGC -XX:GCTimeRatio=4 -XX:AdaptiveSizePolicyWeight=90 -Dsun.zip.disableMemoryMapping=true -Xmx1G -Xms100m -Xlog:disable -javaagent:c:\Users\wuzhe\.vscode\extensions\redhat.java-1.11.0-win32-x64\lombok\lombok-1.18.24.jar 
java_command: c:\Users\wuzhe\.vscode\extensions\redhat.java-1.11.0-win32-x64\server\plugins\org.eclipse.equinox.launcher_1.6.400.v20210924-0641.jar -configuration c:\Users\wuzhe\AppData\Roaming\Code\User\globalStorage\redhat.java\1.11.0\config_ss_win -data c:\Users\wuzhe\AppData\Roaming\Code\User\workspaceStorage\57a35751da7d4463364ea55e45586fe2\redhat.java\ss_ws
java_class_path (initial): c:\Users\wuzhe\.vscode\extensions\redhat.java-1.11.0-win32-x64\server\plugins\org.eclipse.equinox.launcher_1.6.400.v20210924-0641.jar
Launcher Type: SUN_STANDARD

[Global flags]
    uintx AdaptiveSizePolicyWeight                 = 90                                        {product} {command line}
     intx CICompilerCount                          = 3                                         {product} {ergonomic}
    uintx GCTimeRatio                              = 4                                         {product} {command line}
   size_t InitialHeapSize                          = 104857600                                 {product} {command line}
   size_t MaxHeapSize                              = 1073741824                                {product} {command line}
   size_t MaxNewSize                               = 357564416                                 {product} {ergonomic}
   size_t MinHeapDeltaBytes                        = 524288                                    {product} {ergonomic}
   size_t MinHeapSize                              = 104857600                                 {product} {command line}
   size_t NewSize                                  = 34603008                                  {product} {ergonomic}
    uintx NonNMethodCodeHeapSize                   = 5832780                                {pd product} {ergonomic}
    uintx NonProfiledCodeHeapSize                  = 122912730                              {pd product} {ergonomic}
   size_t OldSize                                  = 70254592                                  {product} {ergonomic}
    uintx ProfiledCodeHeapSize                     = 122912730                              {pd product} {ergonomic}
    uintx ReservedCodeCacheSize                    = 251658240                              {pd product} {ergonomic}
     bool SegmentedCodeCache                       = true                                      {product} {ergonomic}
   size_t SoftMaxHeapSize                          = 1073741824                             {manageable} {ergonomic}
     bool UseCompressedClassPointers               = true                           {product lp64_product} {ergonomic}
     bool UseCompressedOops                        = true                           {product lp64_product} {ergonomic}
     bool UseLargePagesIndividualAllocation        = false                                  {pd product} {ergonomic}
     bool UseParallelGC                            = true                                      {product} {command line}

Logging:
Log output configuration:
 #0: stdout all=off uptime,level,tags
 #1: stderr all=off uptime,level,tags

Environment Variables:
PATH=C:\Program Files\Eclipse Foundation\jdk-8.0.302.8-hotspot\bin;C:\Program Files (x86)\Common Files\Oracle\Java\javapath;C:\Program Files\Eclipse Adoptium\jdk-17.0.4.8-hotspot\bin;C:\Windows\system32;C:\Windows;C:\Windows\System32\Wbem;C:\Windows\System32\WindowsPowerShell\v1.0\;C:\Windows\System32\OpenSSH\;C:\Program Files\PuTTY\;C:\Program Files\dotnet\;C:\texlive\2022\bin\win32;C:\Users\wuzhe\AppData\Local\Microsoft\WindowsApps;C:\Users\wuzhe\AppData\Local\Programs\Microsoft VS Code\bin;C:\Users\wuzhe\AppData\Local\GitHubDesktop\bin;C:\Users\wuzhe\.dotnet\tools;C:\texlive\2022\bin\win32
USERNAME=wuzhe
OS=Windows_NT
PROCESSOR_IDENTIFIER=Intel64 Family 6 Model 78 Stepping 3, GenuineIntel
TMP=C:\Users\wuzhe\AppData\Local\Temp
TEMP=C:\Users\wuzhe\AppData\Local\Temp



---------------  S Y S T E M  ---------------

OS:
 Windows 10 , 64 bit Build 19041 (10.0.19041.1889)
OS uptime: 7 days 23:11 hours

CPU: total 4 (initial active 4) (2 cores per cpu, 2 threads per core) family 6 model 78 stepping 3 microcode 0xcc, cx8, cmov, fxsr, ht, mmx, 3dnowpref, sse, sse2, sse3, ssse3, sse4.1, sse4.2, popcnt, lzcnt, tsc, tscinvbit, avx, avx2, aes, erms, clmul, bmi1, bmi2, adx, fma, vzeroupper, clflush, clflushopt

Memory: 4k page, system-wide physical 3979M (112M free)
TotalPageFile size 20363M (AvailPageFile size 17M)
current process WorkingSet (physical memory assigned to process): 111M, peak: 111M
current process commit charge ("private bytes"): 207M, peak: 207M

vm_info: OpenJDK 64-Bit Server VM (17.0.4.1+1) for windows-amd64 JRE (17.0.4.1+1), built on Aug 17 2022 07:42:43 by "temurin" with MS VC++ 16.7 (VS2019)

END.
